#
# There is insufficient memory for the Java Runtime Environment to continue.
# Native memory allocation (mmap) failed to map 356515840 bytes for Failed to commit area from 0x0000000095d00000 to 0x00000000ab100000 of length 356515840.
# Possible reasons:
#   The system is out of physical RAM or swap space
#   The process is running with CompressedOops enabled, and the Java Heap may be blocking the growth of the native heap
# Possible solutions:
#   Reduce memory load on the system
#   Increase physical memory or swap space
#   Check if swap backing store is full
#   Decrease Java heap size (-Xmx/-Xms)
#   Decrease number of Java threads
#   Decrease Java thread stack sizes (-Xss)
#   Set larger code cache with -XX:ReservedCodeCacheSize=
#   JVM is running with Unscaled Compressed Oops mode in which the Java heap is
#     placed in the first 4GB address space. The Java Heap base address is the
#     maximum limit for the native heap growth. Please use -XX:HeapBaseMinAddress
#     to set the Java Heap base and to place the Java Heap above 4GB virtual address.
# This output file may be truncated or incomplete.
#
#  Out of Memory Error (./src/hotspot/os/windows/os_windows.cpp:3619), pid=17876, tid=6720
#
# JRE version: OpenJDK Runtime Environment (11.0.13) (build 11.0.13+0-b1751.21-8125866)
# Java VM: OpenJDK 64-Bit Server VM (11.0.13+0-b1751.21-8125866, mixed mode, tiered, compressed oops, g1 gc, windows-amd64)
# No core dump will be written. Minidumps are not enabled by default on client versions of Windows
#

---------------  S U M M A R Y ------------

Command Line: --add-opens=java.base/java.util=ALL-UNNAMED --add-opens=java.base/java.lang=ALL-UNNAMED --add-opens=java.base/java.lang.invoke=ALL-UNNAMED --add-opens=java.base/java.util=ALL-UNNAMED --add-opens=java.prefs/java.util.prefs=ALL-UNNAMED --add-opens=java.prefs/java.util.prefs=ALL-UNNAMED --add-opens=java.base/java.nio.charset=ALL-UNNAMED --add-opens=java.base/java.net=ALL-UNNAMED --add-opens=java.base/java.util.concurrent.atomic=ALL-UNNAMED -Xmx2048m -Dfile.encoding=UTF-8 -Duser.country=US -Duser.language=en -Duser.variant org.gradle.launcher.daemon.bootstrap.GradleDaemon 7.0.2

Host: AMD Ryzen 7 3750H with Radeon Vega Mobile Gfx  , 8 cores, 9G,  Windows 10 , 64 bit Build 19041 (10.0.19041.2364)
Time: Thu Jan  5 08:57:57 2023 China Standard Time elapsed time: 22.538676 seconds (0d 0h 0m 22s)

---------------  T H R E A D  ---------------

Current thread (0x0000022b911d9000):  VMThread "VM Thread" [stack: 0x000000866ce00000,0x000000866cf00000] [id=6720]

Stack: [0x000000866ce00000,0x000000866cf00000]
[error occurred during error reporting (printing stack bounds), id 0xc0000005, EXCEPTION_ACCESS_VIOLATION (0xc0000005) at pc=0x0000022b8000112d]

Native frames: (J=compiled Java code, j=interpreted, Vv=VM code, C=native code)
V  [jvm.dll+0x6100fa]
V  [jvm.dll+0x747090]
V  [jvm.dll+0x7486ad]
V  [jvm.dll+0x748ce5]
V  [jvm.dll+0x748c9b]
V  [jvm.dll+0x60f224]
V  [jvm.dll+0x60f9b8]
C  [ntdll.dll+0xa241f]
C  [ntdll.dll+0x514a4]
C  [ntdll.dll+0xa0f4e]
C  0x0000022b8000112d

VM_Operation (0x000000866fff8970): G1CollectForAllocation, mode: safepoint, requested by thread 0x0000022b9502c000


---------------  P R O C E S S  ---------------

Threads class SMR info:
_java_thread_list=0x0000022b9b5be600, length=65, elements={
0x0000022bf6b7c800, 0x0000022b911eb800, 0x0000022b911da000, 0x0000022b91a5c800,
0x0000022b91a5d800, 0x0000022b91a64800, 0x0000022b91a70000, 0x0000022b91a72000,
0x0000022b91a7c800, 0x0000022b91bf4000, 0x0000022b9418f800, 0x0000022b93990000,
0x0000022b9346e800, 0x0000022b93939800, 0x0000022b94766800, 0x0000022b93bb4000,
0x0000022b93874000, 0x0000022b93fc8000, 0x0000022b93fc9000, 0x0000022b93ac3000,
0x0000022b94342800, 0x0000022b94346800, 0x0000022b94345800, 0x0000022b91a73000,
0x0000022b94345000, 0x0000022b94341800, 0x0000022b94343000, 0x0000022b94344000,
0x0000022b94340800, 0x0000022b94347000, 0x0000022b95023000, 0x0000022b95022800,
0x0000022b95024800, 0x0000022b95025800, 0x0000022b95026800, 0x0000022b95027000,
0x0000022b95024000, 0x0000022b9502d000, 0x0000022b9502f800, 0x0000022b9502c000,
0x0000022b95030000, 0x0000022b9502a800, 0x0000022b95031000, 0x0000022b9502b800,
0x0000022b9502d800, 0x0000022b9502e800, 0x0000022b970d9000, 0x0000022b970da000,
0x0000022b970da800, 0x0000022b970db800, 0x0000022b91a75800, 0x0000022b970dc800,
0x0000022b970d7800, 0x0000022b970de000, 0x0000022b970d8000, 0x0000022b970e3800,
0x0000022b970e0800, 0x0000022b970de800, 0x0000022b970e1000, 0x0000022b970e2000,
0x0000022b970e3000, 0x0000022b970e4800, 0x0000022b970e5800, 0x0000022b970df800,
0x0000022ba0a7f000
}

Java Threads: ( => current thread )
  0x0000022bf6b7c800 JavaThread "main" [_thread_blocked, id=18160, stack(0x000000866c800000,0x000000866c900000)]
  0x0000022b911eb800 JavaThread "Reference Handler" daemon [_thread_blocked, id=16200, stack(0x000000866cf00000,0x000000866d000000)]
  0x0000022b911da000 JavaThread "Finalizer" daemon [_thread_blocked, id=15836, stack(0x000000866d000000,0x000000866d100000)]
  0x0000022b91a5c800 JavaThread "Signal Dispatcher" daemon [_thread_blocked, id=11816, stack(0x000000866d100000,0x000000866d200000)]
  0x0000022b91a5d800 JavaThread "Attach Listener" daemon [_thread_blocked, id=9492, stack(0x000000866d200000,0x000000866d300000)]
  0x0000022b91a64800 JavaThread "Service Thread" daemon [_thread_blocked, id=4680, stack(0x000000866d300000,0x000000866d400000)]
  0x0000022b91a70000 JavaThread "C2 CompilerThread0" daemon [_thread_in_native, id=18904, stack(0x000000866d400000,0x000000866d500000)]
  0x0000022b91a72000 JavaThread "C1 CompilerThread0" daemon [_thread_blocked, id=7948, stack(0x000000866d500000,0x000000866d600000)]
  0x0000022b91a7c800 JavaThread "Sweeper thread" daemon [_thread_blocked, id=2968, stack(0x000000866d600000,0x000000866d700000)]
  0x0000022b91bf4000 JavaThread "Common-Cleaner" daemon [_thread_blocked, id=12208, stack(0x000000866d700000,0x000000866d800000)]
  0x0000022b9418f800 JavaThread "Daemon health stats" [_thread_blocked, id=15812, stack(0x000000866dd00000,0x000000866de00000)]
  0x0000022b93990000 JavaThread "Incoming local TCP Connector on port 64351" [_thread_in_native, id=13536, stack(0x000000866d900000,0x000000866da00000)]
  0x0000022b9346e800 JavaThread "Daemon periodic checks" [_thread_blocked, id=8356, stack(0x000000866da00000,0x000000866db00000)]
  0x0000022b93939800 JavaThread "Daemon" [_thread_blocked, id=992, stack(0x000000866de00000,0x000000866df00000)]
  0x0000022b94766800 JavaThread "Handler for socket connection from /127.0.0.1:64351 to /127.0.0.1:64352" [_thread_in_native, id=19904, stack(0x000000866df00000,0x000000866e000000)]
  0x0000022b93bb4000 JavaThread "Cancel handler" [_thread_blocked, id=10848, stack(0x000000866e000000,0x000000866e100000)]
  0x0000022b93874000 JavaThread "Daemon worker" [_thread_blocked, id=8572, stack(0x000000866e100000,0x000000866e200000)]
  0x0000022b93fc8000 JavaThread "Asynchronous log dispatcher for DefaultDaemonConnection: socket connection from /127.0.0.1:64351 to /127.0.0.1:64352" [_thread_blocked, id=19044, stack(0x000000866e200000,0x000000866e300000)]
  0x0000022b93fc9000 JavaThread "Stdin handler" [_thread_blocked, id=6860, stack(0x000000866e300000,0x000000866e400000)]
  0x0000022b93ac3000 JavaThread "Daemon client event forwarder" [_thread_blocked, id=544, stack(0x000000866e400000,0x000000866e500000)]
  0x0000022b94342800 JavaThread "Cache worker for file hash cache (C:\Users\User\.gradle\caches\7.0.2\fileHashes)" [_thread_blocked, id=13356, stack(0x000000866ea00000,0x000000866eb00000)]
  0x0000022b94346800 JavaThread "File lock request listener" [_thread_in_native, id=18024, stack(0x000000866eb00000,0x000000866ec00000)]
  0x0000022b94345800 JavaThread "Cache worker for journal cache (C:\Users\User\.gradle\caches\journal-1)" [_thread_blocked, id=10088, stack(0x000000866ed00000,0x000000866ee00000)]
  0x0000022b91a73000 JavaThread "C2 CompilerThread1" daemon [_thread_blocked, id=17988, stack(0x000000866ee00000,0x000000866ef00000)]
  0x0000022b94345000 JavaThread "Cache worker for file hash cache (C:\Users\User\StudioProjects\AndroidEatit\.gradle\7.0.2\fileHashes)" [_thread_blocked, id=4888, stack(0x000000866ef00000,0x000000866f000000)]
  0x0000022b94341800 JavaThread "File watcher server" daemon [_thread_blocked, id=12032, stack(0x000000866f000000,0x000000866f100000)]
  0x0000022b94343000 JavaThread "File watcher consumer" daemon [_thread_blocked, id=12792, stack(0x000000866f100000,0x000000866f200000)]
  0x0000022b94344000 JavaThread "Cache worker for checksums cache (C:\Users\User\StudioProjects\AndroidEatit\.gradle\checksums)" [_thread_blocked, id=14568, stack(0x000000866f200000,0x000000866f300000)]
  0x0000022b94340800 JavaThread "Cache worker for cache directory md-supplier (C:\Users\User\.gradle\caches\7.0.2\md-supplier)" [_thread_blocked, id=11744, stack(0x000000866f300000,0x000000866f400000)]
  0x0000022b94347000 JavaThread "Cache worker for cache directory md-rule (C:\Users\User\.gradle\caches\7.0.2\md-rule)" [_thread_blocked, id=15352, stack(0x000000866f500000,0x000000866f600000)]
  0x0000022b95023000 JavaThread "Cache worker for execution history cache (C:\Users\User\.gradle\caches\7.0.2\executionHistory)" [_thread_blocked, id=11548, stack(0x000000866f600000,0x000000866f700000)]
  0x0000022b95022800 JavaThread "jar transforms" [_thread_blocked, id=15796, stack(0x000000866f700000,0x000000866f800000)]
  0x0000022b95024800 JavaThread "jar transforms Thread 2" [_thread_blocked, id=19876, stack(0x000000866f800000,0x000000866f900000)]
  0x0000022b95025800 JavaThread "Cache worker for file content cache (C:\Users\User\.gradle\caches\7.0.2\fileContent)" [_thread_blocked, id=6564, stack(0x000000866f900000,0x000000866fa00000)]
  0x0000022b95026800 JavaThread "Cache worker for dependencies-accessors (C:\Users\User\StudioProjects\AndroidEatit\.gradle\7.0.2\dependencies-accessors)" [_thread_blocked, id=8296, stack(0x000000866fa00000,0x000000866fb00000)]
  0x0000022b95027000 JavaThread "jar transforms Thread 3" [_thread_blocked, id=1004, stack(0x000000866fb00000,0x000000866fc00000)]
  0x0000022b95024000 JavaThread "Cache worker for Build Output Cleanup Cache (C:\Users\User\StudioProjects\AndroidEatit\.gradle\buildOutputCleanup)" [_thread_blocked, id=17300, stack(0x000000866fc00000,0x000000866fd00000)]
  0x0000022b9502d000 JavaThread "Build operations" [_thread_blocked, id=13780, stack(0x000000866fd00000,0x000000866fe00000)]
  0x0000022b9502f800 JavaThread "Build operations Thread 2" [_thread_blocked, id=14828, stack(0x000000866fe00000,0x000000866ff00000)]
  0x0000022b9502c000 JavaThread "Build operations Thread 3" [_thread_blocked, id=18708, stack(0x000000866ff00000,0x0000008670000000)]
  0x0000022b95030000 JavaThread "Build operations Thread 4" [_thread_blocked, id=1232, stack(0x0000008670000000,0x0000008670100000)]
  0x0000022b9502a800 JavaThread "Build operations Thread 5" [_thread_blocked, id=1680, stack(0x0000008670100000,0x0000008670200000)]
  0x0000022b95031000 JavaThread "Build operations Thread 6" [_thread_blocked, id=10512, stack(0x0000008670200000,0x0000008670300000)]
  0x0000022b9502b800 JavaThread "Build operations Thread 7" [_thread_blocked, id=15388, stack(0x0000008670300000,0x0000008670400000)]
  0x0000022b9502d800 JavaThread "Build operations Thread 8" [_thread_blocked, id=5052, stack(0x0000008670400000,0x0000008670500000)]
  0x0000022b9502e800 JavaThread "jar transforms Thread 4" [_thread_blocked, id=17724, stack(0x0000008670500000,0x0000008670600000)]
  0x0000022b970d9000 JavaThread "jar transforms Thread 5" [_thread_blocked, id=19328, stack(0x0000008670600000,0x0000008670700000)]
  0x0000022b970da000 JavaThread "jar transforms Thread 6" [_thread_blocked, id=20196, stack(0x0000008670700000,0x0000008670800000)]
  0x0000022b970da800 JavaThread "jar transforms Thread 7" [_thread_blocked, id=6864, stack(0x0000008670800000,0x0000008670900000)]
  0x0000022b970db800 JavaThread "jar transforms Thread 8" [_thread_blocked, id=14972, stack(0x0000008670900000,0x0000008670a00000)]
  0x0000022b91a75800 JavaThread "C2 CompilerThread2" daemon [_thread_in_native, id=17212, stack(0x000000866f400000,0x000000866f500000)]
  0x0000022b970dc800 JavaThread "Memory manager" [_thread_blocked, id=14376, stack(0x0000008670a00000,0x0000008670b00000)]
  0x0000022b970d7800 JavaThread "build event listener" [_thread_blocked, id=8376, stack(0x0000008670b00000,0x0000008670c00000)]
  0x0000022b970de000 JavaThread "Execution worker for ':'" [_thread_blocked, id=19008, stack(0x0000008670c00000,0x0000008670d00000)]
  0x0000022b970d8000 JavaThread "Execution worker for ':' Thread 2" [_thread_blocked, id=9860, stack(0x0000008670d00000,0x0000008670e00000)]
  0x0000022b970e3800 JavaThread "Execution worker for ':' Thread 3" [_thread_blocked, id=12456, stack(0x0000008670e00000,0x0000008670f00000)]
  0x0000022b970e0800 JavaThread "Execution worker for ':' Thread 4" [_thread_blocked, id=14124, stack(0x0000008670f00000,0x0000008671000000)]
  0x0000022b970de800 JavaThread "Execution worker for ':' Thread 5" [_thread_blocked, id=19924, stack(0x0000008671000000,0x0000008671100000)]
  0x0000022b970e1000 JavaThread "Execution worker for ':' Thread 6" [_thread_blocked, id=2788, stack(0x0000008671100000,0x0000008671200000)]
  0x0000022b970e2000 JavaThread "Execution worker for ':' Thread 7" [_thread_blocked, id=14976, stack(0x0000008671200000,0x0000008671300000)]
  0x0000022b970e3000 JavaThread "Cache worker for execution history cache (C:\Users\User\StudioProjects\AndroidEatit\.gradle\7.0.2\executionHistory)" [_thread_blocked, id=19760, stack(0x0000008671300000,0x0000008671400000)]
  0x0000022b970e4800 JavaThread "WorkerExecutor Queue" [_thread_blocked, id=12644, stack(0x0000008671400000,0x0000008671500000)]
  0x0000022b970e5800 JavaThread "pool-3-thread-1" [_thread_blocked, id=15964, stack(0x0000008671500000,0x0000008671600000)]
  0x0000022b970df800 JavaThread "stderr" [_thread_in_native, id=19012, stack(0x0000008671600000,0x0000008671700000)]
  0x0000022ba0a7f000 JavaThread "stdout" [_thread_in_native, id=8872, stack(0x0000008671700000,0x0000008671800000)]

Other Threads:
=>0x0000022b911d9000 VMThread "VM Thread" [stack: 0x000000866ce00000,0x000000866cf00000] [id=6720]
  0x0000022b91bf9800 WatcherThread [stack: 0x000000866d800000,0x000000866d900000] [id=11488]
  0x0000022bf6b96000 GCTaskThread "GC Thread#0" [stack: 0x000000866c900000,0x000000866ca00000] [id=4440]
  0x0000022b923eb800 GCTaskThread "GC Thread#1" [stack: 0x000000866db00000,0x000000866dc00000] [id=8080]
  0x0000022b92de2000 GCTaskThread "GC Thread#2" [stack: 0x000000866dc00000,0x000000866dd00000] [id=2456]
  0x0000022b935b9000 GCTaskThread "GC Thread#3" [stack: 0x000000866e500000,0x000000866e600000] [id=7180]
  0x0000022b94c2e800 GCTaskThread "GC Thread#4" [stack: 0x000000866e600000,0x000000866e700000] [id=11320]
  0x0000022b92750000 GCTaskThread "GC Thread#5" [stack: 0x000000866e700000,0x000000866e800000] [id=19420]
  0x0000022b9423e800 GCTaskThread "GC Thread#6" [stack: 0x000000866e800000,0x000000866e900000] [id=5720]
  0x0000022b93da1000 GCTaskThread "GC Thread#7" [stack: 0x000000866e900000,0x000000866ea00000] [id=8816]
  0x0000022bf6bc8000 ConcurrentGCThread "G1 Main Marker" [stack: 0x000000866ca00000,0x000000866cb00000] [id=7108]
  0x0000022bf6bc9000 ConcurrentGCThread "G1 Conc#0" [stack: 0x000000866cb00000,0x000000866cc00000] [id=19568]
  0x0000022b9475a800 ConcurrentGCThread "G1 Conc#1" [stack: 0x000000866ec00000,0x000000866ed00000] [id=8988]
  0x0000022b9102a800 ConcurrentGCThread "G1 Refine#0" [stack: 0x000000866cc00000,0x000000866cd00000] [id=11776]
  0x0000022b9102b000 ConcurrentGCThread "G1 Young RemSet Sampling" [stack: 0x000000866cd00000,0x000000866ce00000] [id=18972]

Threads with active compile tasks:
C2 CompilerThread0  22570 13663       4       com.android.tools.r8.internal.E7::j (627 bytes)
C1 CompilerThread0  22570 13914       3       com.android.tools.r8.internal.ja::a (1420 bytes)
C2 CompilerThread1  22570 13559       4       com.android.tools.r8.internal.Lv::a (455 bytes)
C2 CompilerThread2  22570 13576 %     4       com.android.tools.r8.internal.T6::a @ 2560 (6044 bytes)

VM state:at safepoint (normal execution)

VM Mutex/Monitor currently owned by a thread:  ([mutex/lock_event])
[0x0000022bf6b78690] Threads_lock - owner thread: 0x0000022b911d9000
[0x0000022bf6b78de0] Heap_lock - owner thread: 0x0000022b9502c000

Heap address: 0x0000000080000000, size: 2048 MB, Compressed Oops mode: 32-bit
Narrow klass base: 0x0000000000000000, Narrow klass shift: 3
Compressed class space size: 1073741824 Address: 0x0000000100000000

Heap:
 garbage-first heap   total 705536K, used 167509K [0x0000000080000000, 0x0000000100000000)
  region size 1024K, 11 young (11264K), 11 survivors (11264K)
 Metaspace       used 100093K, capacity 103616K, committed 103760K, reserved 1138688K
  class space    used 13257K, capacity 14675K, committed 14720K, reserved 1048576K
Heap Regions: E=young(eden), S=young(survivor), O=old, HS=humongous(starts), HC=humongous(continues), CS=collection set, F=free, A=archive, TAMS=top-at-mark-start (previous, next)
|   0|0x0000000080000000, 0x0000000080100000, 0x0000000080100000|100%| O|  |TAMS 0x0000000080100000, 0x0000000080000000| Untracked 
|   1|0x0000000080100000, 0x0000000080200000, 0x0000000080200000|100%| O|  |TAMS 0x0000000080200000, 0x0000000080100000| Untracked 
|   2|0x0000000080200000, 0x0000000080300000, 0x0000000080300000|100%| O|  |TAMS 0x0000000080300000, 0x0000000080200000| Untracked 
|   3|0x0000000080300000, 0x0000000080400000, 0x0000000080400000|100%|HS|  |TAMS 0x0000000080400000, 0x0000000080300000| Complete 
|   4|0x0000000080400000, 0x0000000080500000, 0x0000000080500000|100%|HC|  |TAMS 0x0000000080500000, 0x0000000080400000| Complete 
|   5|0x0000000080500000, 0x0000000080600000, 0x0000000080600000|100%|HC|  |TAMS 0x0000000080600000, 0x0000000080500000| Complete 
|   6|0x0000000080600000, 0x0000000080700000, 0x0000000080700000|100%| O|  |TAMS 0x0000000080700000, 0x0000000080600000| Untracked 
|   7|0x0000000080700000, 0x0000000080800000, 0x0000000080800000|100%| O|  |TAMS 0x0000000080800000, 0x0000000080700000| Untracked 
|   8|0x0000000080800000, 0x0000000080900000, 0x0000000080900000|100%| O|  |TAMS 0x0000000080900000, 0x0000000080800000| Untracked 
|   9|0x0000000080900000, 0x0000000080a00000, 0x0000000080a00000|100%| O|  |TAMS 0x0000000080a00000, 0x0000000080900000| Untracked 
|  10|0x0000000080a00000, 0x0000000080b00000, 0x0000000080b00000|100%| O|  |TAMS 0x0000000080b00000, 0x0000000080a00000| Untracked 
|  11|0x0000000080b00000, 0x0000000080c00000, 0x0000000080c00000|100%| O|  |TAMS 0x0000000080c00000, 0x0000000080b00000| Untracked 
|  12|0x0000000080c00000, 0x0000000080d00000, 0x0000000080d00000|100%| O|  |TAMS 0x0000000080d00000, 0x0000000080c00000| Untracked 
|  13|0x0000000080d00000, 0x0000000080e00000, 0x0000000080e00000|100%| O|  |TAMS 0x0000000080e00000, 0x0000000080d00000| Untracked 
|  14|0x0000000080e00000, 0x0000000080f00000, 0x0000000080f00000|100%| O|  |TAMS 0x0000000080f00000, 0x0000000080e00000| Untracked 
|  15|0x0000000080f00000, 0x0000000081000000, 0x0000000081000000|100%| O|  |TAMS 0x0000000081000000, 0x0000000080f00000| Untracked 
|  16|0x0000000081000000, 0x0000000081100000, 0x0000000081100000|100%|HS|  |TAMS 0x0000000081100000, 0x0000000081000000| Complete 
|  17|0x0000000081100000, 0x0000000081200000, 0x0000000081200000|100%| O|  |TAMS 0x0000000081200000, 0x0000000081100000| Untracked 
|  18|0x0000000081200000, 0x0000000081300000, 0x0000000081300000|100%| O|  |TAMS 0x0000000081300000, 0x0000000081200000| Untracked 
|  19|0x0000000081300000, 0x0000000081400000, 0x0000000081400000|100%| O|  |TAMS 0x0000000081400000, 0x0000000081300000| Untracked 
|  20|0x0000000081400000, 0x0000000081500000, 0x0000000081500000|100%| O|  |TAMS 0x0000000081500000, 0x0000000081400000| Untracked 
|  21|0x0000000081500000, 0x0000000081600000, 0x0000000081600000|100%| O|  |TAMS 0x0000000081600000, 0x0000000081500000| Untracked 
|  22|0x0000000081600000, 0x0000000081700000, 0x0000000081700000|100%| O|  |TAMS 0x0000000081700000, 0x0000000081600000| Untracked 
|  23|0x0000000081700000, 0x0000000081800000, 0x0000000081800000|100%|HS|  |TAMS 0x0000000081800000, 0x0000000081700000| Complete 
|  24|0x0000000081800000, 0x0000000081900000, 0x0000000081900000|100%|HS|  |TAMS 0x0000000081900000, 0x0000000081800000| Complete 
|  25|0x0000000081900000, 0x0000000081a00000, 0x0000000081a00000|100%|HC|  |TAMS 0x0000000081a00000, 0x0000000081900000| Complete 
|  26|0x0000000081a00000, 0x0000000081b00000, 0x0000000081b00000|100%| O|  |TAMS 0x0000000081b00000, 0x0000000081a00000| Untracked 
|  27|0x0000000081b00000, 0x0000000081c00000, 0x0000000081c00000|100%| O|  |TAMS 0x0000000081c00000, 0x0000000081b00000| Untracked 
|  28|0x0000000081c00000, 0x0000000081d00000, 0x0000000081d00000|100%| O|  |TAMS 0x0000000081d00000, 0x0000000081c00000| Untracked 
|  29|0x0000000081d00000, 0x0000000081e00000, 0x0000000081e00000|100%| O|  |TAMS 0x0000000081e00000, 0x0000000081d00000| Untracked 
|  30|0x0000000081e00000, 0x0000000081f00000, 0x0000000081f00000|100%| O|  |TAMS 0x0000000081e00000, 0x0000000081e00000| Untracked 
|  31|0x0000000081f00000, 0x0000000082000000, 0x0000000082000000|100%| O|  |TAMS 0x0000000082000000, 0x0000000081f00000| Untracked 
|  32|0x0000000082000000, 0x0000000082100000, 0x0000000082100000|100%| O|  |TAMS 0x0000000082100000, 0x0000000082000000| Untracked 
|  33|0x0000000082100000, 0x0000000082200000, 0x0000000082200000|100%| O|  |TAMS 0x0000000082200000, 0x0000000082100000| Untracked 
|  34|0x0000000082200000, 0x0000000082300000, 0x0000000082300000|100%| O|  |TAMS 0x0000000082300000, 0x0000000082200000| Untracked 
|  35|0x0000000082300000, 0x0000000082400000, 0x0000000082400000|100%| O|  |TAMS 0x0000000082400000, 0x0000000082300000| Untracked 
|  36|0x0000000082400000, 0x0000000082500000, 0x0000000082500000|100%| O|  |TAMS 0x0000000082500000, 0x0000000082400000| Untracked 
|  37|0x0000000082500000, 0x0000000082600000, 0x0000000082600000|100%| O|  |TAMS 0x0000000082600000, 0x0000000082500000| Untracked 
|  38|0x0000000082600000, 0x0000000082700000, 0x0000000082700000|100%| O|  |TAMS 0x0000000082700000, 0x0000000082600000| Untracked 
|  39|0x0000000082700000, 0x0000000082800000, 0x0000000082800000|100%| O|  |TAMS 0x0000000082800000, 0x0000000082700000| Untracked 
|  40|0x0000000082800000, 0x0000000082900000, 0x0000000082900000|100%| O|  |TAMS 0x0000000082900000, 0x0000000082800000| Untracked 
|  41|0x0000000082900000, 0x0000000082a00000, 0x0000000082a00000|100%| O|  |TAMS 0x0000000082a00000, 0x0000000082900000| Untracked 
|  42|0x0000000082a00000, 0x0000000082b00000, 0x0000000082b00000|100%| O|  |TAMS 0x0000000082b00000, 0x0000000082a00000| Untracked 
|  43|0x0000000082b00000, 0x0000000082c00000, 0x0000000082c00000|100%| O|  |TAMS 0x0000000082c00000, 0x0000000082b00000| Untracked 
|  44|0x0000000082c00000, 0x0000000082d00000, 0x0000000082d00000|100%| O|  |TAMS 0x0000000082d00000, 0x0000000082c00000| Untracked 
|  45|0x0000000082d00000, 0x0000000082e00000, 0x0000000082e00000|100%| O|  |TAMS 0x0000000082e00000, 0x0000000082d00000| Untracked 
|  46|0x0000000082e00000, 0x0000000082f00000, 0x0000000082f00000|100%| O|  |TAMS 0x0000000082f00000, 0x0000000082e00000| Untracked 
|  47|0x0000000082f00000, 0x0000000083000000, 0x0000000083000000|100%| O|  |TAMS 0x0000000083000000, 0x0000000082f00000| Untracked 
|  48|0x0000000083000000, 0x0000000083100000, 0x0000000083100000|100%| O|  |TAMS 0x0000000083100000, 0x0000000083000000| Untracked 
|  49|0x0000000083100000, 0x0000000083200000, 0x0000000083200000|100%| O|  |TAMS 0x0000000083200000, 0x0000000083100000| Untracked 
|  50|0x0000000083200000, 0x0000000083300000, 0x0000000083300000|100%| O|  |TAMS 0x0000000083300000, 0x0000000083200000| Untracked 
|  51|0x0000000083300000, 0x0000000083400000, 0x0000000083400000|100%| O|  |TAMS 0x0000000083400000, 0x0000000083300000| Untracked 
|  52|0x0000000083400000, 0x0000000083500000, 0x0000000083500000|100%| O|  |TAMS 0x0000000083500000, 0x0000000083400000| Untracked 
|  53|0x0000000083500000, 0x0000000083600000, 0x0000000083600000|100%| O|  |TAMS 0x0000000083600000, 0x0000000083500000| Untracked 
|  54|0x0000000083600000, 0x0000000083700000, 0x0000000083700000|100%| O|  |TAMS 0x0000000083700000, 0x0000000083600000| Untracked 
|  55|0x0000000083700000, 0x0000000083800000, 0x0000000083800000|100%| O|  |TAMS 0x0000000083800000, 0x0000000083700000| Untracked 
|  56|0x0000000083800000, 0x0000000083900000, 0x0000000083900000|100%| O|  |TAMS 0x0000000083900000, 0x0000000083800000| Untracked 
|  57|0x0000000083900000, 0x0000000083a00000, 0x0000000083a00000|100%| O|  |TAMS 0x0000000083a00000, 0x0000000083900000| Untracked 
|  58|0x0000000083a00000, 0x0000000083b00000, 0x0000000083b00000|100%| O|  |TAMS 0x0000000083b00000, 0x0000000083a00000| Untracked 
|  59|0x0000000083b00000, 0x0000000083c00000, 0x0000000083c00000|100%| O|  |TAMS 0x0000000083c00000, 0x0000000083b00000| Untracked 
|  60|0x0000000083c00000, 0x0000000083d00000, 0x0000000083d00000|100%| O|  |TAMS 0x0000000083d00000, 0x0000000083c00000| Untracked 
|  61|0x0000000083d00000, 0x0000000083e00000, 0x0000000083e00000|100%| O|  |TAMS 0x0000000083e00000, 0x0000000083d00000| Untracked 
|  62|0x0000000083e00000, 0x0000000083f00000, 0x0000000083f00000|100%| O|  |TAMS 0x0000000083f00000, 0x0000000083e00000| Untracked 
|  63|0x0000000083f00000, 0x0000000084000000, 0x0000000084000000|100%| O|  |TAMS 0x0000000084000000, 0x0000000083f00000| Untracked 
|  64|0x0000000084000000, 0x0000000084100000, 0x0000000084100000|100%| O|  |TAMS 0x0000000084100000, 0x0000000084000000| Untracked 
|  65|0x0000000084100000, 0x0000000084200000, 0x0000000084200000|100%| O|  |TAMS 0x0000000084200000, 0x0000000084100000| Untracked 
|  66|0x0000000084200000, 0x0000000084300000, 0x0000000084300000|100%| O|  |TAMS 0x0000000084300000, 0x0000000084200000| Untracked 
|  67|0x0000000084300000, 0x0000000084400000, 0x0000000084400000|100%| O|  |TAMS 0x0000000084400000, 0x0000000084300000| Untracked 
|  68|0x0000000084400000, 0x0000000084500000, 0x0000000084500000|100%| O|  |TAMS 0x0000000084500000, 0x0000000084400000| Untracked 
|  69|0x0000000084500000, 0x0000000084600000, 0x0000000084600000|100%| O|  |TAMS 0x0000000084600000, 0x0000000084500000| Untracked 
|  70|0x0000000084600000, 0x0000000084700000, 0x0000000084700000|100%| O|  |TAMS 0x0000000084700000, 0x0000000084600000| Untracked 
|  71|0x0000000084700000, 0x0000000084800000, 0x0000000084800000|100%| O|  |TAMS 0x0000000084700000, 0x0000000084700000| Untracked 
|  72|0x0000000084800000, 0x0000000084900000, 0x0000000084900000|100%| O|  |TAMS 0x0000000084900000, 0x0000000084800000| Untracked 
|  73|0x0000000084900000, 0x0000000084a00000, 0x0000000084a00000|100%| O|  |TAMS 0x0000000084a00000, 0x0000000084900000| Untracked 
|  74|0x0000000084a00000, 0x0000000084b00000, 0x0000000084b00000|100%| O|  |TAMS 0x0000000084b00000, 0x0000000084a00000| Untracked 
|  75|0x0000000084b00000, 0x0000000084c00000, 0x0000000084c00000|100%| O|  |TAMS 0x0000000084c00000, 0x0000000084b00000| Untracked 
|  76|0x0000000084c00000, 0x0000000084d00000, 0x0000000084d00000|100%| O|  |TAMS 0x0000000084d00000, 0x0000000084c00000| Untracked 
|  77|0x0000000084d00000, 0x0000000084e00000, 0x0000000084e00000|100%| O|  |TAMS 0x0000000084e00000, 0x0000000084d00000| Untracked 
|  78|0x0000000084e00000, 0x0000000084f00000, 0x0000000084f00000|100%| O|  |TAMS 0x0000000084f00000, 0x0000000084e00000| Untracked 
|  79|0x0000000084f00000, 0x0000000085000000, 0x0000000085000000|100%| O|  |TAMS 0x0000000085000000, 0x0000000084f00000| Untracked 
|  80|0x0000000085000000, 0x0000000085100000, 0x0000000085100000|100%|HS|  |TAMS 0x0000000085100000, 0x0000000085000000| Complete 
|  81|0x0000000085100000, 0x0000000085200000, 0x0000000085200000|100%|HC|  |TAMS 0x0000000085200000, 0x0000000085100000| Complete 
|  82|0x0000000085200000, 0x0000000085300000, 0x0000000085300000|100%| O|  |TAMS 0x0000000085300000, 0x0000000085200000| Untracked 
|  83|0x0000000085300000, 0x0000000085400000, 0x0000000085400000|100%| O|  |TAMS 0x0000000085400000, 0x0000000085300000| Untracked 
|  84|0x0000000085400000, 0x0000000085500000, 0x0000000085500000|100%| O|  |TAMS 0x0000000085500000, 0x0000000085400000| Untracked 
|  85|0x0000000085500000, 0x0000000085600000, 0x0000000085600000|100%| O|  |TAMS 0x0000000085600000, 0x0000000085500000| Untracked 
|  86|0x0000000085600000, 0x0000000085700000, 0x0000000085700000|100%| O|  |TAMS 0x0000000085700000, 0x0000000085600000| Untracked 
|  87|0x0000000085700000, 0x0000000085800000, 0x0000000085800000|100%| O|  |TAMS 0x0000000085800000, 0x0000000085700000| Untracked 
|  88|0x0000000085800000, 0x0000000085900000, 0x0000000085900000|100%| O|  |TAMS 0x0000000085900000, 0x0000000085800000| Untracked 
|  89|0x0000000085900000, 0x0000000085a00000, 0x0000000085a00000|100%| O|  |TAMS 0x0000000085a00000, 0x0000000085900000| Untracked 
|  90|0x0000000085a00000, 0x0000000085b00000, 0x0000000085b00000|100%| O|  |TAMS 0x0000000085b00000, 0x0000000085a00000| Untracked 
|  91|0x0000000085b00000, 0x0000000085c00000, 0x0000000085c00000|100%| O|  |TAMS 0x0000000085c00000, 0x0000000085b00000| Untracked 
|  92|0x0000000085c00000, 0x0000000085d00000, 0x0000000085d00000|100%| O|  |TAMS 0x0000000085d00000, 0x0000000085c00000| Untracked 
|  93|0x0000000085d00000, 0x0000000085e00000, 0x0000000085e00000|100%| O|  |TAMS 0x0000000085e00000, 0x0000000085d00000| Untracked 
|  94|0x0000000085e00000, 0x0000000085f00000, 0x0000000085f00000|100%| O|  |TAMS 0x0000000085f00000, 0x0000000085e00000| Untracked 
|  95|0x0000000085f00000, 0x0000000086000000, 0x0000000086000000|100%| O|  |TAMS 0x0000000086000000, 0x0000000085f00000| Untracked 
|  96|0x0000000086000000, 0x0000000086100000, 0x0000000086100000|100%| O|  |TAMS 0x0000000086100000, 0x0000000086000000| Untracked 
|  97|0x0000000086100000, 0x0000000086200000, 0x0000000086200000|100%| O|  |TAMS 0x0000000086200000, 0x0000000086100000| Untracked 
|  98|0x0000000086200000, 0x0000000086300000, 0x0000000086300000|100%| O|  |TAMS 0x0000000086300000, 0x0000000086200000| Untracked 
|  99|0x0000000086300000, 0x0000000086400000, 0x0000000086400000|100%| O|  |TAMS 0x0000000086400000, 0x0000000086300000| Untracked 
| 100|0x0000000086400000, 0x0000000086500000, 0x0000000086500000|100%| O|  |TAMS 0x0000000086500000, 0x0000000086400000| Untracked 
| 101|0x0000000086500000, 0x0000000086600000, 0x0000000086600000|100%| O|  |TAMS 0x0000000086600000, 0x0000000086500000| Untracked 
| 102|0x0000000086600000, 0x0000000086700000, 0x0000000086700000|100%| O|  |TAMS 0x0000000086700000, 0x0000000086600000| Untracked 
| 103|0x0000000086700000, 0x0000000086800000, 0x0000000086800000|100%| O|  |TAMS 0x0000000086800000, 0x0000000086700000| Untracked 
| 104|0x0000000086800000, 0x0000000086900000, 0x0000000086900000|100%| O|  |TAMS 0x0000000086800000, 0x0000000086800000| Untracked 
| 105|0x0000000086900000, 0x0000000086a00000, 0x0000000086a00000|100%| O|  |TAMS 0x0000000086a00000, 0x0000000086900000| Untracked 
| 106|0x0000000086a00000, 0x0000000086b00000, 0x0000000086b00000|100%| O|  |TAMS 0x0000000086b00000, 0x0000000086a00000| Untracked 
| 107|0x0000000086b00000, 0x0000000086c00000, 0x0000000086c00000|100%| O|  |TAMS 0x0000000086c00000, 0x0000000086b00000| Untracked 
| 108|0x0000000086c00000, 0x0000000086d00000, 0x0000000086d00000|100%| O|  |TAMS 0x0000000086d00000, 0x0000000086c00000| Untracked 
| 109|0x0000000086d00000, 0x0000000086e00000, 0x0000000086e00000|100%| O|  |TAMS 0x0000000086e00000, 0x0000000086d00000| Untracked 
| 110|0x0000000086e00000, 0x0000000086f00000, 0x0000000086f00000|100%| O|  |TAMS 0x0000000086f00000, 0x0000000086e00000| Untracked 
| 111|0x0000000086f00000, 0x0000000087000000, 0x0000000087000000|100%| O|  |TAMS 0x0000000087000000, 0x0000000086f00000| Untracked 
| 112|0x0000000087000000, 0x0000000087100000, 0x0000000087100000|100%| O|  |TAMS 0x0000000087100000, 0x0000000087000000| Untracked 
| 113|0x0000000087100000, 0x0000000087200000, 0x0000000087200000|100%| O|  |TAMS 0x0000000087200000, 0x0000000087100000| Untracked 
| 114|0x0000000087200000, 0x0000000087300000, 0x0000000087300000|100%| O|  |TAMS 0x0000000087300000, 0x0000000087200000| Untracked 
| 115|0x0000000087300000, 0x0000000087400000, 0x0000000087400000|100%| O|  |TAMS 0x0000000087400000, 0x0000000087300000| Untracked 
| 116|0x0000000087400000, 0x0000000087500000, 0x0000000087500000|100%| O|  |TAMS 0x0000000087500000, 0x0000000087400000| Untracked 
| 117|0x0000000087500000, 0x0000000087600000, 0x0000000087600000|100%| O|  |TAMS 0x0000000087600000, 0x0000000087500000| Untracked 
| 118|0x0000000087600000, 0x0000000087700000, 0x0000000087700000|100%| O|  |TAMS 0x0000000087700000, 0x0000000087600000| Untracked 
| 119|0x0000000087700000, 0x0000000087800000, 0x0000000087800000|100%| O|  |TAMS 0x0000000087800000, 0x0000000087700000| Untracked 
| 120|0x0000000087800000, 0x0000000087900000, 0x0000000087900000|100%| O|  |TAMS 0x0000000087900000, 0x0000000087800000| Untracked 
| 121|0x0000000087900000, 0x0000000087a00000, 0x0000000087a00000|100%| O|  |TAMS 0x0000000087a00000, 0x0000000087900000| Untracked 
| 122|0x0000000087a00000, 0x0000000087b00000, 0x0000000087b00000|100%| O|  |TAMS 0x0000000087b00000, 0x0000000087a00000| Untracked 
| 123|0x0000000087b00000, 0x0000000087c00000, 0x0000000087c00000|100%| O|  |TAMS 0x0000000087c00000, 0x0000000087b00000| Untracked 
| 124|0x0000000087c00000, 0x0000000087d00000, 0x0000000087d00000|100%| O|  |TAMS 0x0000000087d00000, 0x0000000087c00000| Untracked 
| 125|0x0000000087d00000, 0x0000000087e00000, 0x0000000087e00000|100%| O|  |TAMS 0x0000000087e00000, 0x0000000087d00000| Untracked 
| 126|0x0000000087e00000, 0x0000000087e51200, 0x0000000087f00000| 31%| O|  |TAMS 0x0000000087e00000, 0x0000000087e00000| Untracked 
| 127|0x0000000087f00000, 0x0000000088000000, 0x0000000088000000|100%| O|  |TAMS 0x0000000088000000, 0x0000000087f00000| Untracked 
| 128|0x0000000088000000, 0x0000000088100000, 0x0000000088100000|100%| O|  |TAMS 0x0000000088100000, 0x0000000088000000| Untracked 
| 129|0x0000000088100000, 0x0000000088200000, 0x0000000088200000|100%| O|  |TAMS 0x0000000088200000, 0x0000000088100000| Untracked 
| 130|0x0000000088200000, 0x0000000088300000, 0x0000000088300000|100%| O|  |TAMS 0x0000000088300000, 0x0000000088200000| Untracked 
| 131|0x0000000088300000, 0x0000000088400000, 0x0000000088400000|100%| O|  |TAMS 0x0000000088400000, 0x0000000088300000| Untracked 
| 132|0x0000000088400000, 0x0000000088500000, 0x0000000088500000|100%| O|  |TAMS 0x0000000088500000, 0x0000000088400000| Untracked 
| 133|0x0000000088500000, 0x0000000088600000, 0x0000000088600000|100%| O|  |TAMS 0x0000000088600000, 0x0000000088500000| Untracked 
| 134|0x0000000088600000, 0x0000000088700000, 0x0000000088700000|100%| O|  |TAMS 0x0000000088700000, 0x0000000088600000| Untracked 
| 135|0x0000000088700000, 0x0000000088800000, 0x0000000088800000|100%| O|  |TAMS 0x0000000088800000, 0x0000000088700000| Untracked 
| 136|0x0000000088800000, 0x0000000088900000, 0x0000000088900000|100%| O|  |TAMS 0x0000000088900000, 0x0000000088800000| Untracked 
| 137|0x0000000088900000, 0x0000000088a00000, 0x0000000088a00000|100%| O|  |TAMS 0x0000000088987a00, 0x0000000088900000| Untracked 
| 138|0x0000000088a00000, 0x0000000088b00000, 0x0000000088b00000|100%| O|  |TAMS 0x0000000088a00000, 0x0000000088a00000| Untracked 
| 139|0x0000000088b00000, 0x0000000088c00000, 0x0000000088c00000|100%| O|  |TAMS 0x0000000088b00000, 0x0000000088b00000| Untracked 
| 140|0x0000000088c00000, 0x0000000088d00000, 0x0000000088d00000|100%| O|  |TAMS 0x0000000088c00000, 0x0000000088c00000| Untracked 
| 141|0x0000000088d00000, 0x0000000088e00000, 0x0000000088e00000|100%| O|  |TAMS 0x0000000088d00000, 0x0000000088d00000| Untracked 
| 142|0x0000000088e00000, 0x0000000088f00000, 0x0000000088f00000|100%| O|  |TAMS 0x0000000088e00000, 0x0000000088e00000| Untracked 
| 143|0x0000000088f00000, 0x0000000089000000, 0x0000000089000000|100%| O|  |TAMS 0x0000000088f00000, 0x0000000088f00000| Untracked 
| 144|0x0000000089000000, 0x0000000089100000, 0x0000000089100000|100%| O|  |TAMS 0x0000000089000000, 0x0000000089000000| Untracked 
| 145|0x0000000089100000, 0x0000000089200000, 0x0000000089200000|100%| O|  |TAMS 0x0000000089100000, 0x0000000089100000| Untracked 
| 146|0x0000000089200000, 0x0000000089300000, 0x0000000089300000|100%| O|  |TAMS 0x0000000089200000, 0x0000000089200000| Untracked 
| 147|0x0000000089300000, 0x0000000089400000, 0x0000000089400000|100%| O|  |TAMS 0x0000000089300000, 0x0000000089300000| Untracked 
| 148|0x0000000089400000, 0x0000000089500000, 0x0000000089500000|100%| O|  |TAMS 0x0000000089400000, 0x0000000089400000| Untracked 
| 149|0x0000000089500000, 0x0000000089600000, 0x0000000089600000|100%| O|  |TAMS 0x0000000089500000, 0x0000000089500000| Untracked 
| 150|0x0000000089600000, 0x0000000089700000, 0x0000000089700000|100%| O|  |TAMS 0x0000000089600000, 0x0000000089600000| Untracked 
| 151|0x0000000089700000, 0x0000000089800000, 0x0000000089800000|100%| O|  |TAMS 0x0000000089700000, 0x0000000089700000| Untracked 
| 152|0x0000000089800000, 0x0000000089900000, 0x0000000089900000|100%| O|  |TAMS 0x0000000089800000, 0x0000000089800000| Untracked 
| 153|0x0000000089900000, 0x0000000089a00000, 0x0000000089a00000|100%| O|  |TAMS 0x0000000089900000, 0x0000000089900000| Untracked 
| 154|0x0000000089a00000, 0x0000000089a00000, 0x0000000089b00000|  0%| F|  |TAMS 0x0000000089a00000, 0x0000000089a00000| Untracked 
| 155|0x0000000089b00000, 0x0000000089b00000, 0x0000000089c00000|  0%| F|  |TAMS 0x0000000089b00000, 0x0000000089b00000| Untracked 
| 156|0x0000000089c00000, 0x0000000089c00000, 0x0000000089d00000|  0%| F|  |TAMS 0x0000000089c00000, 0x0000000089c00000| Untracked 
| 157|0x0000000089d00000, 0x0000000089d00000, 0x0000000089e00000|  0%| F|  |TAMS 0x0000000089d00000, 0x0000000089d00000| Untracked 
| 158|0x0000000089e00000, 0x0000000089e00000, 0x0000000089f00000|  0%| F|  |TAMS 0x0000000089e00000, 0x0000000089e00000| Untracked 
| 159|0x0000000089f00000, 0x0000000089f00000, 0x000000008a000000|  0%| F|  |TAMS 0x0000000089f00000, 0x0000000089f00000| Untracked 
| 160|0x000000008a000000, 0x000000008a000000, 0x000000008a100000|  0%| F|  |TAMS 0x000000008a000000, 0x000000008a000000| Untracked 
| 161|0x000000008a100000, 0x000000008a100000, 0x000000008a200000|  0%| F|  |TAMS 0x000000008a100000, 0x000000008a100000| Untracked 
| 162|0x000000008a200000, 0x000000008a200000, 0x000000008a300000|  0%| F|  |TAMS 0x000000008a200000, 0x000000008a200000| Untracked 
| 163|0x000000008a300000, 0x000000008a300000, 0x000000008a400000|  0%| F|  |TAMS 0x000000008a300000, 0x000000008a300000| Untracked 
| 164|0x000000008a400000, 0x000000008a400000, 0x000000008a500000|  0%| F|  |TAMS 0x000000008a400000, 0x000000008a400000| Untracked 
| 165|0x000000008a500000, 0x000000008a500000, 0x000000008a600000|  0%| F|  |TAMS 0x000000008a500000, 0x000000008a500000| Untracked 
| 166|0x000000008a600000, 0x000000008a600000, 0x000000008a700000|  0%| F|  |TAMS 0x000000008a600000, 0x000000008a600000| Untracked 
| 167|0x000000008a700000, 0x000000008a700000, 0x000000008a800000|  0%| F|  |TAMS 0x000000008a700000, 0x000000008a700000| Untracked 
| 168|0x000000008a800000, 0x000000008a800000, 0x000000008a900000|  0%| F|  |TAMS 0x000000008a800000, 0x000000008a800000| Untracked 
| 169|0x000000008a900000, 0x000000008a900000, 0x000000008aa00000|  0%| F|  |TAMS 0x000000008a900000, 0x000000008a900000| Untracked 
| 170|0x000000008aa00000, 0x000000008aa00000, 0x000000008ab00000|  0%| F|  |TAMS 0x000000008aa00000, 0x000000008aa00000| Untracked 
| 171|0x000000008ab00000, 0x000000008ab00000, 0x000000008ac00000|  0%| F|  |TAMS 0x000000008ab00000, 0x000000008ab00000| Untracked 
| 172|0x000000008ac00000, 0x000000008ac00000, 0x000000008ad00000|  0%| F|  |TAMS 0x000000008ac00000, 0x000000008ac00000| Untracked 
| 173|0x000000008ad00000, 0x000000008ad00000, 0x000000008ae00000|  0%| F|  |TAMS 0x000000008ad00000, 0x000000008ad00000| Untracked 
| 174|0x000000008ae00000, 0x000000008ae00000, 0x000000008af00000|  0%| F|  |TAMS 0x000000008ae00000, 0x000000008ae00000| Untracked 
| 175|0x000000008af00000, 0x000000008af00000, 0x000000008b000000|  0%| F|  |TAMS 0x000000008af00000, 0x000000008af00000| Untracked 
| 176|0x000000008b000000, 0x000000008b000000, 0x000000008b100000|  0%| F|  |TAMS 0x000000008b000000, 0x000000008b000000| Untracked 
| 177|0x000000008b100000, 0x000000008b100000, 0x000000008b200000|  0%| F|  |TAMS 0x000000008b100000, 0x000000008b100000| Untracked 
| 178|0x000000008b200000, 0x000000008b200000, 0x000000008b300000|  0%| F|  |TAMS 0x000000008b200000, 0x000000008b200000| Untracked 
| 179|0x000000008b300000, 0x000000008b300000, 0x000000008b400000|  0%| F|  |TAMS 0x000000008b300000, 0x000000008b300000| Untracked 
| 180|0x000000008b400000, 0x000000008b400000, 0x000000008b500000|  0%| F|  |TAMS 0x000000008b400000, 0x000000008b400000| Untracked 
| 181|0x000000008b500000, 0x000000008b500000, 0x000000008b600000|  0%| F|  |TAMS 0x000000008b500000, 0x000000008b500000| Untracked 
| 182|0x000000008b600000, 0x000000008b600000, 0x000000008b700000|  0%| F|  |TAMS 0x000000008b600000, 0x000000008b600000| Untracked 
| 183|0x000000008b700000, 0x000000008b700000, 0x000000008b800000|  0%| F|  |TAMS 0x000000008b700000, 0x000000008b700000| Untracked 
| 184|0x000000008b800000, 0x000000008b800000, 0x000000008b900000|  0%| F|  |TAMS 0x000000008b800000, 0x000000008b800000| Untracked 
| 185|0x000000008b900000, 0x000000008b900000, 0x000000008ba00000|  0%| F|  |TAMS 0x000000008b900000, 0x000000008b900000| Untracked 
| 186|0x000000008ba00000, 0x000000008ba00000, 0x000000008bb00000|  0%| F|  |TAMS 0x000000008ba00000, 0x000000008ba00000| Untracked 
| 187|0x000000008bb00000, 0x000000008bb00000, 0x000000008bc00000|  0%| F|  |TAMS 0x000000008bb00000, 0x000000008bb00000| Untracked 
| 188|0x000000008bc00000, 0x000000008bc00000, 0x000000008bd00000|  0%| F|  |TAMS 0x000000008bc00000, 0x000000008bc00000| Untracked 
| 189|0x000000008bd00000, 0x000000008bd00000, 0x000000008be00000|  0%| F|  |TAMS 0x000000008bd00000, 0x000000008bd00000| Untracked 
| 190|0x000000008be00000, 0x000000008be00000, 0x000000008bf00000|  0%| F|  |TAMS 0x000000008be00000, 0x000000008be00000| Untracked 
| 191|0x000000008bf00000, 0x000000008bf00000, 0x000000008c000000|  0%| F|  |TAMS 0x000000008bf00000, 0x000000008bf00000| Untracked 
| 192|0x000000008c000000, 0x000000008c000000, 0x000000008c100000|  0%| F|  |TAMS 0x000000008c000000, 0x000000008c000000| Untracked 
| 193|0x000000008c100000, 0x000000008c100000, 0x000000008c200000|  0%| F|  |TAMS 0x000000008c100000, 0x000000008c100000| Untracked 
| 194|0x000000008c200000, 0x000000008c200000, 0x000000008c300000|  0%| F|  |TAMS 0x000000008c200000, 0x000000008c200000| Untracked 
| 195|0x000000008c300000, 0x000000008c300000, 0x000000008c400000|  0%| F|  |TAMS 0x000000008c300000, 0x000000008c300000| Untracked 
| 196|0x000000008c400000, 0x000000008c400000, 0x000000008c500000|  0%| F|  |TAMS 0x000000008c400000, 0x000000008c400000| Untracked 
| 197|0x000000008c500000, 0x000000008c500000, 0x000000008c600000|  0%| F|  |TAMS 0x000000008c500000, 0x000000008c500000| Untracked 
| 198|0x000000008c600000, 0x000000008c600000, 0x000000008c700000|  0%| F|  |TAMS 0x000000008c600000, 0x000000008c600000| Untracked 
| 199|0x000000008c700000, 0x000000008c700000, 0x000000008c800000|  0%| F|  |TAMS 0x000000008c700000, 0x000000008c700000| Untracked 
| 200|0x000000008c800000, 0x000000008c800000, 0x000000008c900000|  0%| F|  |TAMS 0x000000008c800000, 0x000000008c800000| Untracked 
| 201|0x000000008c900000, 0x000000008c900000, 0x000000008ca00000|  0%| F|  |TAMS 0x000000008c900000, 0x000000008c900000| Untracked 
| 202|0x000000008ca00000, 0x000000008ca00000, 0x000000008cb00000|  0%| F|  |TAMS 0x000000008ca00000, 0x000000008ca00000| Untracked 
| 203|0x000000008cb00000, 0x000000008cb00000, 0x000000008cc00000|  0%| F|  |TAMS 0x000000008cb00000, 0x000000008cb00000| Untracked 
| 204|0x000000008cc00000, 0x000000008cc00000, 0x000000008cd00000|  0%| F|  |TAMS 0x000000008cc00000, 0x000000008cc00000| Untracked 
| 205|0x000000008cd00000, 0x000000008cd00000, 0x000000008ce00000|  0%| F|  |TAMS 0x000000008cd00000, 0x000000008cd00000| Untracked 
| 206|0x000000008ce00000, 0x000000008ce00000, 0x000000008cf00000|  0%| F|  |TAMS 0x000000008ce00000, 0x000000008ce00000| Untracked 
| 207|0x000000008cf00000, 0x000000008cf00000, 0x000000008d000000|  0%| F|  |TAMS 0x000000008cf00000, 0x000000008cf00000| Untracked 
| 208|0x000000008d000000, 0x000000008d000000, 0x000000008d100000|  0%| F|  |TAMS 0x000000008d000000, 0x000000008d000000| Untracked 
| 209|0x000000008d100000, 0x000000008d100000, 0x000000008d200000|  0%| F|  |TAMS 0x000000008d100000, 0x000000008d100000| Untracked 
| 210|0x000000008d200000, 0x000000008d200000, 0x000000008d300000|  0%| F|  |TAMS 0x000000008d200000, 0x000000008d200000| Untracked 
| 211|0x000000008d300000, 0x000000008d300000, 0x000000008d400000|  0%| F|  |TAMS 0x000000008d300000, 0x000000008d300000| Untracked 
| 212|0x000000008d400000, 0x000000008d400000, 0x000000008d500000|  0%| F|  |TAMS 0x000000008d400000, 0x000000008d400000| Untracked 
| 213|0x000000008d500000, 0x000000008d500000, 0x000000008d600000|  0%| F|  |TAMS 0x000000008d500000, 0x000000008d500000| Untracked 
| 214|0x000000008d600000, 0x000000008d600000, 0x000000008d700000|  0%| F|  |TAMS 0x000000008d600000, 0x000000008d600000| Untracked 
| 215|0x000000008d700000, 0x000000008d700000, 0x000000008d800000|  0%| F|  |TAMS 0x000000008d700000, 0x000000008d700000| Untracked 
| 216|0x000000008d800000, 0x000000008d800000, 0x000000008d900000|  0%| F|  |TAMS 0x000000008d800000, 0x000000008d800000| Untracked 
| 217|0x000000008d900000, 0x000000008d900000, 0x000000008da00000|  0%| F|  |TAMS 0x000000008d900000, 0x000000008d900000| Untracked 
| 218|0x000000008da00000, 0x000000008da00000, 0x000000008db00000|  0%| F|  |TAMS 0x000000008da00000, 0x000000008da00000| Untracked 
| 219|0x000000008db00000, 0x000000008db00000, 0x000000008dc00000|  0%| F|  |TAMS 0x000000008db00000, 0x000000008db00000| Untracked 
| 220|0x000000008dc00000, 0x000000008dc00000, 0x000000008dd00000|  0%| F|  |TAMS 0x000000008dc00000, 0x000000008dc00000| Untracked 
| 221|0x000000008dd00000, 0x000000008dd00000, 0x000000008de00000|  0%| F|  |TAMS 0x000000008dd00000, 0x000000008dd00000| Untracked 
| 222|0x000000008de00000, 0x000000008de00000, 0x000000008df00000|  0%| F|  |TAMS 0x000000008de00000, 0x000000008de00000| Untracked 
| 223|0x000000008df00000, 0x000000008df00000, 0x000000008e000000|  0%| F|  |TAMS 0x000000008df00000, 0x000000008df00000| Untracked 
| 224|0x000000008e000000, 0x000000008e000000, 0x000000008e100000|  0%| F|  |TAMS 0x000000008e000000, 0x000000008e000000| Untracked 
| 225|0x000000008e100000, 0x000000008e100000, 0x000000008e200000|  0%| F|  |TAMS 0x000000008e100000, 0x000000008e100000| Untracked 
| 226|0x000000008e200000, 0x000000008e200000, 0x000000008e300000|  0%| F|  |TAMS 0x000000008e200000, 0x000000008e200000| Untracked 
| 227|0x000000008e300000, 0x000000008e300000, 0x000000008e400000|  0%| F|  |TAMS 0x000000008e300000, 0x000000008e300000| Untracked 
| 228|0x000000008e400000, 0x000000008e400000, 0x000000008e500000|  0%| F|  |TAMS 0x000000008e400000, 0x000000008e400000| Untracked 
| 229|0x000000008e500000, 0x000000008e500000, 0x000000008e600000|  0%| F|  |TAMS 0x000000008e500000, 0x000000008e500000| Untracked 
| 230|0x000000008e600000, 0x000000008e600000, 0x000000008e700000|  0%| F|  |TAMS 0x000000008e600000, 0x000000008e600000| Untracked 
| 231|0x000000008e700000, 0x000000008e700000, 0x000000008e800000|  0%| F|  |TAMS 0x000000008e700000, 0x000000008e700000| Untracked 
| 232|0x000000008e800000, 0x000000008e800000, 0x000000008e900000|  0%| F|  |TAMS 0x000000008e800000, 0x000000008e800000| Untracked 
| 233|0x000000008e900000, 0x000000008e900000, 0x000000008ea00000|  0%| F|  |TAMS 0x000000008e900000, 0x000000008e900000| Untracked 
| 234|0x000000008ea00000, 0x000000008ea00000, 0x000000008eb00000|  0%| F|  |TAMS 0x000000008ea00000, 0x000000008ea00000| Untracked 
| 235|0x000000008eb00000, 0x000000008eb00000, 0x000000008ec00000|  0%| F|  |TAMS 0x000000008eb00000, 0x000000008eb00000| Untracked 
| 236|0x000000008ec00000, 0x000000008ec00000, 0x000000008ed00000|  0%| F|  |TAMS 0x000000008ec00000, 0x000000008ec00000| Untracked 
| 237|0x000000008ed00000, 0x000000008ed44500, 0x000000008ee00000| 26%| S|CS|TAMS 0x000000008ed00000, 0x000000008ed00000| Complete 
| 238|0x000000008ee00000, 0x000000008ef00000, 0x000000008ef00000|100%| S|CS|TAMS 0x000000008ee00000, 0x000000008ee00000| Complete 
| 239|0x000000008ef00000, 0x000000008f000000, 0x000000008f000000|100%| S|CS|TAMS 0x000000008ef00000, 0x000000008ef00000| Complete 
| 240|0x000000008f000000, 0x000000008f100000, 0x000000008f100000|100%| S|CS|TAMS 0x000000008f000000, 0x000000008f000000| Complete 
| 241|0x000000008f100000, 0x000000008f200000, 0x000000008f200000|100%| S|CS|TAMS 0x000000008f100000, 0x000000008f100000| Complete 
| 242|0x000000008f200000, 0x000000008f300000, 0x000000008f300000|100%| S|CS|TAMS 0x000000008f200000, 0x000000008f200000| Complete 
| 243|0x000000008f300000, 0x000000008f400000, 0x000000008f400000|100%| S|CS|TAMS 0x000000008f300000, 0x000000008f300000| Complete 
| 244|0x000000008f400000, 0x000000008f500000, 0x000000008f500000|100%| S|CS|TAMS 0x000000008f400000, 0x000000008f400000| Complete 
| 245|0x000000008f500000, 0x000000008f600000, 0x000000008f600000|100%| S|CS|TAMS 0x000000008f500000, 0x000000008f500000| Complete 
| 246|0x000000008f600000, 0x000000008f700000, 0x000000008f700000|100%| S|CS|TAMS 0x000000008f600000, 0x000000008f600000| Complete 
| 247|0x000000008f700000, 0x000000008f800000, 0x000000008f800000|100%| S|CS|TAMS 0x000000008f700000, 0x000000008f700000| Complete 
| 248|0x000000008f800000, 0x000000008f800000, 0x000000008f900000|  0%| F|  |TAMS 0x000000008f800000, 0x000000008f800000| Untracked 
| 249|0x000000008f900000, 0x000000008f900000, 0x000000008fa00000|  0%| F|  |TAMS 0x000000008f900000, 0x000000008f900000| Untracked 
| 250|0x000000008fa00000, 0x000000008fa00000, 0x000000008fb00000|  0%| F|  |TAMS 0x000000008fa00000, 0x000000008fa00000| Untracked 
| 251|0x000000008fb00000, 0x000000008fb00000, 0x000000008fc00000|  0%| F|  |TAMS 0x000000008fb00000, 0x000000008fb00000| Untracked 
| 252|0x000000008fc00000, 0x000000008fc00000, 0x000000008fd00000|  0%| F|  |TAMS 0x000000008fc00000, 0x000000008fc00000| Untracked 
| 253|0x000000008fd00000, 0x000000008fd00000, 0x000000008fe00000|  0%| F|  |TAMS 0x000000008fd00000, 0x000000008fd00000| Untracked 
| 254|0x000000008fe00000, 0x000000008fe00000, 0x000000008ff00000|  0%| F|  |TAMS 0x000000008fe00000, 0x000000008fe00000| Untracked 
| 255|0x000000008ff00000, 0x000000008ff00000, 0x0000000090000000|  0%| F|  |TAMS 0x000000008ff00000, 0x000000008ff00000| Untracked 
| 256|0x0000000090000000, 0x0000000090000000, 0x0000000090100000|  0%| F|  |TAMS 0x0000000090000000, 0x0000000090000000| Untracked 
| 257|0x0000000090100000, 0x0000000090100000, 0x0000000090200000|  0%| F|  |TAMS 0x0000000090100000, 0x0000000090100000| Untracked 
| 258|0x0000000090200000, 0x0000000090200000, 0x0000000090300000|  0%| F|  |TAMS 0x0000000090200000, 0x0000000090200000| Untracked 
| 259|0x0000000090300000, 0x0000000090300000, 0x0000000090400000|  0%| F|  |TAMS 0x0000000090300000, 0x0000000090300000| Untracked 
| 260|0x0000000090400000, 0x0000000090400000, 0x0000000090500000|  0%| F|  |TAMS 0x0000000090400000, 0x0000000090400000| Untracked 
| 261|0x0000000090500000, 0x0000000090500000, 0x0000000090600000|  0%| F|  |TAMS 0x0000000090500000, 0x0000000090500000| Untracked 
| 262|0x0000000090600000, 0x0000000090600000, 0x0000000090700000|  0%| F|  |TAMS 0x0000000090600000, 0x0000000090600000| Untracked 
| 263|0x0000000090700000, 0x0000000090700000, 0x0000000090800000|  0%| F|  |TAMS 0x0000000090700000, 0x0000000090700000| Untracked 
| 264|0x0000000090800000, 0x0000000090800000, 0x0000000090900000|  0%| F|  |TAMS 0x0000000090800000, 0x0000000090800000| Untracked 
| 265|0x0000000090900000, 0x0000000090900000, 0x0000000090a00000|  0%| F|  |TAMS 0x0000000090900000, 0x0000000090900000| Untracked 
| 266|0x0000000090a00000, 0x0000000090a00000, 0x0000000090b00000|  0%| F|  |TAMS 0x0000000090a00000, 0x0000000090a00000| Untracked 
| 267|0x0000000090b00000, 0x0000000090b00000, 0x0000000090c00000|  0%| F|  |TAMS 0x0000000090b00000, 0x0000000090b00000| Untracked 
| 268|0x0000000090c00000, 0x0000000090c00000, 0x0000000090d00000|  0%| F|  |TAMS 0x0000000090c00000, 0x0000000090c00000| Untracked 
| 269|0x0000000090d00000, 0x0000000090d00000, 0x0000000090e00000|  0%| F|  |TAMS 0x0000000090d00000, 0x0000000090d00000| Untracked 
| 270|0x0000000090e00000, 0x0000000090e00000, 0x0000000090f00000|  0%| F|  |TAMS 0x0000000090e00000, 0x0000000090e00000| Untracked 
| 271|0x0000000090f00000, 0x0000000090f00000, 0x0000000091000000|  0%| F|  |TAMS 0x0000000090f00000, 0x0000000090f00000| Untracked 
| 272|0x0000000091000000, 0x0000000091000000, 0x0000000091100000|  0%| F|  |TAMS 0x0000000091000000, 0x0000000091000000| Untracked 
| 273|0x0000000091100000, 0x0000000091100000, 0x0000000091200000|  0%| F|  |TAMS 0x0000000091100000, 0x0000000091100000| Untracked 
| 274|0x0000000091200000, 0x0000000091200000, 0x0000000091300000|  0%| F|  |TAMS 0x0000000091200000, 0x0000000091200000| Untracked 
| 275|0x0000000091300000, 0x0000000091300000, 0x0000000091400000|  0%| F|  |TAMS 0x0000000091300000, 0x0000000091300000| Untracked 
| 276|0x0000000091400000, 0x0000000091400000, 0x0000000091500000|  0%| F|  |TAMS 0x0000000091400000, 0x0000000091400000| Untracked 
| 277|0x0000000091500000, 0x0000000091500000, 0x0000000091600000|  0%| F|  |TAMS 0x0000000091500000, 0x0000000091500000| Untracked 
| 278|0x0000000091600000, 0x0000000091600000, 0x0000000091700000|  0%| F|  |TAMS 0x0000000091600000, 0x0000000091600000| Untracked 
| 279|0x0000000091700000, 0x0000000091700000, 0x0000000091800000|  0%| F|  |TAMS 0x0000000091700000, 0x0000000091700000| Untracked 
| 280|0x0000000091800000, 0x0000000091800000, 0x0000000091900000|  0%| F|  |TAMS 0x0000000091800000, 0x0000000091800000| Untracked 
| 281|0x0000000091900000, 0x0000000091900000, 0x0000000091a00000|  0%| F|  |TAMS 0x0000000091900000, 0x0000000091900000| Untracked 
| 282|0x0000000091a00000, 0x0000000091a00000, 0x0000000091b00000|  0%| F|  |TAMS 0x0000000091a00000, 0x0000000091a00000| Untracked 
| 283|0x0000000091b00000, 0x0000000091b00000, 0x0000000091c00000|  0%| F|  |TAMS 0x0000000091b00000, 0x0000000091b00000| Untracked 
| 284|0x0000000091c00000, 0x0000000091c00000, 0x0000000091d00000|  0%| F|  |TAMS 0x0000000091c00000, 0x0000000091c00000| Untracked 
| 285|0x0000000091d00000, 0x0000000091d00000, 0x0000000091e00000|  0%| F|  |TAMS 0x0000000091d00000, 0x0000000091d00000| Untracked 
| 286|0x0000000091e00000, 0x0000000091e00000, 0x0000000091f00000|  0%| F|  |TAMS 0x0000000091e00000, 0x0000000091e00000| Untracked 
| 287|0x0000000091f00000, 0x0000000091f00000, 0x0000000092000000|  0%| F|  |TAMS 0x0000000091f00000, 0x0000000091f00000| Untracked 
| 288|0x0000000092000000, 0x0000000092000000, 0x0000000092100000|  0%| F|  |TAMS 0x0000000092000000, 0x0000000092000000| Untracked 
| 289|0x0000000092100000, 0x0000000092100000, 0x0000000092200000|  0%| F|  |TAMS 0x0000000092100000, 0x0000000092100000| Untracked 
| 290|0x0000000092200000, 0x0000000092200000, 0x0000000092300000|  0%| F|  |TAMS 0x0000000092200000, 0x0000000092200000| Untracked 
| 291|0x0000000092300000, 0x0000000092300000, 0x0000000092400000|  0%| F|  |TAMS 0x0000000092300000, 0x0000000092300000| Untracked 
| 292|0x0000000092400000, 0x0000000092400000, 0x0000000092500000|  0%| F|  |TAMS 0x0000000092400000, 0x0000000092400000| Untracked 
| 293|0x0000000092500000, 0x0000000092500000, 0x0000000092600000|  0%| F|  |TAMS 0x0000000092500000, 0x0000000092500000| Untracked 
| 294|0x0000000092600000, 0x0000000092600000, 0x0000000092700000|  0%| F|  |TAMS 0x0000000092600000, 0x0000000092600000| Untracked 
| 295|0x0000000092700000, 0x0000000092700000, 0x0000000092800000|  0%| F|  |TAMS 0x0000000092700000, 0x0000000092700000| Untracked 
| 296|0x0000000092800000, 0x0000000092800000, 0x0000000092900000|  0%| F|  |TAMS 0x0000000092800000, 0x0000000092800000| Untracked 
| 297|0x0000000092900000, 0x0000000092900000, 0x0000000092a00000|  0%| F|  |TAMS 0x0000000092900000, 0x0000000092900000| Untracked 
| 298|0x0000000092a00000, 0x0000000092a00000, 0x0000000092b00000|  0%| F|  |TAMS 0x0000000092a00000, 0x0000000092a00000| Untracked 
| 299|0x0000000092b00000, 0x0000000092b00000, 0x0000000092c00000|  0%| F|  |TAMS 0x0000000092b00000, 0x0000000092b00000| Untracked 
| 300|0x0000000092c00000, 0x0000000092c00000, 0x0000000092d00000|  0%| F|  |TAMS 0x0000000092c00000, 0x0000000092c00000| Untracked 
| 301|0x0000000092d00000, 0x0000000092d00000, 0x0000000092e00000|  0%| F|  |TAMS 0x0000000092d00000, 0x0000000092d00000| Untracked 
| 302|0x0000000092e00000, 0x0000000092e00000, 0x0000000092f00000|  0%| F|  |TAMS 0x0000000092e00000, 0x0000000092e00000| Untracked 
| 303|0x0000000092f00000, 0x0000000092f00000, 0x0000000093000000|  0%| F|  |TAMS 0x0000000092f00000, 0x0000000092f00000| Untracked 
| 304|0x0000000093000000, 0x0000000093000000, 0x0000000093100000|  0%| F|  |TAMS 0x0000000093000000, 0x0000000093000000| Untracked 
| 305|0x0000000093100000, 0x0000000093100000, 0x0000000093200000|  0%| F|  |TAMS 0x0000000093100000, 0x0000000093100000| Untracked 
| 306|0x0000000093200000, 0x0000000093200000, 0x0000000093300000|  0%| F|  |TAMS 0x0000000093200000, 0x0000000093200000| Untracked 
| 307|0x0000000093300000, 0x0000000093300000, 0x0000000093400000|  0%| F|  |TAMS 0x0000000093300000, 0x0000000093300000| Untracked 
| 308|0x0000000093400000, 0x0000000093400000, 0x0000000093500000|  0%| F|  |TAMS 0x0000000093400000, 0x0000000093400000| Untracked 
| 309|0x0000000093500000, 0x0000000093500000, 0x0000000093600000|  0%| F|  |TAMS 0x0000000093500000, 0x0000000093500000| Untracked 
| 310|0x0000000093600000, 0x0000000093600000, 0x0000000093700000|  0%| F|  |TAMS 0x0000000093600000, 0x0000000093600000| Untracked 
| 311|0x0000000093700000, 0x0000000093700000, 0x0000000093800000|  0%| F|  |TAMS 0x0000000093700000, 0x0000000093700000| Untracked 
| 312|0x0000000093800000, 0x0000000093800000, 0x0000000093900000|  0%| F|  |TAMS 0x0000000093800000, 0x0000000093800000| Untracked 
| 313|0x0000000093900000, 0x0000000093900000, 0x0000000093a00000|  0%| F|  |TAMS 0x0000000093900000, 0x0000000093900000| Untracked 
| 314|0x0000000093a00000, 0x0000000093a00000, 0x0000000093b00000|  0%| F|  |TAMS 0x0000000093a00000, 0x0000000093a00000| Untracked 
| 315|0x0000000093b00000, 0x0000000093b00000, 0x0000000093c00000|  0%| F|  |TAMS 0x0000000093b00000, 0x0000000093b00000| Untracked 
| 316|0x0000000093c00000, 0x0000000093c00000, 0x0000000093d00000|  0%| F|  |TAMS 0x0000000093c00000, 0x0000000093c00000| Untracked 
| 317|0x0000000093d00000, 0x0000000093d00000, 0x0000000093e00000|  0%| F|  |TAMS 0x0000000093d00000, 0x0000000093d00000| Untracked 
| 318|0x0000000093e00000, 0x0000000093e00000, 0x0000000093f00000|  0%| F|  |TAMS 0x0000000093e00000, 0x0000000093e00000| Untracked 
| 319|0x0000000093f00000, 0x0000000093f00000, 0x0000000094000000|  0%| F|  |TAMS 0x0000000093f00000, 0x0000000093f00000| Untracked 
| 320|0x0000000094000000, 0x0000000094000000, 0x0000000094100000|  0%| F|  |TAMS 0x0000000094000000, 0x0000000094000000| Untracked 
| 321|0x0000000094100000, 0x0000000094100000, 0x0000000094200000|  0%| F|  |TAMS 0x0000000094100000, 0x0000000094100000| Untracked 
| 322|0x0000000094200000, 0x0000000094200000, 0x0000000094300000|  0%| F|  |TAMS 0x0000000094200000, 0x0000000094200000| Untracked 
| 323|0x0000000094300000, 0x0000000094300000, 0x0000000094400000|  0%| F|  |TAMS 0x0000000094300000, 0x0000000094300000| Untracked 
| 324|0x0000000094400000, 0x0000000094400000, 0x0000000094500000|  0%| F|  |TAMS 0x0000000094400000, 0x0000000094400000| Untracked 
| 325|0x0000000094500000, 0x0000000094500000, 0x0000000094600000|  0%| F|  |TAMS 0x0000000094500000, 0x0000000094500000| Untracked 
| 326|0x0000000094600000, 0x0000000094600000, 0x0000000094700000|  0%| F|  |TAMS 0x0000000094600000, 0x0000000094600000| Untracked 
| 327|0x0000000094700000, 0x0000000094700000, 0x0000000094800000|  0%| F|  |TAMS 0x0000000094700000, 0x0000000094700000| Untracked 
| 328|0x0000000094800000, 0x0000000094800000, 0x0000000094900000|  0%| F|  |TAMS 0x0000000094800000, 0x0000000094800000| Untracked 
| 329|0x0000000094900000, 0x0000000094900000, 0x0000000094a00000|  0%| F|  |TAMS 0x0000000094900000, 0x0000000094900000| Untracked 
| 330|0x0000000094a00000, 0x0000000094a00000, 0x0000000094b00000|  0%| F|  |TAMS 0x0000000094a00000, 0x0000000094a00000| Untracked 
| 331|0x0000000094b00000, 0x0000000094b00000, 0x0000000094c00000|  0%| F|  |TAMS 0x0000000094b00000, 0x0000000094b00000| Untracked 
| 332|0x0000000094c00000, 0x0000000094c00000, 0x0000000094d00000|  0%| F|  |TAMS 0x0000000094c00000, 0x0000000094c00000| Untracked 
| 333|0x0000000094d00000, 0x0000000094d00000, 0x0000000094e00000|  0%| F|  |TAMS 0x0000000094d00000, 0x0000000094d00000| Untracked 
| 334|0x0000000094e00000, 0x0000000094e00000, 0x0000000094f00000|  0%| F|  |TAMS 0x0000000094e00000, 0x0000000094e00000| Untracked 
| 335|0x0000000094f00000, 0x0000000094f00000, 0x0000000095000000|  0%| F|  |TAMS 0x0000000094f00000, 0x0000000094f00000| Untracked 
| 336|0x0000000095000000, 0x0000000095000000, 0x0000000095100000|  0%| F|  |TAMS 0x0000000095000000, 0x0000000095000000| Untracked 
| 337|0x0000000095100000, 0x0000000095100000, 0x0000000095200000|  0%| F|  |TAMS 0x0000000095100000, 0x0000000095100000| Untracked 
| 338|0x0000000095200000, 0x0000000095200000, 0x0000000095300000|  0%| F|  |TAMS 0x0000000095200000, 0x0000000095200000| Untracked 
| 339|0x0000000095300000, 0x0000000095300000, 0x0000000095400000|  0%| F|  |TAMS 0x0000000095300000, 0x0000000095300000| Untracked 
| 340|0x0000000095400000, 0x0000000095400000, 0x0000000095500000|  0%| F|  |TAMS 0x0000000095400000, 0x0000000095400000| Untracked 
| 341|0x0000000095500000, 0x0000000095500000, 0x0000000095600000|  0%| F|  |TAMS 0x0000000095500000, 0x0000000095500000| Untracked 
| 342|0x0000000095600000, 0x0000000095600000, 0x0000000095700000|  0%| F|  |TAMS 0x0000000095600000, 0x0000000095600000| Untracked 
| 343|0x0000000095700000, 0x0000000095700000, 0x0000000095800000|  0%| F|  |TAMS 0x0000000095700000, 0x0000000095700000| Untracked 
| 344|0x0000000095800000, 0x0000000095800000, 0x0000000095900000|  0%| F|  |TAMS 0x0000000095800000, 0x0000000095800000| Untracked 
| 345|0x0000000095900000, 0x0000000095900000, 0x0000000095a00000|  0%| F|  |TAMS 0x0000000095900000, 0x0000000095900000| Untracked 
| 346|0x0000000095a00000, 0x0000000095a00000, 0x0000000095b00000|  0%| F|  |TAMS 0x0000000095a00000, 0x0000000095a00000| Untracked 
| 347|0x0000000095b00000, 0x0000000095b00000, 0x0000000095c00000|  0%| F|  |TAMS 0x0000000095b00000, 0x0000000095b00000| Untracked 
| 348|0x0000000095c00000, 0x0000000095c00000, 0x0000000095d00000|  0%| F|  |TAMS 0x0000000095c00000, 0x0000000095c00000| Untracked 

Card table byte_map: [0x0000022bfadd0000,0x0000022bfb1d0000] _byte_map_base: 0x0000022bfa9d0000

Marking Bits (Prev, Next): (CMBitMap*) 0x0000022bf6bbefe8, (CMBitMap*) 0x0000022bf6bbf020
 Prev Bits: [0x0000022bfb5d0000, 0x0000022bfd5d0000)
 Next Bits: [0x0000022bfd5d0000, 0x0000022bff5d0000)

Polling page: 0x0000022bf4b60000

Metaspace:

Usage:
  Non-class:     86.86 MB capacity,    84.80 MB ( 98%) used,     1.67 MB (  2%) free+waste,   390.38 KB ( <1%) overhead. 
      Class:     14.33 MB capacity,    12.95 MB ( 90%) used,     1.19 MB (  8%) free+waste,   197.56 KB (  1%) overhead. 
       Both:    101.19 MB capacity,    97.75 MB ( 97%) used,     2.87 MB (  3%) free+waste,   587.94 KB ( <1%) overhead. 

Virtual space:
  Non-class space:       88.00 MB reserved,      86.95 MB ( 99%) committed 
      Class space:        1.00 GB reserved,      14.38 MB (  1%) committed 
             Both:        1.09 GB reserved,     101.33 MB (  9%) committed 

Chunk freelists:
   Non-Class:  35.00 KB
       Class:  0 bytes
        Both:  35.00 KB

MaxMetaspaceSize: 17179869184.00 GB
CompressedClassSpaceSize: 1.00 GB
Initial GC threshold: 20.80 MB
Current GC threshold: 157.84 MB
CDS: off

CodeHeap 'non-profiled nmethods': size=120000Kb used=8209Kb max_used=8209Kb free=111790Kb
 bounds [0x0000022b87ad0000, 0x0000022b882e0000, 0x0000022b8f000000]
CodeHeap 'profiled nmethods': size=120000Kb used=30358Kb max_used=30358Kb free=89641Kb
 bounds [0x0000022b805a0000, 0x0000022b82350000, 0x0000022b87ad0000]
CodeHeap 'non-nmethods': size=5760Kb used=2399Kb max_used=2450Kb free=3361Kb
 bounds [0x0000022b80000000, 0x0000022b80280000, 0x0000022b805a0000]
 total_blobs=14394 nmethods=13476 adapters=829
 compilation: enabled
              stopped_count=0, restarted_count=0
 full_count=0

Compilation events (20 events):
Event: 22.408 Thread 0x0000022b91a72000 nmethod 13859 0x0000022b82323710 code [0x0000022b823238e0, 0x0000022b82323b58]
Event: 22.408 Thread 0x0000022b91a72000 13861       2       com.android.tools.r8.internal.UC::a (157 bytes)
Event: 22.409 Thread 0x0000022b91a72000 nmethod 13861 0x0000022b82323d10 code [0x0000022b82323fa0, 0x0000022b823248b8]
Event: 22.409 Thread 0x0000022b91a72000 13871       2       com.android.tools.r8.internal.l4::a (278 bytes)
Event: 22.414 Thread 0x0000022b91a72000 nmethod 13871 0x0000022b82324e10 code [0x0000022b82325240, 0x0000022b82325e78]
Event: 22.414 Thread 0x0000022b91a72000 13872       2       com.android.tools.r8.internal.c5::b (33 bytes)
Event: 22.415 Thread 0x0000022b91a72000 nmethod 13872 0x0000022b82326710 code [0x0000022b823268e0, 0x0000022b82326a58]
Event: 22.415 Thread 0x0000022b91a72000 13742       2       com.android.tools.r8.internal.rz::a (53 bytes)
Event: 22.415 Thread 0x0000022b91a72000 nmethod 13742 0x0000022b82326b90 code [0x0000022b82326d60, 0x0000022b82326f88]
Event: 22.415 Thread 0x0000022b91a72000 13744       2       com.android.tools.r8.ir.regalloc.b::a (46 bytes)
Event: 22.416 Thread 0x0000022b91a72000 nmethod 13744 0x0000022b82327190 code [0x0000022b82327380, 0x0000022b82327698]
Event: 22.416 Thread 0x0000022b91a72000 13533       2       com.android.tools.r8.internal.V1::a (115 bytes)
Event: 22.417 Thread 0x0000022b91a72000 nmethod 13533 0x0000022b82327890 code [0x0000022b82327b20, 0x0000022b82328458]
Event: 22.417 Thread 0x0000022b91a72000 13843       2       com.android.tools.r8.internal.j4::a (210 bytes)
Event: 22.420 Thread 0x0000022b91a72000 nmethod 13843 0x0000022b82328990 code [0x0000022b82328d00, 0x0000022b8232a188]
Event: 22.420 Thread 0x0000022b91a72000 13900 %     3       com.android.tools.r8.internal.E7::s @ 24 (1713 bytes)
Event: 22.455 Thread 0x0000022b91a72000 nmethod 13900% 0x0000022b8232ac10 code [0x0000022b8232c5a0, 0x0000022b8233ede8]
Event: 22.455 Thread 0x0000022b91a72000 13913       3       com.android.tools.r8.internal.s2::a (36 bytes)
Event: 22.456 Thread 0x0000022b91a72000 nmethod 13913 0x0000022b82345410 code [0x0000022b823455e0, 0x0000022b823458c8]
Event: 22.456 Thread 0x0000022b91a72000 13914       3       com.android.tools.r8.internal.ja::a (1420 bytes)

GC Heap History (20 events):
Event: 17.937 GC heap after
{Heap after GC invocations=28 (full 0):
 garbage-first heap   total 196608K, used 107645K [0x0000000080000000, 0x0000000100000000)
  region size 1024K, 8 young (8192K), 8 survivors (8192K)
 Metaspace       used 86368K, capacity 88783K, committed 89808K, reserved 1126400K
  class space    used 11061K, capacity 11911K, committed 12288K, reserved 1048576K
}
Event: 18.491 GC heap before
{Heap before GC invocations=29 (full 0):
 garbage-first heap   total 196608K, used 155773K [0x0000000080000000, 0x0000000100000000)
  region size 1024K, 56 young (57344K), 8 survivors (8192K)
 Metaspace       used 89779K, capacity 92386K, committed 92752K, reserved 1130496K
  class space    used 11542K, capacity 12494K, committed 12672K, reserved 1048576K
}
Event: 18.501 GC heap after
{Heap after GC invocations=30 (full 0):
 garbage-first heap   total 196608K, used 114688K [0x0000000080000000, 0x0000000100000000)
  region size 1024K, 7 young (7168K), 7 survivors (7168K)
 Metaspace       used 89779K, capacity 92386K, committed 92752K, reserved 1130496K
  class space    used 11542K, capacity 12494K, committed 12672K, reserved 1048576K
}
Event: 18.663 GC heap before
{Heap before GC invocations=30 (full 0):
 garbage-first heap   total 196608K, used 157696K [0x0000000080000000, 0x0000000100000000)
  region size 1024K, 49 young (50176K), 7 survivors (7168K)
 Metaspace       used 90220K, capacity 92844K, committed 93264K, reserved 1130496K
  class space    used 11607K, capacity 12560K, committed 12672K, reserved 1048576K
}
Event: 18.684 GC heap after
{Heap after GC invocations=31 (full 0):
 garbage-first heap   total 236544K, used 125457K [0x0000000080000000, 0x0000000100000000)
  region size 1024K, 7 young (7168K), 7 survivors (7168K)
 Metaspace       used 90220K, capacity 92844K, committed 93264K, reserved 1130496K
  class space    used 11607K, capacity 12560K, committed 12672K, reserved 1048576K
}
Event: 18.949 GC heap before
{Heap before GC invocations=32 (full 0):
 garbage-first heap   total 236544K, used 175633K [0x0000000080000000, 0x0000000100000000)
  region size 1024K, 57 young (58368K), 7 survivors (7168K)
 Metaspace       used 91623K, capacity 94359K, committed 94544K, reserved 1130496K
  class space    used 11812K, capacity 12814K, committed 12928K, reserved 1048576K
}
Event: 18.970 GC heap after
{Heap after GC invocations=33 (full 0):
 garbage-first heap   total 236544K, used 138697K [0x0000000080000000, 0x0000000100000000)
  region size 1024K, 8 young (8192K), 8 survivors (8192K)
 Metaspace       used 91623K, capacity 94359K, committed 94544K, reserved 1130496K
  class space    used 11812K, capacity 12814K, committed 12928K, reserved 1048576K
}
Event: 19.097 GC heap before
{Heap before GC invocations=33 (full 0):
 garbage-first heap   total 236544K, used 184777K [0x0000000080000000, 0x0000000100000000)
  region size 1024K, 53 young (54272K), 8 survivors (8192K)
 Metaspace       used 92415K, capacity 95172K, committed 95312K, reserved 1132544K
  class space    used 11903K, capacity 12893K, committed 12928K, reserved 1048576K
}
Event: 19.117 GC heap after
{Heap after GC invocations=34 (full 0):
 garbage-first heap   total 236544K, used 147998K [0x0000000080000000, 0x0000000100000000)
  region size 1024K, 7 young (7168K), 7 survivors (7168K)
 Metaspace       used 92415K, capacity 95172K, committed 95312K, reserved 1132544K
  class space    used 11903K, capacity 12893K, committed 12928K, reserved 1048576K
}
Event: 19.528 GC heap before
{Heap before GC invocations=35 (full 0):
 garbage-first heap   total 236544K, used 189982K [0x0000000080000000, 0x0000000100000000)
  region size 1024K, 48 young (49152K), 7 survivors (7168K)
 Metaspace       used 94420K, capacity 97573K, committed 97616K, reserved 1132544K
  class space    used 12422K, capacity 13688K, committed 13696K, reserved 1048576K
}
Event: 19.543 GC heap after
{Heap after GC invocations=36 (full 0):
 garbage-first heap   total 236544K, used 154868K [0x0000000080000000, 0x0000000100000000)
  region size 1024K, 6 young (6144K), 6 survivors (6144K)
 Metaspace       used 94420K, capacity 97573K, committed 97616K, reserved 1132544K
  class space    used 12422K, capacity 13688K, committed 13696K, reserved 1048576K
}
Event: 19.624 GC heap before
{Heap before GC invocations=36 (full 0):
 garbage-first heap   total 236544K, used 159988K [0x0000000080000000, 0x0000000100000000)
  region size 1024K, 11 young (11264K), 6 survivors (6144K)
 Metaspace       used 95397K, capacity 98665K, committed 98896K, reserved 1134592K
  class space    used 12590K, capacity 13907K, committed 13952K, reserved 1048576K
}
Event: 19.637 GC heap after
{Heap after GC invocations=37 (full 0):
 garbage-first heap   total 357376K, used 154097K [0x0000000080000000, 0x0000000100000000)
  region size 1024K, 2 young (2048K), 2 survivors (2048K)
 Metaspace       used 95397K, capacity 98665K, committed 98896K, reserved 1134592K
  class space    used 12590K, capacity 13907K, committed 13952K, reserved 1048576K
}
Event: 20.594 GC heap before
{Heap before GC invocations=37 (full 0):
 garbage-first heap   total 357376K, used 228849K [0x0000000080000000, 0x0000000100000000)
  region size 1024K, 75 young (76800K), 2 survivors (2048K)
 Metaspace       used 97777K, capacity 101187K, committed 101456K, reserved 1136640K
  class space    used 12987K, capacity 14359K, committed 14464K, reserved 1048576K
}
Event: 20.605 GC heap after
{Heap after GC invocations=38 (full 0):
 garbage-first heap   total 357376K, used 157334K [0x0000000080000000, 0x0000000100000000)
  region size 1024K, 5 young (5120K), 5 survivors (5120K)
 Metaspace       used 97777K, capacity 101187K, committed 101456K, reserved 1136640K
  class space    used 12987K, capacity 14359K, committed 14464K, reserved 1048576K
}
Event: 21.396 GC heap before
{Heap before GC invocations=38 (full 0):
 garbage-first heap   total 357376K, used 236182K [0x0000000080000000, 0x0000000100000000)
  region size 1024K, 83 young (84992K), 5 survivors (5120K)
 Metaspace       used 99792K, capacity 103332K, committed 103504K, reserved 1138688K
  class space    used 13196K, capacity 14624K, committed 14720K, reserved 1048576K
}
Event: 21.512 GC heap after
{Heap after GC invocations=39 (full 0):
 garbage-first heap   total 357376K, used 160958K [0x0000000080000000, 0x0000000100000000)
  region size 1024K, 8 young (8192K), 8 survivors (8192K)
 Metaspace       used 99792K, capacity 103332K, committed 103504K, reserved 1138688K
  class space    used 13196K, capacity 14624K, committed 14720K, reserved 1048576K
}
Event: 22.072 GC heap before
{Heap before GC invocations=39 (full 0):
 garbage-first heap   total 357376K, used 245950K [0x0000000080000000, 0x0000000100000000)
  region size 1024K, 91 young (93184K), 8 survivors (8192K)
 Metaspace       used 100036K, capacity 103547K, committed 103760K, reserved 1138688K
  class space    used 13244K, capacity 14675K, committed 14720K, reserved 1048576K
}
Event: 22.098 GC heap after
{Heap after GC invocations=40 (full 0):
 garbage-first heap   total 357376K, used 163432K [0x0000000080000000, 0x0000000100000000)
  region size 1024K, 7 young (7168K), 7 survivors (7168K)
 Metaspace       used 100036K, capacity 103547K, committed 103760K, reserved 1138688K
  class space    used 13244K, capacity 14675K, committed 14720K, reserved 1048576K
}
Event: 22.522 GC heap before
{Heap before GC invocations=40 (full 0):
 garbage-first heap   total 357376K, used 259688K [0x0000000080000000, 0x0000000100000000)
  region size 1024K, 101 young (103424K), 7 survivors (7168K)
 Metaspace       used 100093K, capacity 103616K, committed 103760K, reserved 1138688K
  class space    used 13257K, capacity 14675K, committed 14720K, reserved 1048576K
}

Deoptimization events (20 events):
Event: 22.266 Thread 0x0000022b95030000 DEOPT PACKING pc=0x0000022b88279a3c sp=0x00000086700f93a0
Event: 22.266 Thread 0x0000022b95030000 DEOPT UNPACKING pc=0x0000022b8004a1af sp=0x00000086700f92c0 mode 2
Event: 22.305 Thread 0x0000022b9502d800 DEOPT PACKING pc=0x0000022b8201f67f sp=0x00000086704f9da0
Event: 22.305 Thread 0x0000022b9502d800 DEOPT UNPACKING pc=0x0000022b8004a95e sp=0x00000086704f9430 mode 0
Event: 22.312 Thread 0x0000022b9502c000 DEOPT PACKING pc=0x0000022b820478f9 sp=0x000000866fff9690
Event: 22.312 Thread 0x0000022b9502c000 DEOPT UNPACKING pc=0x0000022b8004a95e sp=0x000000866fff8d90 mode 0
Event: 22.323 Thread 0x0000022b9502d800 Uncommon trap: trap_request=0xffffff4d fr.pc=0x0000022b882ca30c relative=0x00000000000036cc
Event: 22.323 Thread 0x0000022b9502d800 Uncommon trap: reason=unstable_if action=reinterpret pc=0x0000022b882ca30c method=com.android.tools.r8.internal.NG.j0()Z @ 36 c2
Event: 22.323 Thread 0x0000022b9502d800 DEOPT PACKING pc=0x0000022b882ca30c sp=0x00000086704f99a0
Event: 22.323 Thread 0x0000022b9502d800 DEOPT UNPACKING pc=0x0000022b8004a1af sp=0x00000086704f9958 mode 2
Event: 22.325 Thread 0x0000022b9502c000 DEOPT PACKING pc=0x0000022b81f2e833 sp=0x000000866fff9880
Event: 22.325 Thread 0x0000022b9502c000 DEOPT UNPACKING pc=0x0000022b8004a95e sp=0x000000866fff8ea8 mode 0
Event: 22.430 Thread 0x0000022b9502c000 DEOPT PACKING pc=0x0000022b82193422 sp=0x000000866fff9690
Event: 22.430 Thread 0x0000022b9502c000 DEOPT UNPACKING pc=0x0000022b8004a95e sp=0x000000866fff8c20 mode 0
Event: 22.450 Thread 0x0000022b9502c000 DEOPT PACKING pc=0x0000022b8208e9a7 sp=0x000000866fff9570
Event: 22.450 Thread 0x0000022b9502c000 DEOPT UNPACKING pc=0x0000022b8004a95e sp=0x000000866fff8d70 mode 0
Event: 22.504 Thread 0x0000022b95030000 DEOPT PACKING pc=0x0000022b81f2e833 sp=0x00000086700f9890
Event: 22.504 Thread 0x0000022b95030000 DEOPT UNPACKING pc=0x0000022b8004a95e sp=0x00000086700f8ea8 mode 0
Event: 22.512 Thread 0x0000022b9502c000 DEOPT PACKING pc=0x0000022b81f3e2dd sp=0x000000866fff98f0
Event: 22.512 Thread 0x0000022b9502c000 DEOPT UNPACKING pc=0x0000022b8004a95e sp=0x000000866fff8e90 mode 0

Classes redefined (0 events):
No events

Internal exceptions (20 events):
Event: 19.549 Thread 0x0000022b95030000 Exception <a 'java/lang/NoSuchMethodError'{0x000000008e6189f8}: 'void java.lang.invoke.DirectMethodHandle$Holder.invokeVirtual(java.lang.Object, java.lang.Object, int, java.lang.Object)'> (0x000000008e6189f8) thrown at [./src/hotspot/share/interpreter/linkResolver.cpp, line 773]
Event: 19.549 Thread 0x0000022b9502d000 Exception <a 'java/lang/NoSuchMethodError'{0x000000008e61efa0}: 'void java.lang.invoke.DirectMethodHandle$Holder.invokeVirtual(java.lang.Object, java.lang.Object, int, java.lang.Object)'> (0x000000008e61efa0) thrown at [./src/hotspot/share/interpreter/linkResolver.cpp, line 773]
Event: 19.645 Thread 0x0000022b9502c000 Exception <a 'java/lang/NoSuchMethodError'{0x0000000095c36eb8}: 'int java.lang.invoke.DirectMethodHandle$Holder.invokeSpecial(java.lang.Object, java.lang.Object, java.lang.Object, int, java.lang.Object)'> (0x0000000095c36eb8) thrown at [./src/hotspot/share/interpreter/linkResolver.cpp, line 773]
Event: 19.645 Thread 0x0000022b95031000 Exception <a 'java/lang/NoSuchMethodError'{0x0000000095c77758}: 'int java.lang.invoke.DirectMethodHandle$Holder.invokeSpecial(java.lang.Object, java.lang.Object, java.lang.Object, int, java.lang.Object)'> (0x0000000095c77758) thrown at [./src/hotspot/share/interpreter/linkResolver.cpp, line 773]
Event: 19.868 Thread 0x0000022b9502d800 Exception <a 'java/lang/NoSuchMethodError'{0x0000000094aa59c8}: 'java.lang.Object java.lang.invoke.DirectMethodHandle$Holder.invokeInterface(java.lang.Object, java.lang.Object, int)'> (0x0000000094aa59c8) thrown at [./src/hotspot/share/interpreter/linkResolver.cpp, line 773]
Event: 20.557 Thread 0x0000022b9502b800 Exception <a 'java/lang/IncompatibleClassChangeError'{0x00000000916230d0}: Found class java.lang.Object, but interface was expected> (0x00000000916230d0) thrown at [./src/hotspot/share/interpreter/linkResolver.cpp, line 839]
Event: 20.673 Thread 0x0000022b9502b800 Exception <a 'java/lang/NoSuchMethodError'{0x0000000095468238}: 'void java.lang.invoke.DirectMethodHandle$Holder.invokeSpecial(java.lang.Object, java.lang.Object, int, java.lang.Object, java.lang.Object, java.lang.Object, java.lang.Object)'> (0x0000000095468238) thrown at [./src/hotspot/share/interpreter/linkResolver.cpp, line 773]
Event: 20.674 Thread 0x0000022b9502b800 Exception <a 'java/lang/NoSuchMethodError'{0x00000000953d66c8}: 'java.lang.Object java.lang.invoke.Invokers$Holder.linkToTargetMethod(java.lang.Object, int, java.lang.Object, java.lang.Object, java.lang.Object, java.lang.Object)'> (0x00000000953d66c8) thrown at [./src/hotspot/share/interpreter/linkResolver.cpp, line 773]
Event: 20.675 Thread 0x0000022b9502b800 Exception <a 'java/lang/NoSuchMethodError'{0x00000000953dab78}: 'void java.lang.invoke.DirectMethodHandle$Holder.invokeSpecial(java.lang.Object, java.lang.Object, java.lang.Object, java.lang.Object, java.lang.Object, java.lang.Object, java.lang.Object, java.lang.Object, java.lang.Object)'> (0x00000000953dab78) thrown at [./src/hotspot/share/interpreter/linkResolver.cpp, line 773]
Event: 20.680 Thread 0x0000022b9502d000 Exception <a 'java/lang/NoSuchMethodError'{0x0000000095b333c0}: 'void java.lang.invoke.DirectMethodHandle$Holder.invokeSpecial(java.lang.Object, java.lang.Object, java.lang.Object, java.lang.Object, java.lang.Object, java.lang.Object, java.lang.Object, java.lang.Object, java.lang.Object)'> (0x0000000095b333c0) thrown at [./src/hotspot/share/interpreter/linkResolver.cpp, line 773]
Event: 20.683 Thread 0x0000022b9502b800 Exception <a 'java/lang/NoSuchMethodError'{0x00000000953f5908}: 'void java.lang.invoke.DirectMethodHandle$Holder.invokeStatic(java.lang.Object, java.lang.Object, java.lang.Object, java.lang.Object, java.lang.Object, java.lang.Object, java.lang.Object, java.lang.Object)'> (0x00000000953f5908) thrown at [./src/hotspot/share/interpreter/linkResolver.cpp, line 773]
Event: 20.891 Thread 0x0000022b9502d800 Exception <a 'java/lang/NoSuchMethodError'{0x00000000939ad968}: 'java.lang.Object java.lang.invoke.DirectMethodHandle$Holder.invokeSpecial(java.lang.Object, java.lang.Object, java.lang.Object, java.lang.Object, java.lang.Object, java.lang.Object, java.lang.Object, java.lang.Object, java.lang.Object, java.lang.Object, java.lang.Object)'> (0x00000000939ad968) thrown at [./src/hotspot/share/interpreter/linkResolver.cpp, line 773]
Event: 20.893 Thread 0x0000022b9502d800 Exception <a 'java/lang/NoSuchMethodError'{0x00000000939b9218}: 'java.lang.Object java.lang.invoke.Invokers$Holder.linkToTargetMethod(java.lang.Object, java.lang.Object, java.lang.Object, java.lang.Object, java.lang.Object, java.lang.Object, java.lang.Object, java.lang.Object, java.lang.Object, java.lang.Object)'> (0x00000000939b9218) thrown at [./src/hotspot/share/interpreter/linkResolver.cpp, line 773]
Event: 20.930 Thread 0x0000022b9502d800 Exception <a 'java/lang/IncompatibleClassChangeError'{0x000000009350c488}: Found class java.lang.Object, but interface was expected> (0x000000009350c488) thrown at [./src/hotspot/share/interpreter/linkResolver.cpp, line 839]
Event: 20.943 Thread 0x0000022b9502b800 Exception <a 'java/lang/IncompatibleClassChangeError'{0x0000000093472e30}: Found class java.lang.Object, but interface was expected> (0x0000000093472e30) thrown at [./src/hotspot/share/interpreter/linkResolver.cpp, line 839]
Event: 21.333 Thread 0x0000022b9502d000 Exception <a 'java/lang/NoSuchMethodError'{0x0000000091d80dc8}: 'void java.lang.invoke.DirectMethodHandle$Holder.invokeVirtual(java.lang.Object, java.lang.Object, int)'> (0x0000000091d80dc8) thrown at [./src/hotspot/share/interpreter/linkResolver.cpp, line 773]
Event: 21.594 Thread 0x0000022b9502d000 Exception <a 'sun/nio/fs/WindowsException'{0x00000000948f4970}> (0x00000000948f4970) thrown at [./src/hotspot/share/prims/jni.cpp, line 616]
Event: 21.634 Thread 0x0000022b9502b800 Exception <a 'sun/nio/fs/WindowsException'{0x0000000094d1cd20}> (0x0000000094d1cd20) thrown at [./src/hotspot/share/prims/jni.cpp, line 616]
Event: 21.790 Thread 0x0000022b9502b800 Exception <a 'java/lang/NoSuchMethodError'{0x0000000093759db8}: 'void java.lang.invoke.DirectMethodHandle$Holder.invokeStatic(java.lang.Object, java.lang.Object, java.lang.Object, java.lang.Object, java.lang.Object, java.lang.Object, java.lang.Object)'> (0x0000000093759db8) thrown at [./src/hotspot/share/interpreter/linkResolver.cpp, line 773]
Event: 21.947 Thread 0x0000022b9502b800 Exception <a 'sun/nio/fs/WindowsException'{0x0000000091ff0c70}> (0x0000000091ff0c70) thrown at [./src/hotspot/share/prims/jni.cpp, line 616]

Events (20 events):
Event: 22.272 loading class com/android/tools/r8/code/Y2 done
Event: 22.274 loading class com/android/tools/r8/code/V2
Event: 22.274 loading class com/android/tools/r8/code/V2 done
Event: 22.275 loading class com/android/tools/r8/code/c3
Event: 22.275 loading class com/android/tools/r8/code/c3 done
Event: 22.276 loading class com/android/tools/r8/code/Z2
Event: 22.276 loading class com/android/tools/r8/code/Z2 done
Event: 22.277 loading class com/android/tools/r8/code/X2
Event: 22.277 loading class com/android/tools/r8/code/X2 done
Event: 22.278 loading class com/android/tools/r8/code/U2
Event: 22.278 loading class com/android/tools/r8/code/U2 done
Event: 22.285 loading class com/android/tools/r8/code/b3
Event: 22.285 loading class com/android/tools/r8/code/b3 done
Event: 22.286 loading class com/android/tools/r8/code/a3
Event: 22.286 loading class com/android/tools/r8/code/a3 done
Event: 22.323 loading class com/android/tools/r8/internal/yh
Event: 22.323 loading class com/android/tools/r8/internal/yh done
Event: 22.464 Executing VM operation: ICBufferFull
Event: 22.499 Executing VM operation: ICBufferFull done
Event: 22.517 Executing VM operation: G1CollectForAllocation


Dynamic libraries:
0x00007ff66cd50000 - 0x00007ff66cd5a000 	C:\Program Files\Android\Android Studio1\jre\bin\java.exe
0x00007ff8018b0000 - 0x00007ff801aa8000 	C:\WINDOWS\SYSTEM32\ntdll.dll
0x00007ff800200000 - 0x00007ff8002bf000 	C:\WINDOWS\System32\KERNEL32.DLL
0x00007ffffef80000 - 0x00007fffff252000 	C:\WINDOWS\System32\KERNELBASE.dll
0x00007fffff540000 - 0x00007fffff640000 	C:\WINDOWS\System32\ucrtbase.dll
0x00007fffef350000 - 0x00007fffef367000 	C:\Program Files\Android\Android Studio1\jre\bin\VCRUNTIME140.dll
0x00007fffee7a0000 - 0x00007fffee7b9000 	C:\Program Files\Android\Android Studio1\jre\bin\jli.dll
0x00007ff800970000 - 0x00007ff800b11000 	C:\WINDOWS\System32\USER32.dll
0x00007fffed020000 - 0x00007fffed2ba000 	C:\WINDOWS\WinSxS\amd64_microsoft.windows.common-controls_6595b64144ccf1df_6.0.19041.1110_none_60b5254171f9507e\COMCTL32.dll
0x00007fffff410000 - 0x00007fffff432000 	C:\WINDOWS\System32\win32u.dll
0x00007ff800bf0000 - 0x00007ff800c8e000 	C:\WINDOWS\System32\msvcrt.dll
0x00007ff801100000 - 0x00007ff80112b000 	C:\WINDOWS\System32\GDI32.dll
0x00007fffff790000 - 0x00007fffff89f000 	C:\WINDOWS\System32\gdi32full.dll
0x00007fffff640000 - 0x00007fffff6dd000 	C:\WINDOWS\System32\msvcp_win.dll
0x00007ff800920000 - 0x00007ff800952000 	C:\WINDOWS\System32\IMM32.DLL
0x00007fffc55d0000 - 0x00007fffc566d000 	C:\Program Files\Android\Android Studio1\jre\bin\msvcp140.dll
0x00007fffb17b0000 - 0x00007fffb22b2000 	C:\Program Files\Android\Android Studio1\jre\bin\server\jvm.dll
0x00007ff8003f0000 - 0x00007ff80049e000 	C:\WINDOWS\System32\ADVAPI32.dll
0x00007ff8017d0000 - 0x00007ff80186c000 	C:\WINDOWS\System32\sechost.dll
0x00007ff8002c0000 - 0x00007ff8003e5000 	C:\WINDOWS\System32\RPCRT4.dll
0x00007ff8000c0000 - 0x00007ff8000c8000 	C:\WINDOWS\System32\PSAPI.DLL
0x00007ffff5d60000 - 0x00007ffff5d87000 	C:\WINDOWS\SYSTEM32\WINMM.dll
0x00007ffffac50000 - 0x00007ffffac59000 	C:\WINDOWS\SYSTEM32\WSOCK32.dll
0x00007ffff8650000 - 0x00007ffff865a000 	C:\WINDOWS\SYSTEM32\VERSION.dll
0x00007ff800b80000 - 0x00007ff800beb000 	C:\WINDOWS\System32\WS2_32.dll
0x00007ffffcd70000 - 0x00007ffffcd82000 	C:\WINDOWS\SYSTEM32\kernel.appcore.dll
0x00007ffff8560000 - 0x00007ffff8571000 	C:\Program Files\Android\Android Studio1\jre\bin\verify.dll
0x00007fffee8c0000 - 0x00007fffeeaa4000 	C:\WINDOWS\SYSTEM32\DBGHELP.DLL
0x00007fffe7d80000 - 0x00007fffe7db5000 	C:\WINDOWS\SYSTEM32\dbgcore.DLL
0x00007fffff4b0000 - 0x00007fffff532000 	C:\WINDOWS\System32\bcryptPrimitives.dll
0x00007ffff5cf0000 - 0x00007ffff5d19000 	C:\Program Files\Android\Android Studio1\jre\bin\java.dll
0x00007ffff9910000 - 0x00007ffff991b000 	C:\Program Files\Android\Android Studio1\jre\bin\jimage.dll
0x00007ffff2e80000 - 0x00007ffff2e98000 	C:\Program Files\Android\Android Studio1\jre\bin\zip.dll
0x00007fffff8a0000 - 0x00007ffffffe4000 	C:\WINDOWS\System32\SHELL32.dll
0x00007ffffd050000 - 0x00007ffffd7e2000 	C:\WINDOWS\SYSTEM32\windows.storage.dll
0x00007ff8005c0000 - 0x00007ff800915000 	C:\WINDOWS\System32\combase.dll
0x00007ffffe9f0000 - 0x00007ffffea20000 	C:\WINDOWS\SYSTEM32\Wldp.dll
0x00007ff801040000 - 0x00007ff8010ed000 	C:\WINDOWS\System32\SHCORE.dll
0x00007ff8000d0000 - 0x00007ff800125000 	C:\WINDOWS\System32\shlwapi.dll
0x00007ffffeed0000 - 0x00007ffffeeef000 	C:\WINDOWS\SYSTEM32\profapi.dll
0x00007ffff2d20000 - 0x00007ffff2d3a000 	C:\Program Files\Android\Android Studio1\jre\bin\net.dll
0x00007ffff5f70000 - 0x00007ffff607c000 	C:\WINDOWS\SYSTEM32\WINHTTP.dll
0x00007ffffe750000 - 0x00007ffffe7ba000 	C:\WINDOWS\system32\mswsock.dll
0x00007ffff2d00000 - 0x00007ffff2d14000 	C:\Program Files\Android\Android Studio1\jre\bin\nio.dll
0x00007fffd36c0000 - 0x00007fffd36e7000 	C:\Users\User\.gradle\native\8bec1ad78214c89d9ad589b4d07fe93259594b29d510b10fafb7a158f7737e5d\windows-amd64\native-platform.dll
0x00007fffc71e0000 - 0x00007fffc731d000 	C:\Users\User\.gradle\native\53dbd7edfb1c66fb8903c78663c9afc45aea4f116125fa6feffd364cf09443e8\windows-amd64\native-platform-file-events.dll
0x00007ffff26a0000 - 0x00007ffff26aa000 	C:\Program Files\Android\Android Studio1\jre\bin\management.dll
0x00007ffff2690000 - 0x00007ffff269d000 	C:\Program Files\Android\Android Studio1\jre\bin\management_ext.dll
0x00007ffffe940000 - 0x00007ffffe958000 	C:\WINDOWS\SYSTEM32\CRYPTSP.dll
0x00007ffffe000000 - 0x00007ffffe034000 	C:\WINDOWS\system32\rsaenh.dll
0x00007ff800010000 - 0x00007ff800037000 	C:\WINDOWS\System32\bcrypt.dll
0x00007ffffee90000 - 0x00007ffffeebe000 	C:\WINDOWS\SYSTEM32\USERENV.dll
0x00007ffffe960000 - 0x00007ffffe96c000 	C:\WINDOWS\SYSTEM32\CRYPTBASE.dll
0x00007ffffe3f0000 - 0x00007ffffe42b000 	C:\WINDOWS\SYSTEM32\IPHLPAPI.DLL
0x00007ff8010f0000 - 0x00007ff8010f8000 	C:\WINDOWS\System32\NSI.dll
0x00007ffff6940000 - 0x00007ffff6957000 	C:\WINDOWS\SYSTEM32\dhcpcsvc6.DLL
0x00007ffff7a60000 - 0x00007ffff7a7d000 	C:\WINDOWS\SYSTEM32\dhcpcsvc.DLL
0x00007ffffe440000 - 0x00007ffffe50a000 	C:\WINDOWS\SYSTEM32\DNSAPI.dll

dbghelp: loaded successfully - version: 4.0.5 - missing functions: none
symbol engine: initialized successfully - sym options: 0x614 - pdb path: .;C:\Program Files\Android\Android Studio1\jre\bin;C:\WINDOWS\SYSTEM32;C:\WINDOWS\WinSxS\amd64_microsoft.windows.common-controls_6595b64144ccf1df_6.0.19041.1110_none_60b5254171f9507e;C:\Program Files\Android\Android Studio1\jre\bin\server;C:\Users\User\.gradle\native\8bec1ad78214c89d9ad589b4d07fe93259594b29d510b10fafb7a158f7737e5d\windows-amd64;C:\Users\User\.gradle\native\53dbd7edfb1c66fb8903c78663c9afc45aea4f116125fa6feffd364cf09443e8\windows-amd64

VM Arguments:
jvm_args: --add-opens=java.base/java.util=ALL-UNNAMED --add-opens=java.base/java.lang=ALL-UNNAMED --add-opens=java.base/java.lang.invoke=ALL-UNNAMED --add-opens=java.base/java.util=ALL-UNNAMED --add-opens=java.prefs/java.util.prefs=ALL-UNNAMED --add-opens=java.prefs/java.util.prefs=ALL-UNNAMED --add-opens=java.base/java.nio.charset=ALL-UNNAMED --add-opens=java.base/java.net=ALL-UNNAMED --add-opens=java.base/java.util.concurrent.atomic=ALL-UNNAMED -Xmx2048m -Dfile.encoding=UTF-8 -Duser.country=US -Duser.language=en -Duser.variant 
java_command: org.gradle.launcher.daemon.bootstrap.GradleDaemon 7.0.2
java_class_path (initial): C:\Users\User\.gradle\wrapper\dists\gradle-7.0.2-bin\857tjihv64xamwrf0h14cai3r\gradle-7.0.2\lib\gradle-launcher-7.0.2.jar
Launcher Type: SUN_STANDARD

[Global flags]
     intx CICompilerCount                          = 4                                         {product} {ergonomic}
     uint ConcGCThreads                            = 2                                         {product} {ergonomic}
     uint G1ConcRefinementThreads                  = 8                                         {product} {ergonomic}
   size_t G1HeapRegionSize                         = 1048576                                   {product} {ergonomic}
    uintx GCDrainStackTargetSize                   = 64                                        {product} {ergonomic}
   size_t InitialHeapSize                          = 167772160                                 {product} {ergonomic}
   size_t MarkStackSize                            = 4194304                                   {product} {ergonomic}
   size_t MaxHeapSize                              = 2147483648                                {product} {command line}
   size_t MaxNewSize                               = 1287651328                                {product} {ergonomic}
   size_t MinHeapDeltaBytes                        = 1048576                                   {product} {ergonomic}
    uintx NonNMethodCodeHeapSize                   = 5836300                                {pd product} {ergonomic}
    uintx NonProfiledCodeHeapSize                  = 122910970                              {pd product} {ergonomic}
    uintx ProfiledCodeHeapSize                     = 122910970                              {pd product} {ergonomic}
    uintx ReservedCodeCacheSize                    = 251658240                              {pd product} {ergonomic}
     bool SegmentedCodeCache                       = true                                      {product} {ergonomic}
     bool UseCompressedClassPointers               = true                                 {lp64_product} {ergonomic}
     bool UseCompressedOops                        = true                                 {lp64_product} {ergonomic}
     bool UseG1GC                                  = true                                      {product} {ergonomic}
     bool UseLargePagesIndividualAllocation        = false                                  {pd product} {ergonomic}

Logging:
Log output configuration:
 #0: stdout all=warning uptime,level,tags
 #1: stderr all=off uptime,level,tags

Environment Variables:
CLASSPATH=C:\Program Files\Java\jdk-18.0.1\bin
PATH=C:\Program Files\Eclipse Adoptium\jdk-17.0.2.8-hotspot\bin;C:\Program Files\Common Files\Oracle\Java\javapath;C:\Program Files (x86)\Common Files\Oracle\Java\javapath;C:\Windows\system32;C:\Windows;C:\Windows\System32\Wbem;C:\Windows\System32\WindowsPowerShell\v1.0\;C:\Windows\System32\OpenSSH\;C:\Program Files (x86)\NVIDIA Corporation\PhysX\Common;C:\Program Files\NVIDIA Corporation\NVIDIA NvDLISR;C:\WINDOWS\system32;C:\WINDOWS;C:\WINDOWS\System32\Wbem;C:\WINDOWS\System32\WindowsPowerShell\v1.0\;C:\WINDOWS\System32\OpenSSH\;C:\xampp\php;C:\ProgramData\ComposerSetup\bin;C:\Program Files\Git\cmd;C:\Program Files (x86)\dotnet\;C:\Program Files\dotnet\;C:\Program Files\Java\jdk-18\bin;C:\Program Files\nodejs\;C:\Users\User\AppData\Local\Microsoft\WindowsApps;C:\Users\User\AppData\Roaming\Composer\vendor\bin;C:\src\flutter\bin;C:\Users\User\AppData\Local\Programs\Microsoft VS Code\bin;C:\Users\User\AppData\Roaming\npm
USERNAME=User
OS=Windows_NT
PROCESSOR_IDENTIFIER=AMD64 Family 23 Model 24 Stepping 1, AuthenticAMD



---------------  S Y S T E M  ---------------

OS: Windows 10 , 64 bit Build 19041 (10.0.19041.2364)
OS uptime: 7 days 10:58 hours

CPU:total 8 (initial active 8) (8 cores per cpu, 2 threads per core) family 23 model 24 stepping 1 microcode 0x0, cmov, cx8, fxsr, mmx, sse, sse2, sse3, ssse3, sse4.1, sse4.2, popcnt, avx, avx2, aes, clmul, mmxext, 3dnowpref, lzcnt, sse4a, ht, tsc, tscinvbit, tscinv, bmi1, bmi2, adx, sha, fma

Memory: 4k page, system-wide physical 10178M (453M free)
TotalPageFile size 20178M (AvailPageFile size 287M)
current process WorkingSet (physical memory assigned to process): 530M, peak: 531M
current process commit charge ("private bytes"): 768M, peak: 1110M

vm_info: OpenJDK 64-Bit Server VM (11.0.13+0-b1751.21-8125866) for windows-amd64 JRE (11.0.13+0-b1751.21-8125866), built on Feb  2 2022 03:00:22 by "builder" with MS VC++ 14.0 (VS2015)

END.
