#
# There is insufficient memory for the Java Runtime Environment to continue.
# Native memory allocation (malloc) failed to allocate 32744 bytes for ChunkPool::allocate
# Possible reasons:
#   The system is out of physical RAM or swap space
#   The process is running with CompressedOops enabled, and the Java Heap may be blocking the growth of the native heap
# Possible solutions:
#   Reduce memory load on the system
#   Increase physical memory or swap space
#   Check if swap backing store is full
#   Decrease Java heap size (-Xmx/-Xms)
#   Decrease number of Java threads
#   Decrease Java thread stack sizes (-Xss)
#   Set larger code cache with -XX:ReservedCodeCacheSize=
#   JVM is running with Unscaled Compressed Oops mode in which the Java heap is
#     placed in the first 4GB address space. The Java Heap base address is the
#     maximum limit for the native heap growth. Please use -XX:HeapBaseMinAddress
#     to set the Java Heap base and to place the Java Heap above 4GB virtual address.
# This output file may be truncated or incomplete.
#
#  Out of Memory Error (./src/hotspot/share/memory/arena.cpp:81), pid=2888, tid=12980
#
# JRE version: OpenJDK Runtime Environment (11.0.13) (build 11.0.13+0-b1751.21-8125866)
# Java VM: OpenJDK 64-Bit Server VM (11.0.13+0-b1751.21-8125866, mixed mode, tiered, compressed oops, g1 gc, windows-amd64)
# No core dump will be written. Minidumps are not enabled by default on client versions of Windows
#

---------------  S U M M A R Y ------------

Command Line: --add-opens=java.base/java.util=ALL-UNNAMED --add-opens=java.base/java.lang=ALL-UNNAMED --add-opens=java.base/java.lang.invoke=ALL-UNNAMED --add-opens=java.base/java.util=ALL-UNNAMED --add-opens=java.prefs/java.util.prefs=ALL-UNNAMED --add-opens=java.prefs/java.util.prefs=ALL-UNNAMED --add-opens=java.base/java.nio.charset=ALL-UNNAMED --add-opens=java.base/java.net=ALL-UNNAMED --add-opens=java.base/java.util.concurrent.atomic=ALL-UNNAMED -Xmx2048m -Dfile.encoding=UTF-8 -Duser.country=US -Duser.language=en -Duser.variant org.gradle.launcher.daemon.bootstrap.GradleDaemon 7.0.2

Host: AMD Ryzen 7 3750H with Radeon Vega Mobile Gfx  , 8 cores, 9G,  Windows 10 , 64 bit Build 19041 (10.0.19041.2364)
Time: Mon Dec 26 20:59:25 2022 China Standard Time elapsed time: 269.341392 seconds (0d 0h 4m 29s)

---------------  T H R E A D  ---------------

Current thread (0x0000025b4732b000):  JavaThread "C1 CompilerThread0" daemon [_thread_in_native, id=12980, stack(0x0000006b9f300000,0x0000006b9f400000)]


Current CompileTask:
C1: 269341 11844       3       org.gradle.util.NameValidator::validate (172 bytes)

Stack: [0x0000006b9f300000,0x0000006b9f400000]
Native frames: (J=compiled Java code, j=interpreted, Vv=VM code, C=native code)
V  [jvm.dll+0x6100fa]
V  [jvm.dll+0x747090]
V  [jvm.dll+0x7486ad]
V  [jvm.dll+0x748d83]
V  [jvm.dll+0x24ab48]
V  [jvm.dll+0xc075b]
V  [jvm.dll+0xc0a0c]
V  [jvm.dll+0x24b79d]
V  [jvm.dll+0x13e95e]
V  [jvm.dll+0x1447f7]
V  [jvm.dll+0x126b01]
V  [jvm.dll+0x145822]
V  [jvm.dll+0x128bae]
V  [jvm.dll+0x1288b5]
V  [jvm.dll+0x1289d3]
V  [jvm.dll+0x127ce7]
V  [jvm.dll+0x1298b7]
V  [jvm.dll+0x21106b]
V  [jvm.dll+0x20f8c1]
V  [jvm.dll+0x70de0f]
V  [jvm.dll+0x706a75]
V  [jvm.dll+0x60ed66]
C  [ucrtbase.dll+0x21bb2]
C  [KERNEL32.DLL+0x17614]
C  [ntdll.dll+0x526a1]


---------------  P R O C E S S  ---------------

Threads class SMR info:
_java_thread_list=0x0000025b4e9072e0, length=50, elements={
0x0000025b2c535000, 0x0000025b46a81800, 0x0000025b46a84800, 0x0000025b472f2800,
0x0000025b472f5000, 0x0000025b472f6000, 0x0000025b47301000, 0x0000025b4732b000,
0x0000025b4732e000, 0x0000025b4747f800, 0x0000025b493d3800, 0x0000025b48e99800,
0x0000025b49ad9000, 0x0000025b4997b800, 0x0000025b49979000, 0x0000025b4997c800,
0x0000025b4997a800, 0x0000025b4997e000, 0x0000025b4b396800, 0x0000025b4b390800,
0x0000025b4b397000, 0x0000025b4b394000, 0x0000025b4b399800, 0x0000025b4a01a800,
0x0000025b4a01b000, 0x0000025b4a01e800, 0x0000025b4a019800, 0x0000025b4a01f800,
0x0000025b4a022800, 0x0000025b4a021000, 0x0000025b4a022000, 0x0000025b4a01d000,
0x0000025b4a023800, 0x0000025b4a01d800, 0x0000025b4a024000, 0x0000025b4a028800,
0x0000025b4a026800, 0x0000025b4a025000, 0x0000025b4a027800, 0x0000025b4a026000,
0x0000025b4b398800, 0x0000025b4b393000, 0x0000025b4b395800, 0x0000025b4b39a800,
0x0000025b4b394800, 0x0000025b4b39d800, 0x0000025b4b39b000, 0x0000025b4b39c000,
0x0000025b4b39e800, 0x0000025b4b39f800
}

Java Threads: ( => current thread )
  0x0000025b2c535000 JavaThread "main" [_thread_blocked, id=15732, stack(0x0000006b9e600000,0x0000006b9e700000)]
  0x0000025b46a81800 JavaThread "Reference Handler" daemon [_thread_blocked, id=20224, stack(0x0000006b9ed00000,0x0000006b9ee00000)]
  0x0000025b46a84800 JavaThread "Finalizer" daemon [_thread_blocked, id=13912, stack(0x0000006b9ee00000,0x0000006b9ef00000)]
  0x0000025b472f2800 JavaThread "Signal Dispatcher" daemon [_thread_blocked, id=21424, stack(0x0000006b9ef00000,0x0000006b9f000000)]
  0x0000025b472f5000 JavaThread "Attach Listener" daemon [_thread_blocked, id=16972, stack(0x0000006b9f000000,0x0000006b9f100000)]
  0x0000025b472f6000 JavaThread "Service Thread" daemon [_thread_blocked, id=18920, stack(0x0000006b9f100000,0x0000006b9f200000)]
  0x0000025b47301000 JavaThread "C2 CompilerThread0" daemon [_thread_in_native, id=15516, stack(0x0000006b9f200000,0x0000006b9f300000)]
=>0x0000025b4732b000 JavaThread "C1 CompilerThread0" daemon [_thread_in_native, id=12980, stack(0x0000006b9f300000,0x0000006b9f400000)]
  0x0000025b4732e000 JavaThread "Sweeper thread" daemon [_thread_blocked, id=16336, stack(0x0000006b9f400000,0x0000006b9f500000)]
  0x0000025b4747f800 JavaThread "Common-Cleaner" daemon [_thread_blocked, id=17668, stack(0x0000006b9f500000,0x0000006b9f600000)]
  0x0000025b493d3800 JavaThread "Daemon health stats" [_thread_blocked, id=17760, stack(0x0000006b9f800000,0x0000006b9f900000)]
  0x0000025b48e99800 JavaThread "Incoming local TCP Connector on port 50446" [_thread_in_native, id=21092, stack(0x0000006b9f700000,0x0000006b9f800000)]
  0x0000025b49ad9000 JavaThread "Daemon periodic checks" [_thread_blocked, id=15608, stack(0x0000006b9fb00000,0x0000006b9fc00000)]
  0x0000025b4997b800 JavaThread "Cache worker for file hash cache (C:\Users\User\.gradle\caches\7.0.2\fileHashes)" [_thread_blocked, id=20748, stack(0x0000006ba0800000,0x0000006ba0900000)]
  0x0000025b49979000 JavaThread "File lock request listener" [_thread_in_native, id=21208, stack(0x0000006ba0900000,0x0000006ba0a00000)]
  0x0000025b4997c800 JavaThread "Cache worker for journal cache (C:\Users\User\.gradle\caches\journal-1)" [_thread_blocked, id=17628, stack(0x0000006ba0b00000,0x0000006ba0c00000)]
  0x0000025b4997a800 JavaThread "File watcher server" daemon [_thread_in_native, id=18252, stack(0x0000006ba0e00000,0x0000006ba0f00000)]
  0x0000025b4997e000 JavaThread "File watcher consumer" daemon [_thread_blocked, id=19924, stack(0x0000006ba0f00000,0x0000006ba1000000)]
  0x0000025b4b396800 JavaThread "Cache worker for execution history cache (C:\Users\User\.gradle\caches\7.0.2\executionHistory)" [_thread_blocked, id=19600, stack(0x0000006ba1300000,0x0000006ba1400000)]
  0x0000025b4b390800 JavaThread "jar transforms" [_thread_blocked, id=7508, stack(0x0000006ba1400000,0x0000006ba1500000)]
  0x0000025b4b397000 JavaThread "jar transforms Thread 2" [_thread_blocked, id=21236, stack(0x0000006ba1500000,0x0000006ba1600000)]
  0x0000025b4b394000 JavaThread "Cache worker for file content cache (C:\Users\User\.gradle\caches\7.0.2\fileContent)" [_thread_blocked, id=2180, stack(0x0000006ba1600000,0x0000006ba1700000)]
  0x0000025b4b399800 JavaThread "jar transforms Thread 3" [_thread_blocked, id=19888, stack(0x0000006ba1800000,0x0000006ba1900000)]
  0x0000025b4a01a800 JavaThread "jar transforms Thread 4" [_thread_blocked, id=14752, stack(0x0000006ba2200000,0x0000006ba2300000)]
  0x0000025b4a01b000 JavaThread "jar transforms Thread 5" [_thread_blocked, id=3924, stack(0x0000006ba2300000,0x0000006ba2400000)]
  0x0000025b4a01e800 JavaThread "jar transforms Thread 6" [_thread_blocked, id=9924, stack(0x0000006ba2400000,0x0000006ba2500000)]
  0x0000025b4a019800 JavaThread "jar transforms Thread 7" [_thread_blocked, id=13896, stack(0x0000006ba2500000,0x0000006ba2600000)]
  0x0000025b4a01f800 JavaThread "jar transforms Thread 8" [_thread_blocked, id=20204, stack(0x0000006ba2600000,0x0000006ba2700000)]
  0x0000025b4a022800 JavaThread "Memory manager" [_thread_blocked, id=15720, stack(0x0000006ba0c00000,0x0000006ba0d00000)]
  0x0000025b4a021000 JavaThread "Daemon Thread 2" [_thread_blocked, id=4736, stack(0x0000006b9e300000,0x0000006b9e400000)]
  0x0000025b4a022000 JavaThread "Handler for socket connection from /127.0.0.1:50446 to /127.0.0.1:59080" [_thread_in_native, id=10400, stack(0x0000006b9e400000,0x0000006b9e500000)]
  0x0000025b4a01d000 JavaThread "Cancel handler" [_thread_blocked, id=20256, stack(0x0000006b9e500000,0x0000006b9e600000)]
  0x0000025b4a023800 JavaThread "Daemon worker Thread 2" [_thread_in_Java, id=8272, stack(0x0000006b9fc00000,0x0000006b9fd00000)]
  0x0000025b4a01d800 JavaThread "Asynchronous log dispatcher for DefaultDaemonConnection: socket connection from /127.0.0.1:50446 to /127.0.0.1:59080" [_thread_blocked, id=15908, stack(0x0000006b9fd00000,0x0000006b9fe00000)]
  0x0000025b4a024000 JavaThread "Stdin handler" [_thread_blocked, id=16312, stack(0x0000006b9fe00000,0x0000006b9ff00000)]
  0x0000025b4a028800 JavaThread "Daemon client event forwarder" [_thread_blocked, id=10108, stack(0x0000006b9ff00000,0x0000006ba0000000)]
  0x0000025b4a026800 JavaThread "Cache worker for file hash cache (C:\Users\User\StudioProjects\AndroidEatit\.gradle\7.0.2\fileHashes)" [_thread_blocked, id=1304, stack(0x0000006ba0000000,0x0000006ba0100000)]
  0x0000025b4a025000 JavaThread "Cache worker for checksums cache (C:\Users\User\StudioProjects\AndroidEatit\.gradle\checksums)" [_thread_blocked, id=16804, stack(0x0000006ba0100000,0x0000006ba0200000)]
  0x0000025b4a027800 JavaThread "Cache worker for cache directory md-supplier (C:\Users\User\.gradle\caches\7.0.2\md-supplier)" [_thread_blocked, id=9608, stack(0x0000006ba0200000,0x0000006ba0300000)]
  0x0000025b4a026000 JavaThread "Cache worker for cache directory md-rule (C:\Users\User\.gradle\caches\7.0.2\md-rule)" [_thread_blocked, id=7228, stack(0x0000006ba0d00000,0x0000006ba0e00000)]
  0x0000025b4b398800 JavaThread "Cache worker for dependencies-accessors (C:\Users\User\StudioProjects\AndroidEatit\.gradle\7.0.2\dependencies-accessors)" [_thread_blocked, id=10764, stack(0x0000006ba1000000,0x0000006ba1100000)]
  0x0000025b4b393000 JavaThread "Cache worker for Build Output Cleanup Cache (C:\Users\User\StudioProjects\AndroidEatit\.gradle\buildOutputCleanup)" [_thread_blocked, id=21020, stack(0x0000006ba1100000,0x0000006ba1200000)]
  0x0000025b4b395800 JavaThread "Build operations" [_thread_blocked, id=15764, stack(0x0000006ba1200000,0x0000006ba1300000)]
  0x0000025b4b39a800 JavaThread "Build operations Thread 2" [_thread_blocked, id=21416, stack(0x0000006ba1700000,0x0000006ba1800000)]
  0x0000025b4b394800 JavaThread "Build operations Thread 3" [_thread_blocked, id=16096, stack(0x0000006ba1900000,0x0000006ba1a00000)]
  0x0000025b4b39d800 JavaThread "Build operations Thread 4" [_thread_blocked, id=17592, stack(0x0000006ba1a00000,0x0000006ba1b00000)]
  0x0000025b4b39b000 JavaThread "Build operations Thread 5" [_thread_blocked, id=4660, stack(0x0000006ba1b00000,0x0000006ba1c00000)]
  0x0000025b4b39c000 JavaThread "Build operations Thread 6" [_thread_blocked, id=2140, stack(0x0000006ba1c00000,0x0000006ba1d00000)]
  0x0000025b4b39e800 JavaThread "Build operations Thread 7" [_thread_blocked, id=19492, stack(0x0000006ba1d00000,0x0000006ba1e00000)]
  0x0000025b4b39f800 JavaThread "Build operations Thread 8" [_thread_blocked, id=6584, stack(0x0000006ba1e00000,0x0000006ba1f00000)]

Other Threads:
  0x0000025b46a6c800 VMThread "VM Thread" [stack: 0x0000006b9ec00000,0x0000006b9ed00000] [id=13836]
  0x0000025b47484000 WatcherThread [stack: 0x0000006b9f600000,0x0000006b9f700000] [id=4196]
  0x0000025b2c54d800 GCTaskThread "GC Thread#0" [stack: 0x0000006b9e700000,0x0000006b9e800000] [id=17136]
  0x0000025b47572000 GCTaskThread "GC Thread#1" [stack: 0x0000006b9f900000,0x0000006b9fa00000] [id=13292]
  0x0000025b4848a000 GCTaskThread "GC Thread#2" [stack: 0x0000006b9fa00000,0x0000006b9fb00000] [id=19948]
  0x0000025b49acc800 GCTaskThread "GC Thread#3" [stack: 0x0000006ba0300000,0x0000006ba0400000] [id=12000]
  0x0000025b487d2000 GCTaskThread "GC Thread#4" [stack: 0x0000006ba0400000,0x0000006ba0500000] [id=16744]
  0x0000025b482f5800 GCTaskThread "GC Thread#5" [stack: 0x0000006ba0500000,0x0000006ba0600000] [id=20572]
  0x0000025b4976c800 GCTaskThread "GC Thread#6" [stack: 0x0000006ba0600000,0x0000006ba0700000] [id=20788]
  0x0000025b49303000 GCTaskThread "GC Thread#7" [stack: 0x0000006ba0700000,0x0000006ba0800000] [id=20916]
  0x0000025b2c581800 ConcurrentGCThread "G1 Main Marker" [stack: 0x0000006b9e800000,0x0000006b9e900000] [id=18684]
  0x0000025b2c582800 ConcurrentGCThread "G1 Conc#0" [stack: 0x0000006b9e900000,0x0000006b9ea00000] [id=19652]
  0x0000025b497e6800 ConcurrentGCThread "G1 Conc#1" [stack: 0x0000006ba0a00000,0x0000006ba0b00000] [id=2376]
  0x0000025b2c60e000 ConcurrentGCThread "G1 Refine#0" [stack: 0x0000006b9ea00000,0x0000006b9eb00000] [id=20520]
  0x0000025b468c2800 ConcurrentGCThread "G1 Young RemSet Sampling" [stack: 0x0000006b9eb00000,0x0000006b9ec00000] [id=13844]

Threads with active compile tasks:
C2 CompilerThread0 269384 11772   !   4       com.google.common.reflect.TypeVisitor::visit (225 bytes)
C1 CompilerThread0 269384 11844       3       org.gradle.util.NameValidator::validate (172 bytes)

VM state:not at safepoint (normal execution)

VM Mutex/Monitor currently owned by a thread: None

Heap address: 0x0000000080000000, size: 2048 MB, Compressed Oops mode: 32-bit
Narrow klass base: 0x0000000000000000, Narrow klass shift: 3
Compressed class space size: 1073741824 Address: 0x0000000100000000

Heap:
 garbage-first heap   total 163840K, used 133536K [0x0000000080000000, 0x0000000100000000)
  region size 1024K, 43 young (44032K), 4 survivors (4096K)
 Metaspace       used 88146K, capacity 90502K, committed 91088K, reserved 1128448K
  class space    used 11246K, capacity 12118K, committed 12288K, reserved 1048576K
Heap Regions: E=young(eden), S=young(survivor), O=old, HS=humongous(starts), HC=humongous(continues), CS=collection set, F=free, A=archive, TAMS=top-at-mark-start (previous, next)
|   0|0x0000000080000000, 0x0000000080100000, 0x0000000080100000|100%| O|  |TAMS 0x0000000080100000, 0x0000000080000000| Untracked 
|   1|0x0000000080100000, 0x0000000080200000, 0x0000000080200000|100%| O|  |TAMS 0x0000000080200000, 0x0000000080100000| Untracked 
|   2|0x0000000080200000, 0x0000000080300000, 0x0000000080300000|100%| O|  |TAMS 0x0000000080300000, 0x0000000080200000| Untracked 
|   3|0x0000000080300000, 0x0000000080400000, 0x0000000080400000|100%|HS|  |TAMS 0x0000000080400000, 0x0000000080300000| Complete 
|   4|0x0000000080400000, 0x0000000080500000, 0x0000000080500000|100%|HC|  |TAMS 0x0000000080500000, 0x0000000080400000| Complete 
|   5|0x0000000080500000, 0x0000000080600000, 0x0000000080600000|100%|HC|  |TAMS 0x0000000080600000, 0x0000000080500000| Complete 
|   6|0x0000000080600000, 0x0000000080700000, 0x0000000080700000|100%| O|  |TAMS 0x0000000080700000, 0x0000000080600000| Untracked 
|   7|0x0000000080700000, 0x0000000080800000, 0x0000000080800000|100%| O|  |TAMS 0x0000000080800000, 0x0000000080700000| Complete 
|   8|0x0000000080800000, 0x0000000080900000, 0x0000000080900000|100%| O|  |TAMS 0x0000000080900000, 0x0000000080800000| Untracked 
|   9|0x0000000080900000, 0x0000000080a00000, 0x0000000080a00000|100%| O|  |TAMS 0x0000000080a00000, 0x0000000080900000| Complete 
|  10|0x0000000080a00000, 0x0000000080b00000, 0x0000000080b00000|100%| O|  |TAMS 0x0000000080b00000, 0x0000000080a00000| Complete 
|  11|0x0000000080b00000, 0x0000000080c00000, 0x0000000080c00000|100%| O|  |TAMS 0x0000000080c00000, 0x0000000080b00000| Untracked 
|  12|0x0000000080c00000, 0x0000000080d00000, 0x0000000080d00000|100%| O|  |TAMS 0x0000000080d00000, 0x0000000080c00000| Untracked 
|  13|0x0000000080d00000, 0x0000000080e00000, 0x0000000080e00000|100%| O|  |TAMS 0x0000000080e00000, 0x0000000080d00000| Untracked 
|  14|0x0000000080e00000, 0x0000000080f00000, 0x0000000080f00000|100%| O|  |TAMS 0x0000000080f00000, 0x0000000080e00000| Untracked 
|  15|0x0000000080f00000, 0x0000000081000000, 0x0000000081000000|100%| O|  |TAMS 0x0000000081000000, 0x0000000080f00000| Untracked 
|  16|0x0000000081000000, 0x0000000081100000, 0x0000000081100000|100%| O|  |TAMS 0x0000000081100000, 0x0000000081000000| Complete 
|  17|0x0000000081100000, 0x0000000081200000, 0x0000000081200000|100%|HS|  |TAMS 0x0000000081200000, 0x0000000081100000| Complete 
|  18|0x0000000081200000, 0x0000000081300000, 0x0000000081300000|100%| O|  |TAMS 0x0000000081300000, 0x0000000081200000| Untracked 
|  19|0x0000000081300000, 0x0000000081400000, 0x0000000081400000|100%| O|  |TAMS 0x0000000081400000, 0x0000000081300000| Untracked 
|  20|0x0000000081400000, 0x0000000081500000, 0x0000000081500000|100%| O|  |TAMS 0x0000000081500000, 0x0000000081400000| Complete 
|  21|0x0000000081500000, 0x0000000081600000, 0x0000000081600000|100%| O|  |TAMS 0x0000000081600000, 0x0000000081500000| Untracked 
|  22|0x0000000081600000, 0x0000000081700000, 0x0000000081700000|100%| O|  |TAMS 0x0000000081700000, 0x0000000081600000| Untracked 
|  23|0x0000000081700000, 0x0000000081800000, 0x0000000081800000|100%| O|  |TAMS 0x0000000081800000, 0x0000000081700000| Untracked 
|  24|0x0000000081800000, 0x0000000081900000, 0x0000000081900000|100%|HS|  |TAMS 0x0000000081900000, 0x0000000081800000| Complete 
|  25|0x0000000081900000, 0x0000000081a00000, 0x0000000081a00000|100%|HS|  |TAMS 0x0000000081a00000, 0x0000000081900000| Complete 
|  26|0x0000000081a00000, 0x0000000081b00000, 0x0000000081b00000|100%|HC|  |TAMS 0x0000000081b00000, 0x0000000081a00000| Complete 
|  27|0x0000000081b00000, 0x0000000081c00000, 0x0000000081c00000|100%| O|  |TAMS 0x0000000081c00000, 0x0000000081b00000| Untracked 
|  28|0x0000000081c00000, 0x0000000081d00000, 0x0000000081d00000|100%| O|  |TAMS 0x0000000081d00000, 0x0000000081c00000| Untracked 
|  29|0x0000000081d00000, 0x0000000081e00000, 0x0000000081e00000|100%| O|  |TAMS 0x0000000081e00000, 0x0000000081d00000| Untracked 
|  30|0x0000000081e00000, 0x0000000081f00000, 0x0000000081f00000|100%| O|  |TAMS 0x0000000081f00000, 0x0000000081e00000| Untracked 
|  31|0x0000000081f00000, 0x0000000082000000, 0x0000000082000000|100%| O|  |TAMS 0x0000000082000000, 0x0000000081f00000| Complete 
|  32|0x0000000082000000, 0x0000000082100000, 0x0000000082100000|100%| O|  |TAMS 0x0000000082100000, 0x0000000082000000| Complete 
|  33|0x0000000082100000, 0x0000000082200000, 0x0000000082200000|100%| O|  |TAMS 0x0000000082200000, 0x0000000082100000| Complete 
|  34|0x0000000082200000, 0x0000000082300000, 0x0000000082300000|100%| O|  |TAMS 0x0000000082300000, 0x0000000082200000| Untracked 
|  35|0x0000000082300000, 0x0000000082400000, 0x0000000082400000|100%| O|  |TAMS 0x0000000082400000, 0x0000000082300000| Untracked 
|  36|0x0000000082400000, 0x0000000082500000, 0x0000000082500000|100%| O|  |TAMS 0x0000000082500000, 0x0000000082400000| Untracked 
|  37|0x0000000082500000, 0x0000000082600000, 0x0000000082600000|100%| O|  |TAMS 0x0000000082600000, 0x0000000082500000| Untracked 
|  38|0x0000000082600000, 0x0000000082700000, 0x0000000082700000|100%| O|  |TAMS 0x0000000082700000, 0x0000000082600000| Untracked 
|  39|0x0000000082700000, 0x0000000082800000, 0x0000000082800000|100%| O|  |TAMS 0x0000000082800000, 0x0000000082700000| Untracked 
|  40|0x0000000082800000, 0x0000000082900000, 0x0000000082900000|100%| O|  |TAMS 0x0000000082900000, 0x0000000082800000| Untracked 
|  41|0x0000000082900000, 0x0000000082a00000, 0x0000000082a00000|100%| O|  |TAMS 0x0000000082a00000, 0x0000000082900000| Untracked 
|  42|0x0000000082a00000, 0x0000000082b00000, 0x0000000082b00000|100%| O|  |TAMS 0x0000000082b00000, 0x0000000082a00000| Complete 
|  43|0x0000000082b00000, 0x0000000082c00000, 0x0000000082c00000|100%| O|  |TAMS 0x0000000082c00000, 0x0000000082b00000| Complete 
|  44|0x0000000082c00000, 0x0000000082d00000, 0x0000000082d00000|100%| O|  |TAMS 0x0000000082d00000, 0x0000000082c00000| Complete 
|  45|0x0000000082d00000, 0x0000000082e00000, 0x0000000082e00000|100%| O|  |TAMS 0x0000000082e00000, 0x0000000082d00000| Complete 
|  46|0x0000000082e00000, 0x0000000082f00000, 0x0000000082f00000|100%| O|  |TAMS 0x0000000082f00000, 0x0000000082e00000| Untracked 
|  47|0x0000000082f00000, 0x0000000083000000, 0x0000000083000000|100%| O|  |TAMS 0x0000000083000000, 0x0000000082f00000| Untracked 
|  48|0x0000000083000000, 0x0000000083100000, 0x0000000083100000|100%| O|  |TAMS 0x0000000083100000, 0x0000000083000000| Untracked 
|  49|0x0000000083100000, 0x0000000083200000, 0x0000000083200000|100%| O|  |TAMS 0x0000000083200000, 0x0000000083100000| Untracked 
|  50|0x0000000083200000, 0x0000000083300000, 0x0000000083300000|100%| O|  |TAMS 0x0000000083300000, 0x0000000083200000| Untracked 
|  51|0x0000000083300000, 0x0000000083400000, 0x0000000083400000|100%| O|  |TAMS 0x0000000083400000, 0x0000000083300000| Untracked 
|  52|0x0000000083400000, 0x0000000083500000, 0x0000000083500000|100%| O|  |TAMS 0x0000000083500000, 0x0000000083400000| Untracked 
|  53|0x0000000083500000, 0x0000000083600000, 0x0000000083600000|100%| O|  |TAMS 0x0000000083600000, 0x0000000083500000| Untracked 
|  54|0x0000000083600000, 0x0000000083700000, 0x0000000083700000|100%| O|  |TAMS 0x0000000083700000, 0x0000000083600000| Untracked 
|  55|0x0000000083700000, 0x0000000083800000, 0x0000000083800000|100%| O|  |TAMS 0x0000000083800000, 0x0000000083700000| Complete 
|  56|0x0000000083800000, 0x0000000083900000, 0x0000000083900000|100%| O|  |TAMS 0x0000000083900000, 0x0000000083800000| Untracked 
|  57|0x0000000083900000, 0x0000000083a00000, 0x0000000083a00000|100%| O|  |TAMS 0x0000000083a00000, 0x0000000083900000| Untracked 
|  58|0x0000000083a00000, 0x0000000083b00000, 0x0000000083b00000|100%| O|  |TAMS 0x0000000083b00000, 0x0000000083a00000| Untracked 
|  59|0x0000000083b00000, 0x0000000083c00000, 0x0000000083c00000|100%| O|  |TAMS 0x0000000083c00000, 0x0000000083b00000| Untracked 
|  60|0x0000000083c00000, 0x0000000083d00000, 0x0000000083d00000|100%| O|  |TAMS 0x0000000083d00000, 0x0000000083c00000| Untracked 
|  61|0x0000000083d00000, 0x0000000083e00000, 0x0000000083e00000|100%| O|  |TAMS 0x0000000083e00000, 0x0000000083d00000| Untracked 
|  62|0x0000000083e00000, 0x0000000083f00000, 0x0000000083f00000|100%| O|  |TAMS 0x0000000083f00000, 0x0000000083e00000| Untracked 
|  63|0x0000000083f00000, 0x0000000084000000, 0x0000000084000000|100%| O|  |TAMS 0x0000000084000000, 0x0000000083f00000| Untracked 
|  64|0x0000000084000000, 0x0000000084100000, 0x0000000084100000|100%| O|  |TAMS 0x0000000084100000, 0x0000000084000000| Untracked 
|  65|0x0000000084100000, 0x0000000084200000, 0x0000000084200000|100%| O|  |TAMS 0x0000000084200000, 0x0000000084100000| Untracked 
|  66|0x0000000084200000, 0x0000000084300000, 0x0000000084300000|100%| O|  |TAMS 0x0000000084300000, 0x0000000084200000| Untracked 
|  67|0x0000000084300000, 0x0000000084400000, 0x0000000084400000|100%| O|  |TAMS 0x0000000084400000, 0x0000000084300000| Untracked 
|  68|0x0000000084400000, 0x0000000084500000, 0x0000000084500000|100%| O|  |TAMS 0x0000000084500000, 0x0000000084400000| Untracked 
|  69|0x0000000084500000, 0x0000000084600000, 0x0000000084600000|100%| O|  |TAMS 0x0000000084600000, 0x0000000084500000| Complete 
|  70|0x0000000084600000, 0x0000000084700000, 0x0000000084700000|100%| O|  |TAMS 0x0000000084700000, 0x0000000084600000| Complete 
|  71|0x0000000084700000, 0x0000000084800000, 0x0000000084800000|100%| O|  |TAMS 0x0000000084800000, 0x0000000084700000| Complete 
|  72|0x0000000084800000, 0x0000000084900000, 0x0000000084900000|100%| O|  |TAMS 0x0000000084900000, 0x0000000084800000| Complete 
|  73|0x0000000084900000, 0x0000000084a00000, 0x0000000084a00000|100%| O|  |TAMS 0x0000000084a00000, 0x0000000084900000| Untracked 
|  74|0x0000000084a00000, 0x0000000084b00000, 0x0000000084b00000|100%| O|  |TAMS 0x0000000084b00000, 0x0000000084a00000| Complete 
|  75|0x0000000084b00000, 0x0000000084c00000, 0x0000000084c00000|100%| O|  |TAMS 0x0000000084c00000, 0x0000000084b00000| Untracked 
|  76|0x0000000084c00000, 0x0000000084d00000, 0x0000000084d00000|100%| O|  |TAMS 0x0000000084d00000, 0x0000000084c00000| Untracked 
|  77|0x0000000084d00000, 0x0000000084e00000, 0x0000000084e00000|100%| O|  |TAMS 0x0000000084e00000, 0x0000000084d00000| Complete 
|  78|0x0000000084e00000, 0x0000000084f00000, 0x0000000084f00000|100%| O|  |TAMS 0x0000000084f00000, 0x0000000084e00000| Complete 
|  79|0x0000000084f00000, 0x0000000085000000, 0x0000000085000000|100%| O|  |TAMS 0x0000000085000000, 0x0000000084f00000| Untracked 
|  80|0x0000000085000000, 0x0000000085100000, 0x0000000085100000|100%| O|  |TAMS 0x0000000085100000, 0x0000000085000000| Complete 
|  81|0x0000000085100000, 0x0000000085200000, 0x0000000085200000|100%| O|  |TAMS 0x0000000085200000, 0x0000000085100000| Untracked 
|  82|0x0000000085200000, 0x0000000085300000, 0x0000000085300000|100%| O|  |TAMS 0x0000000085300000, 0x0000000085200000| Untracked 
|  83|0x0000000085300000, 0x0000000085400000, 0x0000000085400000|100%| O|  |TAMS 0x0000000085400000, 0x0000000085300000| Complete 
|  84|0x0000000085400000, 0x0000000085500000, 0x0000000085500000|100%| O|  |TAMS 0x0000000085500000, 0x0000000085400000| Complete 
|  85|0x0000000085500000, 0x0000000085600000, 0x0000000085600000|100%| O|  |TAMS 0x0000000085600000, 0x0000000085500000| Complete 
|  86|0x0000000085600000, 0x0000000085700000, 0x0000000085700000|100%| O|  |TAMS 0x0000000085700000, 0x0000000085600000| Complete 
|  87|0x0000000085700000, 0x0000000085800000, 0x0000000085800000|100%| O|  |TAMS 0x0000000085800000, 0x0000000085700000| Untracked 
|  88|0x0000000085800000, 0x0000000085900000, 0x0000000085900000|100%| O|  |TAMS 0x0000000085900000, 0x0000000085800000| Untracked 
|  89|0x0000000085900000, 0x00000000859e3a00, 0x0000000085a00000| 88%| O|  |TAMS 0x00000000859e3a00, 0x0000000085900000| Untracked 
|  90|0x0000000085a00000, 0x0000000085a00000, 0x0000000085b00000|  0%| F|  |TAMS 0x0000000085a00000, 0x0000000085a00000| Untracked 
|  91|0x0000000085b00000, 0x0000000085b00000, 0x0000000085c00000|  0%| F|  |TAMS 0x0000000085b00000, 0x0000000085b00000| Untracked 
|  92|0x0000000085c00000, 0x0000000085c00000, 0x0000000085d00000|  0%| F|  |TAMS 0x0000000085c00000, 0x0000000085c00000| Untracked 
|  93|0x0000000085d00000, 0x0000000085d00000, 0x0000000085e00000|  0%| F|  |TAMS 0x0000000085d00000, 0x0000000085d00000| Untracked 
|  94|0x0000000085e00000, 0x0000000085e00000, 0x0000000085f00000|  0%| F|  |TAMS 0x0000000085e00000, 0x0000000085e00000| Untracked 
|  95|0x0000000085f00000, 0x0000000085f00000, 0x0000000086000000|  0%| F|  |TAMS 0x0000000085f00000, 0x0000000085f00000| Untracked 
|  96|0x0000000086000000, 0x0000000086000000, 0x0000000086100000|  0%| F|  |TAMS 0x0000000086000000, 0x0000000086000000| Untracked 
|  97|0x0000000086100000, 0x0000000086100000, 0x0000000086200000|  0%| F|  |TAMS 0x0000000086100000, 0x0000000086100000| Untracked 
|  98|0x0000000086200000, 0x0000000086200000, 0x0000000086300000|  0%| F|  |TAMS 0x0000000086200000, 0x0000000086200000| Untracked 
|  99|0x0000000086300000, 0x0000000086300000, 0x0000000086400000|  0%| F|  |TAMS 0x0000000086300000, 0x0000000086300000| Untracked 
| 100|0x0000000086400000, 0x0000000086400000, 0x0000000086500000|  0%| F|  |TAMS 0x0000000086400000, 0x0000000086400000| Untracked 
| 101|0x0000000086500000, 0x0000000086500000, 0x0000000086600000|  0%| F|  |TAMS 0x0000000086500000, 0x0000000086500000| Untracked 
| 102|0x0000000086600000, 0x0000000086600000, 0x0000000086700000|  0%| F|  |TAMS 0x0000000086600000, 0x0000000086600000| Untracked 
| 103|0x0000000086700000, 0x0000000086700000, 0x0000000086800000|  0%| F|  |TAMS 0x0000000086700000, 0x0000000086700000| Untracked 
| 104|0x0000000086800000, 0x0000000086800000, 0x0000000086900000|  0%| F|  |TAMS 0x0000000086800000, 0x0000000086800000| Untracked 
| 105|0x0000000086900000, 0x0000000086900000, 0x0000000086a00000|  0%| F|  |TAMS 0x0000000086900000, 0x0000000086900000| Untracked 
| 106|0x0000000086a00000, 0x0000000086a00000, 0x0000000086b00000|  0%| F|  |TAMS 0x0000000086a00000, 0x0000000086a00000| Untracked 
| 107|0x0000000086b00000, 0x0000000086b00000, 0x0000000086c00000|  0%| F|  |TAMS 0x0000000086b00000, 0x0000000086b00000| Untracked 
| 108|0x0000000086c00000, 0x0000000086c00000, 0x0000000086d00000|  0%| F|  |TAMS 0x0000000086c00000, 0x0000000086c00000| Untracked 
| 109|0x0000000086d00000, 0x0000000086d00000, 0x0000000086e00000|  0%| F|  |TAMS 0x0000000086d00000, 0x0000000086d00000| Untracked 
| 110|0x0000000086e00000, 0x0000000086e00000, 0x0000000086f00000|  0%| F|  |TAMS 0x0000000086e00000, 0x0000000086e00000| Untracked 
| 111|0x0000000086f00000, 0x0000000086f00000, 0x0000000087000000|  0%| F|  |TAMS 0x0000000086f00000, 0x0000000086f00000| Untracked 
| 112|0x0000000087000000, 0x0000000087000000, 0x0000000087100000|  0%| F|  |TAMS 0x0000000087000000, 0x0000000087000000| Untracked 
| 113|0x0000000087100000, 0x0000000087100000, 0x0000000087200000|  0%| F|  |TAMS 0x0000000087100000, 0x0000000087100000| Untracked 
| 114|0x0000000087200000, 0x0000000087284630, 0x0000000087300000| 51%| S|CS|TAMS 0x0000000087200000, 0x0000000087200000| Complete 
| 115|0x0000000087300000, 0x0000000087400000, 0x0000000087400000|100%| S|CS|TAMS 0x0000000087300000, 0x0000000087300000| Complete 
| 116|0x0000000087400000, 0x0000000087400000, 0x0000000087500000|  0%| F|  |TAMS 0x0000000087400000, 0x0000000087400000| Untracked 
| 117|0x0000000087500000, 0x0000000087600000, 0x0000000087600000|100%| S|CS|TAMS 0x0000000087500000, 0x0000000087500000| Complete 
| 118|0x0000000087600000, 0x0000000087700000, 0x0000000087700000|100%| S|CS|TAMS 0x0000000087600000, 0x0000000087600000| Complete 
| 119|0x0000000087700000, 0x0000000087700000, 0x0000000087800000|  0%| F|  |TAMS 0x0000000087700000, 0x0000000087700000| Untracked 
| 120|0x0000000087800000, 0x0000000087800000, 0x0000000087900000|  0%| F|  |TAMS 0x0000000087800000, 0x0000000087800000| Untracked 
| 121|0x0000000087900000, 0x00000000879acbc8, 0x0000000087a00000| 67%| E|  |TAMS 0x0000000087900000, 0x0000000087900000| Complete 
| 122|0x0000000087a00000, 0x0000000087b00000, 0x0000000087b00000|100%| E|CS|TAMS 0x0000000087a00000, 0x0000000087a00000| Complete 
| 123|0x0000000087b00000, 0x0000000087c00000, 0x0000000087c00000|100%| E|CS|TAMS 0x0000000087b00000, 0x0000000087b00000| Complete 
| 124|0x0000000087c00000, 0x0000000087d00000, 0x0000000087d00000|100%| E|CS|TAMS 0x0000000087c00000, 0x0000000087c00000| Complete 
| 125|0x0000000087d00000, 0x0000000087e00000, 0x0000000087e00000|100%| E|CS|TAMS 0x0000000087d00000, 0x0000000087d00000| Complete 
| 126|0x0000000087e00000, 0x0000000087f00000, 0x0000000087f00000|100%| E|CS|TAMS 0x0000000087e00000, 0x0000000087e00000| Complete 
| 127|0x0000000087f00000, 0x0000000088000000, 0x0000000088000000|100%| E|CS|TAMS 0x0000000087f00000, 0x0000000087f00000| Complete 
| 128|0x0000000088000000, 0x0000000088100000, 0x0000000088100000|100%| E|CS|TAMS 0x0000000088000000, 0x0000000088000000| Complete 
| 129|0x0000000088100000, 0x0000000088200000, 0x0000000088200000|100%| E|CS|TAMS 0x0000000088100000, 0x0000000088100000| Complete 
| 130|0x0000000088200000, 0x0000000088300000, 0x0000000088300000|100%| E|CS|TAMS 0x0000000088200000, 0x0000000088200000| Complete 
| 131|0x0000000088300000, 0x0000000088400000, 0x0000000088400000|100%| E|CS|TAMS 0x0000000088300000, 0x0000000088300000| Complete 
| 132|0x0000000088400000, 0x0000000088500000, 0x0000000088500000|100%| E|CS|TAMS 0x0000000088400000, 0x0000000088400000| Complete 
| 133|0x0000000088500000, 0x0000000088600000, 0x0000000088600000|100%| E|CS|TAMS 0x0000000088500000, 0x0000000088500000| Complete 
| 134|0x0000000088600000, 0x0000000088700000, 0x0000000088700000|100%| E|CS|TAMS 0x0000000088600000, 0x0000000088600000| Complete 
| 135|0x0000000088700000, 0x0000000088800000, 0x0000000088800000|100%| E|CS|TAMS 0x0000000088700000, 0x0000000088700000| Complete 
| 136|0x0000000088800000, 0x0000000088900000, 0x0000000088900000|100%| E|CS|TAMS 0x0000000088800000, 0x0000000088800000| Complete 
| 137|0x0000000088900000, 0x0000000088a00000, 0x0000000088a00000|100%| E|CS|TAMS 0x0000000088900000, 0x0000000088900000| Complete 
| 138|0x0000000088a00000, 0x0000000088b00000, 0x0000000088b00000|100%| E|CS|TAMS 0x0000000088a00000, 0x0000000088a00000| Complete 
| 139|0x0000000088b00000, 0x0000000088c00000, 0x0000000088c00000|100%| E|CS|TAMS 0x0000000088b00000, 0x0000000088b00000| Complete 
| 140|0x0000000088c00000, 0x0000000088d00000, 0x0000000088d00000|100%| E|CS|TAMS 0x0000000088c00000, 0x0000000088c00000| Complete 
| 141|0x0000000088d00000, 0x0000000088e00000, 0x0000000088e00000|100%| E|CS|TAMS 0x0000000088d00000, 0x0000000088d00000| Complete 
| 142|0x0000000088e00000, 0x0000000088f00000, 0x0000000088f00000|100%| E|CS|TAMS 0x0000000088e00000, 0x0000000088e00000| Complete 
| 143|0x0000000088f00000, 0x0000000089000000, 0x0000000089000000|100%| E|CS|TAMS 0x0000000088f00000, 0x0000000088f00000| Complete 
| 144|0x0000000089000000, 0x0000000089100000, 0x0000000089100000|100%| E|CS|TAMS 0x0000000089000000, 0x0000000089000000| Complete 
| 145|0x0000000089100000, 0x0000000089200000, 0x0000000089200000|100%| E|  |TAMS 0x0000000089100000, 0x0000000089100000| Complete 
| 146|0x0000000089200000, 0x0000000089300000, 0x0000000089300000|100%| E|CS|TAMS 0x0000000089200000, 0x0000000089200000| Complete 
| 147|0x0000000089300000, 0x0000000089400000, 0x0000000089400000|100%| E|CS|TAMS 0x0000000089300000, 0x0000000089300000| Complete 
| 148|0x0000000089400000, 0x0000000089500000, 0x0000000089500000|100%| E|CS|TAMS 0x0000000089400000, 0x0000000089400000| Complete 
| 149|0x0000000089500000, 0x0000000089600000, 0x0000000089600000|100%| E|CS|TAMS 0x0000000089500000, 0x0000000089500000| Complete 
| 150|0x0000000089600000, 0x0000000089700000, 0x0000000089700000|100%| E|CS|TAMS 0x0000000089600000, 0x0000000089600000| Complete 
| 151|0x0000000089700000, 0x0000000089800000, 0x0000000089800000|100%| E|CS|TAMS 0x0000000089700000, 0x0000000089700000| Complete 
| 152|0x0000000089800000, 0x0000000089900000, 0x0000000089900000|100%| E|CS|TAMS 0x0000000089800000, 0x0000000089800000| Complete 
| 153|0x0000000089900000, 0x0000000089a00000, 0x0000000089a00000|100%| E|CS|TAMS 0x0000000089900000, 0x0000000089900000| Complete 
| 154|0x0000000089a00000, 0x0000000089b00000, 0x0000000089b00000|100%| E|CS|TAMS 0x0000000089a00000, 0x0000000089a00000| Complete 
| 155|0x0000000089b00000, 0x0000000089c00000, 0x0000000089c00000|100%| E|CS|TAMS 0x0000000089b00000, 0x0000000089b00000| Complete 
| 156|0x0000000089c00000, 0x0000000089d00000, 0x0000000089d00000|100%| E|CS|TAMS 0x0000000089c00000, 0x0000000089c00000| Complete 
| 157|0x0000000089d00000, 0x0000000089e00000, 0x0000000089e00000|100%| E|CS|TAMS 0x0000000089d00000, 0x0000000089d00000| Complete 
| 158|0x0000000089e00000, 0x0000000089f00000, 0x0000000089f00000|100%| E|CS|TAMS 0x0000000089e00000, 0x0000000089e00000| Complete 
| 159|0x0000000089f00000, 0x000000008a000000, 0x000000008a000000|100%| E|CS|TAMS 0x0000000089f00000, 0x0000000089f00000| Complete 

Card table byte_map: [0x0000025b3f780000,0x0000025b3fb80000] _byte_map_base: 0x0000025b3f380000

Marking Bits (Prev, Next): (CMBitMap*) 0x0000025b2c578970, (CMBitMap*) 0x0000025b2c578938
 Prev Bits: [0x0000025b41f80000, 0x0000025b43f80000)
 Next Bits: [0x0000025b3ff80000, 0x0000025b41f80000)

Polling page: 0x0000025b2bd10000

Metaspace:

Usage:
  Non-class:     76.55 MB capacity,    75.10 MB ( 98%) used,     1.21 MB (  2%) free+waste,   250.88 KB ( <1%) overhead. 
      Class:     11.83 MB capacity,    10.98 MB ( 93%) used,   759.72 KB (  6%) free+waste,   111.38 KB ( <1%) overhead. 
       Both:     88.38 MB capacity,    86.08 MB ( 97%) used,     1.95 MB (  2%) free+waste,   362.25 KB ( <1%) overhead. 

Virtual space:
  Non-class space:       78.00 MB reserved,      76.95 MB ( 99%) committed 
      Class space:        1.00 GB reserved,      12.00 MB (  1%) committed 
             Both:        1.08 GB reserved,      88.95 MB (  8%) committed 

Chunk freelists:
   Non-Class:  224.00 KB
       Class:  170.00 KB
        Both:  394.00 KB

MaxMetaspaceSize: 17179869184.00 GB
CompressedClassSpaceSize: 1.00 GB
Initial GC threshold: 20.80 MB
Current GC threshold: 146.59 MB
CDS: off

CodeHeap 'non-profiled nmethods': size=120000Kb used=6541Kb max_used=6541Kb free=113458Kb
 bounds [0x0000025b37b20000, 0x0000025b38190000, 0x0000025b3f050000]
CodeHeap 'profiled nmethods': size=120000Kb used=24412Kb max_used=24412Kb free=95587Kb
 bounds [0x0000025b305f0000, 0x0000025b31dd0000, 0x0000025b37b20000]
CodeHeap 'non-nmethods': size=5760Kb used=2382Kb max_used=2439Kb free=3377Kb
 bounds [0x0000025b30050000, 0x0000025b302c0000, 0x0000025b305f0000]
 total_blobs=12534 nmethods=11627 adapters=819
 compilation: enabled
              stopped_count=0, restarted_count=0
 full_count=0

Compilation events (20 events):
Event: 269.330 Thread 0x0000025b4732b000 nmethod 11835 0x0000025b31dc2090 code [0x0000025b31dc23a0, 0x0000025b31dc36e8]
Event: 269.330 Thread 0x0000025b4732b000 11834       3       kotlin.SynchronizedLazyImpl::<init> (15 bytes)
Event: 269.330 Thread 0x0000025b4732b000 nmethod 11834 0x0000025b31dc3f10 code [0x0000025b31dc40c0, 0x0000025b31dc4228]
Event: 269.330 Thread 0x0000025b4732b000 11836       3       org.gradle.api.internal.artifacts.configurations.DefaultConfiguration::addMutationValidator (12 bytes)
Event: 269.331 Thread 0x0000025b4732b000 nmethod 11836 0x0000025b31dc4310 code [0x0000025b31dc44c0, 0x0000025b31dc4688]
Event: 269.331 Thread 0x0000025b4732b000 11837       1       com.android.build.gradle.internal.services.ProjectServices::getProjectInfo (5 bytes)
Event: 269.331 Thread 0x0000025b4732b000 nmethod 11837 0x0000025b38182f10 code [0x0000025b381830c0, 0x0000025b38183178]
Event: 269.332 Thread 0x0000025b4732b000 11838       3       com.android.build.gradle.internal.services.BaseServicesImpl::getProjectOptions (8 bytes)
Event: 269.332 Thread 0x0000025b4732b000 nmethod 11838 0x0000025b31dc4790 code [0x0000025b31dc4940, 0x0000025b31dc4a58]
Event: 269.332 Thread 0x0000025b4732b000 11839       3       org.gradle.api.internal.artifacts.configurations.MutationValidator$$Lambda$398/0x00000001005adc40::validateMutation (5 bytes)
Event: 269.332 Thread 0x0000025b4732b000 nmethod 11839 0x0000025b31dc4b10 code [0x0000025b31dc4cc0, 0x0000025b31dc4e18]
Event: 269.332 Thread 0x0000025b4732b000 11840       3       org.gradle.api.internal.artifacts.configurations.MutationValidator::lambda$static$0 (1 bytes)
Event: 269.332 Thread 0x0000025b4732b000 nmethod 11840 0x0000025b31dc4f10 code [0x0000025b31dc50c0, 0x0000025b31dc5198]
Event: 269.333 Thread 0x0000025b4732b000 11841       3       org.gradle.internal.event.BroadcastDispatch$CompositeDispatch::<init> (12 bytes)
Event: 269.333 Thread 0x0000025b4732b000 nmethod 11841 0x0000025b31dc5210 code [0x0000025b31dc53e0, 0x0000025b31dc5718]
Event: 269.333 Thread 0x0000025b4732b000 11842       1       com.android.build.gradle.internal.core.VariantDslInfoImpl::getProductFlavorList (5 bytes)
Event: 269.333 Thread 0x0000025b4732b000 nmethod 11842 0x0000025b38183210 code [0x0000025b381833c0, 0x0000025b38183478]
Event: 269.334 Thread 0x0000025b4732b000 11843       3       org.gradle.api.internal.DefaultNamedDomainObjectCollection::assertCanAdd (44 bytes)
Event: 269.335 Thread 0x0000025b4732b000 nmethod 11843 0x0000025b31dc5890 code [0x0000025b31dc5b80, 0x0000025b31dc6bf8]
Event: 269.335 Thread 0x0000025b4732b000 11844       3       org.gradle.util.NameValidator::validate (172 bytes)

GC Heap History (20 events):
Event: 18.055 GC heap before
{Heap before GC invocations=16 (full 0):
 garbage-first heap   total 163840K, used 116135K [0x0000000080000000, 0x0000000100000000)
  region size 1024K, 58 young (59392K), 4 survivors (4096K)
 Metaspace       used 73346K, capacity 75265K, committed 75472K, reserved 1114112K
  class space    used 9490K, capacity 10189K, committed 10240K, reserved 1048576K
}
Event: 18.061 GC heap after
{Heap after GC invocations=17 (full 0):
 garbage-first heap   total 163840K, used 63727K [0x0000000080000000, 0x0000000100000000)
  region size 1024K, 7 young (7168K), 7 survivors (7168K)
 Metaspace       used 73346K, capacity 75265K, committed 75472K, reserved 1114112K
  class space    used 9490K, capacity 10189K, committed 10240K, reserved 1048576K
}
Event: 19.442 GC heap before
{Heap before GC invocations=17 (full 0):
 garbage-first heap   total 163840K, used 120047K [0x0000000080000000, 0x0000000100000000)
  region size 1024K, 62 young (63488K), 7 survivors (7168K)
 Metaspace       used 79087K, capacity 81213K, committed 81488K, reserved 1120256K
  class space    used 10267K, capacity 11064K, committed 11136K, reserved 1048576K
}
Event: 19.450 GC heap after
{Heap after GC invocations=18 (full 0):
 garbage-first heap   total 163840K, used 68566K [0x0000000080000000, 0x0000000100000000)
  region size 1024K, 8 young (8192K), 8 survivors (8192K)
 Metaspace       used 79087K, capacity 81213K, committed 81488K, reserved 1120256K
  class space    used 10267K, capacity 11064K, committed 11136K, reserved 1048576K
}
Event: 22.721 GC heap before
{Heap before GC invocations=18 (full 0):
 garbage-first heap   total 163840K, used 122838K [0x0000000080000000, 0x0000000100000000)
  region size 1024K, 62 young (63488K), 8 survivors (8192K)
 Metaspace       used 84481K, capacity 86601K, committed 86736K, reserved 1124352K
  class space    used 10898K, capacity 11685K, committed 11776K, reserved 1048576K
}
Event: 22.733 GC heap after
{Heap after GC invocations=19 (full 0):
 garbage-first heap   total 163840K, used 72717K [0x0000000080000000, 0x0000000100000000)
  region size 1024K, 5 young (5120K), 5 survivors (5120K)
 Metaspace       used 84481K, capacity 86601K, committed 86736K, reserved 1124352K
  class space    used 10898K, capacity 11685K, committed 11776K, reserved 1048576K
}
Event: 24.028 GC heap before
{Heap before GC invocations=19 (full 0):
 garbage-first heap   total 163840K, used 125965K [0x0000000080000000, 0x0000000100000000)
  region size 1024K, 57 young (58368K), 5 survivors (5120K)
 Metaspace       used 85749K, capacity 88258K, committed 88400K, reserved 1126400K
  class space    used 11134K, capacity 12051K, committed 12160K, reserved 1048576K
}
Event: 24.036 GC heap after
{Heap after GC invocations=20 (full 0):
 garbage-first heap   total 163840K, used 78439K [0x0000000080000000, 0x0000000100000000)
  region size 1024K, 6 young (6144K), 6 survivors (6144K)
 Metaspace       used 85749K, capacity 88258K, committed 88400K, reserved 1126400K
  class space    used 11134K, capacity 12051K, committed 12160K, reserved 1048576K
}
Event: 24.661 GC heap before
{Heap before GC invocations=20 (full 0):
 garbage-first heap   total 163840K, used 127591K [0x0000000080000000, 0x0000000100000000)
  region size 1024K, 55 young (56320K), 6 survivors (6144K)
 Metaspace       used 86356K, capacity 88837K, committed 89168K, reserved 1126400K
  class space    used 11171K, capacity 12078K, committed 12160K, reserved 1048576K
}
Event: 24.667 GC heap after
{Heap after GC invocations=21 (full 0):
 garbage-first heap   total 163840K, used 81829K [0x0000000080000000, 0x0000000100000000)
  region size 1024K, 5 young (5120K), 5 survivors (5120K)
 Metaspace       used 86356K, capacity 88837K, committed 89168K, reserved 1126400K
  class space    used 11171K, capacity 12078K, committed 12160K, reserved 1048576K
}
Event: 25.465 GC heap before
{Heap before GC invocations=21 (full 0):
 garbage-first heap   total 163840K, used 129957K [0x0000000080000000, 0x0000000100000000)
  region size 1024K, 53 young (54272K), 5 survivors (5120K)
 Metaspace       used 86836K, capacity 89277K, committed 89424K, reserved 1126400K
  class space    used 11201K, capacity 12122K, committed 12160K, reserved 1048576K
}
Event: 25.473 GC heap after
{Heap after GC invocations=22 (full 0):
 garbage-first heap   total 163840K, used 84942K [0x0000000080000000, 0x0000000100000000)
  region size 1024K, 5 young (5120K), 5 survivors (5120K)
 Metaspace       used 86836K, capacity 89277K, committed 89424K, reserved 1126400K
  class space    used 11201K, capacity 12122K, committed 12160K, reserved 1048576K
}
Event: 25.980 GC heap before
{Heap before GC invocations=23 (full 0):
 garbage-first heap   total 163840K, used 131022K [0x0000000080000000, 0x0000000100000000)
  region size 1024K, 51 young (52224K), 5 survivors (5120K)
 Metaspace       used 86548K, capacity 88773K, committed 89680K, reserved 1126400K
  class space    used 11088K, capacity 11893K, committed 12160K, reserved 1048576K
}
Event: 25.987 GC heap after
{Heap after GC invocations=24 (full 0):
 garbage-first heap   total 163840K, used 88165K [0x0000000080000000, 0x0000000100000000)
  region size 1024K, 5 young (5120K), 5 survivors (5120K)
 Metaspace       used 86548K, capacity 88773K, committed 89680K, reserved 1126400K
  class space    used 11088K, capacity 11893K, committed 12160K, reserved 1048576K
}
Event: 26.629 GC heap before
{Heap before GC invocations=24 (full 0):
 garbage-first heap   total 163840K, used 132197K [0x0000000080000000, 0x0000000100000000)
  region size 1024K, 49 young (50176K), 5 survivors (5120K)
 Metaspace       used 86652K, capacity 88896K, committed 89680K, reserved 1126400K
  class space    used 11099K, capacity 11933K, committed 12160K, reserved 1048576K
}
Event: 26.637 GC heap after
{Heap after GC invocations=25 (full 0):
 garbage-first heap   total 163840K, used 90534K [0x0000000080000000, 0x0000000100000000)
  region size 1024K, 4 young (4096K), 4 survivors (4096K)
 Metaspace       used 86652K, capacity 88896K, committed 89680K, reserved 1126400K
  class space    used 11099K, capacity 11933K, committed 12160K, reserved 1048576K
}
Event: 27.093 GC heap before
{Heap before GC invocations=26 (full 0):
 garbage-first heap   total 163840K, used 133542K [0x0000000080000000, 0x0000000100000000)
  region size 1024K, 47 young (48128K), 4 survivors (4096K)
 Metaspace       used 86693K, capacity 89027K, committed 89680K, reserved 1126400K
  class space    used 11101K, capacity 11933K, committed 12160K, reserved 1048576K
}
Event: 27.100 GC heap after
{Heap after GC invocations=27 (full 0):
 garbage-first heap   total 163840K, used 93285K [0x0000000080000000, 0x0000000100000000)
  region size 1024K, 4 young (4096K), 4 survivors (4096K)
 Metaspace       used 86693K, capacity 89027K, committed 89680K, reserved 1126400K
  class space    used 11101K, capacity 11933K, committed 12160K, reserved 1048576K
}
Event: 27.536 GC heap before
{Heap before GC invocations=27 (full 0):
 garbage-first heap   total 163840K, used 134245K [0x0000000080000000, 0x0000000100000000)
  region size 1024K, 45 young (46080K), 4 survivors (4096K)
 Metaspace       used 86732K, capacity 89033K, committed 89680K, reserved 1126400K
  class space    used 11102K, capacity 11935K, committed 12160K, reserved 1048576K
}
Event: 27.543 GC heap after
{Heap after GC invocations=28 (full 0):
 garbage-first heap   total 163840K, used 95648K [0x0000000080000000, 0x0000000100000000)
  region size 1024K, 4 young (4096K), 4 survivors (4096K)
 Metaspace       used 86732K, capacity 89033K, committed 89680K, reserved 1126400K
  class space    used 11102K, capacity 11935K, committed 12160K, reserved 1048576K
}

Deoptimization events (20 events):
Event: 268.868 Thread 0x0000025b4a023800 DEOPT PACKING pc=0x0000025b3808179c sp=0x0000006b9fcf92e0
Event: 268.868 Thread 0x0000025b4a023800 DEOPT UNPACKING pc=0x0000025b3009a1af sp=0x0000006b9fcf9288 mode 2
Event: 268.882 Thread 0x0000025b4a023800 DEOPT PACKING pc=0x0000025b3168ed98 sp=0x0000006b9fcf8800
Event: 268.882 Thread 0x0000025b4a023800 DEOPT UNPACKING pc=0x0000025b3009a95e sp=0x0000006b9fcf7d00 mode 0
Event: 268.886 Thread 0x0000025b4a023800 Uncommon trap: trap_request=0xffffffde fr.pc=0x0000025b38082418 relative=0x00000000000004b8
Event: 268.887 Thread 0x0000025b4a023800 Uncommon trap: reason=class_check action=maybe_recompile pc=0x0000025b38082418 method=java.util.Collections.binarySearch(Ljava/util/List;Ljava/lang/Object;Ljava/util/Comparator;)I @ 11 c2
Event: 268.887 Thread 0x0000025b4a023800 DEOPT PACKING pc=0x0000025b38082418 sp=0x0000006b9fcf9360
Event: 268.887 Thread 0x0000025b4a023800 DEOPT UNPACKING pc=0x0000025b3009a1af sp=0x0000006b9fcf9330 mode 2
Event: 268.887 Thread 0x0000025b4a023800 Uncommon trap: trap_request=0xffffffde fr.pc=0x0000025b3808179c relative=0x00000000000003bc
Event: 268.887 Thread 0x0000025b4a023800 Uncommon trap: reason=class_check action=maybe_recompile pc=0x0000025b3808179c method=java.util.Collections.indexedBinarySearch(Ljava/util/List;Ljava/lang/Object;Ljava/util/Comparator;)I @ 3 c2
Event: 268.887 Thread 0x0000025b4a023800 DEOPT PACKING pc=0x0000025b3808179c sp=0x0000006b9fcf92e0
Event: 268.887 Thread 0x0000025b4a023800 DEOPT UNPACKING pc=0x0000025b3009a1af sp=0x0000006b9fcf9288 mode 2
Event: 269.275 Thread 0x0000025b4a023800 Uncommon trap: trap_request=0xffffffc6 fr.pc=0x0000025b37c423f8 relative=0x0000000000000218
Event: 269.275 Thread 0x0000025b4a023800 Uncommon trap: reason=bimorphic_or_optimized_type_check action=maybe_recompile pc=0x0000025b37c423f8 method=com.google.common.base.CharMatcher.indexIn(Ljava/lang/CharSequence;I)I @ 31 c2
Event: 269.275 Thread 0x0000025b4a023800 DEOPT PACKING pc=0x0000025b37c423f8 sp=0x0000006b9fcf8c30
Event: 269.275 Thread 0x0000025b4a023800 DEOPT UNPACKING pc=0x0000025b3009a1af sp=0x0000006b9fcf8bd8 mode 2
Event: 269.320 Thread 0x0000025b4a023800 DEOPT PACKING pc=0x0000025b30a7f211 sp=0x0000006b9fcf9d80
Event: 269.320 Thread 0x0000025b4a023800 DEOPT UNPACKING pc=0x0000025b3009a95e sp=0x0000006b9fcf9258 mode 0
Event: 269.329 Thread 0x0000025b4a023800 DEOPT PACKING pc=0x0000025b313ff3f2 sp=0x0000006b9fcf9d20
Event: 269.329 Thread 0x0000025b4a023800 DEOPT UNPACKING pc=0x0000025b3009a95e sp=0x0000006b9fcf9250 mode 0

Classes redefined (0 events):
No events

Internal exceptions (20 events):
Event: 22.804 Thread 0x0000025b48efb000 Exception <a 'java/lang/NoSuchMethodError'{0x0000000089dfa650}: 'java.lang.Object java.lang.invoke.DirectMethodHandle$Holder.invokeSpecialIFC(java.lang.Object, java.lang.Object, java.lang.Object)'> (0x0000000089dfa650) thrown at [./src/hotspot/share/interpreter/linkResolver.cpp, line 773]
Event: 22.804 Thread 0x0000025b4b39d800 Exception <a 'java/lang/NoSuchMethodError'{0x0000000089ba4548}: 'java.lang.Object java.lang.invoke.DirectMethodHandle$Holder.invokeSpecialIFC(java.lang.Object, java.lang.Object, java.lang.Object)'> (0x0000000089ba4548) thrown at [./src/hotspot/share/interpreter/linkResolver.cpp, line 773]
Event: 22.864 Thread 0x0000025b4b39a800 Exception <a 'java/lang/NoSuchMethodError'{0x0000000089679660}: 'int java.lang.invoke.DirectMethodHandle$Holder.invokeStaticInit(java.lang.Object, java.lang.Object, java.lang.Object, java.lang.Object, java.lang.Object)'> (0x0000000089679660) thrown at [./src/hotspot/share/interpreter/linkResolver.cpp, line 773]
Event: 23.860 Thread 0x0000025b4b39c000 Exception <a 'java/lang/NoSuchMethodError'{0x000000008761e418}: 'void java.lang.invoke.DirectMethodHandle$Holder.invokeVirtual(java.lang.Object, java.lang.Object)'> (0x000000008761e418) thrown at [./src/hotspot/share/interpreter/linkResolver.cpp, line 773]
Event: 23.860 Thread 0x0000025b4b39e800 Exception <a 'java/lang/NoSuchMethodError'{0x00000000878f7ae8}: 'void java.lang.invoke.DirectMethodHandle$Holder.invokeVirtual(java.lang.Object, java.lang.Object)'> (0x00000000878f7ae8) thrown at [./src/hotspot/share/interpreter/linkResolver.cpp, line 773]
Event: 23.861 Thread 0x0000025b4b39d000 Exception <a 'java/lang/NoSuchMethodError'{0x000000008762fa58}: 'void java.lang.invoke.DirectMethodHandle$Holder.invokeVirtual(java.lang.Object, java.lang.Object)'> (0x000000008762fa58) thrown at [./src/hotspot/share/interpreter/linkResolver.cpp, line 773]
Event: 24.372 Thread 0x0000025b48efb000 Exception <a 'java/lang/IncompatibleClassChangeError'{0x00000000886557a0}: Found class java.lang.Object, but interface was expected> (0x00000000886557a0) thrown at [./src/hotspot/share/interpreter/linkResolver.cpp, line 839]
Event: 25.833 Thread 0x0000025b48efb000 Exception <a 'java/lang/NoSuchMethodError'{0x00000000878569f8}: <clinit>> (0x00000000878569f8) thrown at [./src/hotspot/share/prims/jni.cpp, line 1366]
Event: 25.834 Thread 0x0000025b48efb000 Exception <a 'java/lang/NoSuchMethodError'{0x00000000878587d0}: <clinit>> (0x00000000878587d0) thrown at [./src/hotspot/share/prims/jni.cpp, line 1366]
Event: 25.835 Thread 0x0000025b48efb000 Exception <a 'java/lang/NoSuchMethodError'{0x000000008785b718}: <clinit>> (0x000000008785b718) thrown at [./src/hotspot/share/prims/jni.cpp, line 1366]
Event: 25.838 Thread 0x0000025b48efb000 Exception <a 'java/lang/NoSuchMethodError'{0x0000000087881a70}: <clinit>> (0x0000000087881a70) thrown at [./src/hotspot/share/prims/jni.cpp, line 1366]
Event: 25.839 Thread 0x0000025b48efb000 Exception <a 'java/lang/NoSuchMethodError'{0x0000000087883748}: <clinit>> (0x0000000087883748) thrown at [./src/hotspot/share/prims/jni.cpp, line 1366]
Event: 26.382 Thread 0x0000025b48efb000 Exception <a 'java/lang/NoSuchMethodError'{0x0000000088ba2348}: 'int java.lang.invoke.DirectMethodHandle$Holder.invokeSpecial(java.lang.Object, java.lang.Object, java.lang.Object, java.lang.Object, java.lang.Object)'> (0x0000000088ba2348) thrown at [./src/hotspot/share/interpreter/linkResolver.cpp, line 773]
Event: 27.790 Thread 0x0000025b48efb000 Implicit null exception at 0x0000025b380d219c to 0x0000025b380d2bf0
Event: 27.804 Thread 0x0000025b48efb000 Exception <a 'java/lang/NoSuchMethodError'{0x00000000897296b0}: 'int java.lang.invoke.DirectMethodHandle$Holder.invokeVirtual(java.lang.Object, java.lang.Object, java.lang.Object)'> (0x00000000897296b0) thrown at [./src/hotspot/share/interpreter/linkResolver.cpp, line 773]
Event: 27.938 Thread 0x0000025b48efb000 Implicit null exception at 0x0000025b380f7867 to 0x0000025b380f7c1c
Event: 34.661 Thread 0x0000025b49ad9000 Implicit null exception at 0x0000025b37b55e74 to 0x0000025b37b56404
Event: 34.662 Thread 0x0000025b49ad9000 Implicit null exception at 0x0000025b37f27a94 to 0x0000025b37f280e4
Event: 268.658 Thread 0x0000025b4a023800 Implicit null exception at 0x0000025b381283aa to 0x0000025b38129e98
Event: 269.307 Thread 0x0000025b4a023800 Exception <a 'sun/nio/fs/WindowsException'{0x0000000087d48058}> (0x0000000087d48058) thrown at [./src/hotspot/share/prims/jni.cpp, line 616]

Events (20 events):
Event: 269.234 Thread 0x0000025b4b394800 Thread added: 0x0000025b4b394800
Event: 269.235 Thread 0x0000025b4b39d800 Thread added: 0x0000025b4b39d800
Event: 269.235 Thread 0x0000025b4b39b000 Thread added: 0x0000025b4b39b000
Event: 269.235 Thread 0x0000025b4b39c000 Thread added: 0x0000025b4b39c000
Event: 269.235 Thread 0x0000025b4b39e800 Thread added: 0x0000025b4b39e800
Event: 269.236 Thread 0x0000025b4b39f800 Thread added: 0x0000025b4b39f800
Event: 269.277 Executing VM operation: RevokeBias
Event: 269.277 Executing VM operation: RevokeBias done
Event: 269.288 Executing VM operation: RevokeBias
Event: 269.288 Executing VM operation: RevokeBias done
Event: 269.300 Executing VM operation: RevokeBias
Event: 269.300 Executing VM operation: RevokeBias done
Event: 269.316 Executing VM operation: RevokeBias
Event: 269.316 Executing VM operation: RevokeBias done
Event: 269.316 Executing VM operation: RevokeBias
Event: 269.317 Executing VM operation: RevokeBias done
Event: 269.319 Executing VM operation: RevokeBias
Event: 269.319 Executing VM operation: RevokeBias done
Event: 269.320 Executing VM operation: RevokeBias
Event: 269.320 Executing VM operation: RevokeBias done


Dynamic libraries:
0x00007ff6418c0000 - 0x00007ff6418ca000 	C:\Program Files\Android\Android Studio1\jre\bin\java.exe
0x00007ffd1d7d0000 - 0x00007ffd1d9c8000 	C:\WINDOWS\SYSTEM32\ntdll.dll
0x00007ffd1c830000 - 0x00007ffd1c8ef000 	C:\WINDOWS\System32\KERNEL32.DLL
0x00007ffd1b150000 - 0x00007ffd1b422000 	C:\WINDOWS\System32\KERNELBASE.dll
0x00007ffd1b540000 - 0x00007ffd1b640000 	C:\WINDOWS\System32\ucrtbase.dll
0x00007ffcf4290000 - 0x00007ffcf42a9000 	C:\Program Files\Android\Android Studio1\jre\bin\jli.dll
0x00007ffd1bcd0000 - 0x00007ffd1be71000 	C:\WINDOWS\System32\USER32.dll
0x00007ffd1aec0000 - 0x00007ffd1aee2000 	C:\WINDOWS\System32\win32u.dll
0x00007ffd0b1e0000 - 0x00007ffd0b47a000 	C:\WINDOWS\WinSxS\amd64_microsoft.windows.common-controls_6595b64144ccf1df_6.0.19041.1110_none_60b5254171f9507e\COMCTL32.dll
0x00007ffcf2680000 - 0x00007ffcf2697000 	C:\Program Files\Android\Android Studio1\jre\bin\VCRUNTIME140.dll
0x00007ffd1cb40000 - 0x00007ffd1cb6b000 	C:\WINDOWS\System32\GDI32.dll
0x00007ffd1d6e0000 - 0x00007ffd1d77e000 	C:\WINDOWS\System32\msvcrt.dll
0x00007ffd1b430000 - 0x00007ffd1b53f000 	C:\WINDOWS\System32\gdi32full.dll
0x00007ffd1b080000 - 0x00007ffd1b11d000 	C:\WINDOWS\System32\msvcp_win.dll
0x00007ffd1d510000 - 0x00007ffd1d542000 	C:\WINDOWS\System32\IMM32.DLL
0x00007ffccdb30000 - 0x00007ffccdbcd000 	C:\Program Files\Android\Android Studio1\jre\bin\msvcp140.dll
0x00007ffcba470000 - 0x00007ffcbaf72000 	C:\Program Files\Android\Android Studio1\jre\bin\server\jvm.dll
0x00007ffd1d630000 - 0x00007ffd1d6de000 	C:\WINDOWS\System32\ADVAPI32.dll
0x00007ffd1caa0000 - 0x00007ffd1cb3c000 	C:\WINDOWS\System32\sechost.dll
0x00007ffd1c8f0000 - 0x00007ffd1ca15000 	C:\WINDOWS\System32\RPCRT4.dll
0x00007ffd1d780000 - 0x00007ffd1d788000 	C:\WINDOWS\System32\PSAPI.DLL
0x00007ffd15c70000 - 0x00007ffd15c79000 	C:\WINDOWS\SYSTEM32\WSOCK32.dll
0x00007ffd11c20000 - 0x00007ffd11c47000 	C:\WINDOWS\SYSTEM32\WINMM.dll
0x00007ffd14980000 - 0x00007ffd1498a000 	C:\WINDOWS\SYSTEM32\VERSION.dll
0x00007ffd1c7b0000 - 0x00007ffd1c81b000 	C:\WINDOWS\System32\WS2_32.dll
0x00007ffd18d80000 - 0x00007ffd18d92000 	C:\WINDOWS\SYSTEM32\kernel.appcore.dll
0x00007ffd16220000 - 0x00007ffd16231000 	C:\Program Files\Android\Android Studio1\jre\bin\verify.dll
0x00007ffd0c320000 - 0x00007ffd0c504000 	C:\WINDOWS\SYSTEM32\DBGHELP.DLL
0x00007ffd08840000 - 0x00007ffd08875000 	C:\WINDOWS\SYSTEM32\dbgcore.DLL
0x00007ffd1aef0000 - 0x00007ffd1af72000 	C:\WINDOWS\System32\bcryptPrimitives.dll
0x00007ffd02ff0000 - 0x00007ffd03019000 	C:\Program Files\Android\Android Studio1\jre\bin\java.dll
0x00007ffd15c80000 - 0x00007ffd15c8b000 	C:\Program Files\Android\Android Studio1\jre\bin\jimage.dll
0x00007ffd15b90000 - 0x00007ffd15ba8000 	C:\Program Files\Android\Android Studio1\jre\bin\zip.dll
0x00007ffd1cca0000 - 0x00007ffd1d3e4000 	C:\WINDOWS\System32\SHELL32.dll
0x00007ffd18f80000 - 0x00007ffd19712000 	C:\WINDOWS\SYSTEM32\windows.storage.dll
0x00007ffd1b8a0000 - 0x00007ffd1bbf5000 	C:\WINDOWS\System32\combase.dll
0x00007ffd1a920000 - 0x00007ffd1a950000 	C:\WINDOWS\SYSTEM32\Wldp.dll
0x00007ffd1c490000 - 0x00007ffd1c53d000 	C:\WINDOWS\System32\SHCORE.dll
0x00007ffd1c6f0000 - 0x00007ffd1c745000 	C:\WINDOWS\System32\shlwapi.dll
0x00007ffd1ae00000 - 0x00007ffd1ae1f000 	C:\WINDOWS\SYSTEM32\profapi.dll
0x00007ffd14340000 - 0x00007ffd1435a000 	C:\Program Files\Android\Android Studio1\jre\bin\net.dll
0x00007ffd11ec0000 - 0x00007ffd11fcc000 	C:\WINDOWS\SYSTEM32\WINHTTP.dll
0x00007ffd1a680000 - 0x00007ffd1a6ea000 	C:\WINDOWS\system32\mswsock.dll
0x00007ffd0bb40000 - 0x00007ffd0bb54000 	C:\Program Files\Android\Android Studio1\jre\bin\nio.dll
0x00007ffcf0170000 - 0x00007ffcf0197000 	C:\Users\User\.gradle\native\8bec1ad78214c89d9ad589b4d07fe93259594b29d510b10fafb7a158f7737e5d\windows-amd64\native-platform.dll
0x00007ffccc620000 - 0x00007ffccc75d000 	C:\Users\User\.gradle\native\53dbd7edfb1c66fb8903c78663c9afc45aea4f116125fa6feffd364cf09443e8\windows-amd64\native-platform-file-events.dll
0x00007ffd15210000 - 0x00007ffd1521a000 	C:\Program Files\Android\Android Studio1\jre\bin\management.dll
0x00007ffd15130000 - 0x00007ffd1513d000 	C:\Program Files\Android\Android Studio1\jre\bin\management_ext.dll
0x00007ffd1a870000 - 0x00007ffd1a888000 	C:\WINDOWS\SYSTEM32\CRYPTSP.dll
0x00007ffd19f30000 - 0x00007ffd19f64000 	C:\WINDOWS\system32\rsaenh.dll
0x00007ffd1b120000 - 0x00007ffd1b147000 	C:\WINDOWS\System32\bcrypt.dll
0x00007ffd1adc0000 - 0x00007ffd1adee000 	C:\WINDOWS\SYSTEM32\USERENV.dll
0x00007ffd1a890000 - 0x00007ffd1a89c000 	C:\WINDOWS\SYSTEM32\CRYPTBASE.dll
0x00007ffd1a320000 - 0x00007ffd1a35b000 	C:\WINDOWS\SYSTEM32\IPHLPAPI.DLL
0x00007ffd1c820000 - 0x00007ffd1c828000 	C:\WINDOWS\System32\NSI.dll
0x00007ffd12150000 - 0x00007ffd12167000 	C:\WINDOWS\SYSTEM32\dhcpcsvc6.DLL
0x00007ffd12fd0000 - 0x00007ffd12fed000 	C:\WINDOWS\SYSTEM32\dhcpcsvc.DLL
0x00007ffd1a370000 - 0x00007ffd1a43a000 	C:\WINDOWS\SYSTEM32\DNSAPI.dll
0x00007ffcf2390000 - 0x00007ffcf23b7000 	C:\Program Files\Android\Android Studio1\jre\bin\sunec.dll
0x00007ffcef6a0000 - 0x00007ffcef739000 	C:\WINDOWS\system32\XunYouNt64.dll
0x00007ffd0d760000 - 0x00007ffd0d76a000 	C:\Windows\System32\rasadhlp.dll
0x00007ffd0b630000 - 0x00007ffd0b6b0000 	C:\WINDOWS\System32\fwpuclnt.dll

dbghelp: loaded successfully - version: 4.0.5 - missing functions: none
symbol engine: initialized successfully - sym options: 0x614 - pdb path: .;C:\Program Files\Android\Android Studio1\jre\bin;C:\WINDOWS\SYSTEM32;C:\WINDOWS\WinSxS\amd64_microsoft.windows.common-controls_6595b64144ccf1df_6.0.19041.1110_none_60b5254171f9507e;C:\Program Files\Android\Android Studio1\jre\bin\server;C:\Users\User\.gradle\native\8bec1ad78214c89d9ad589b4d07fe93259594b29d510b10fafb7a158f7737e5d\windows-amd64;C:\Users\User\.gradle\native\53dbd7edfb1c66fb8903c78663c9afc45aea4f116125fa6feffd364cf09443e8\windows-amd64

VM Arguments:
jvm_args: --add-opens=java.base/java.util=ALL-UNNAMED --add-opens=java.base/java.lang=ALL-UNNAMED --add-opens=java.base/java.lang.invoke=ALL-UNNAMED --add-opens=java.base/java.util=ALL-UNNAMED --add-opens=java.prefs/java.util.prefs=ALL-UNNAMED --add-opens=java.prefs/java.util.prefs=ALL-UNNAMED --add-opens=java.base/java.nio.charset=ALL-UNNAMED --add-opens=java.base/java.net=ALL-UNNAMED --add-opens=java.base/java.util.concurrent.atomic=ALL-UNNAMED -Xmx2048m -Dfile.encoding=UTF-8 -Duser.country=US -Duser.language=en -Duser.variant 
java_command: org.gradle.launcher.daemon.bootstrap.GradleDaemon 7.0.2
java_class_path (initial): C:\Users\User\.gradle\wrapper\dists\gradle-7.0.2-bin\857tjihv64xamwrf0h14cai3r\gradle-7.0.2\lib\gradle-launcher-7.0.2.jar
Launcher Type: SUN_STANDARD

[Global flags]
     intx CICompilerCount                          = 4                                         {product} {ergonomic}
     uint ConcGCThreads                            = 2                                         {product} {ergonomic}
     uint G1ConcRefinementThreads                  = 8                                         {product} {ergonomic}
   size_t G1HeapRegionSize                         = 1048576                                   {product} {ergonomic}
    uintx GCDrainStackTargetSize                   = 64                                        {product} {ergonomic}
   size_t InitialHeapSize                          = 167772160                                 {product} {ergonomic}
   size_t MarkStackSize                            = 4194304                                   {product} {ergonomic}
   size_t MaxHeapSize                              = 2147483648                                {product} {command line}
   size_t MaxNewSize                               = 1287651328                                {product} {ergonomic}
   size_t MinHeapDeltaBytes                        = 1048576                                   {product} {ergonomic}
    uintx NonNMethodCodeHeapSize                   = 5836300                                {pd product} {ergonomic}
    uintx NonProfiledCodeHeapSize                  = 122910970                              {pd product} {ergonomic}
    uintx ProfiledCodeHeapSize                     = 122910970                              {pd product} {ergonomic}
    uintx ReservedCodeCacheSize                    = 251658240                              {pd product} {ergonomic}
     bool SegmentedCodeCache                       = true                                      {product} {ergonomic}
     bool UseCompressedClassPointers               = true                                 {lp64_product} {ergonomic}
     bool UseCompressedOops                        = true                                 {lp64_product} {ergonomic}
     bool UseG1GC                                  = true                                      {product} {ergonomic}
     bool UseLargePagesIndividualAllocation        = false                                  {pd product} {ergonomic}

Logging:
Log output configuration:
 #0: stdout all=warning uptime,level,tags
 #1: stderr all=off uptime,level,tags

Environment Variables:
CLASSPATH=C:\Program Files\Java\jdk-18.0.1\bin
PATH=C:\Program Files\Eclipse Adoptium\jdk-17.0.2.8-hotspot\bin;C:\Program Files\Common Files\Oracle\Java\javapath;C:\Program Files (x86)\Common Files\Oracle\Java\javapath;C:\Windows\system32;C:\Windows;C:\Windows\System32\Wbem;C:\Windows\System32\WindowsPowerShell\v1.0\;C:\Windows\System32\OpenSSH\;C:\Program Files (x86)\NVIDIA Corporation\PhysX\Common;C:\Program Files\NVIDIA Corporation\NVIDIA NvDLISR;C:\WINDOWS\system32;C:\WINDOWS;C:\WINDOWS\System32\Wbem;C:\WINDOWS\System32\WindowsPowerShell\v1.0\;C:\WINDOWS\System32\OpenSSH\;C:\xampp\php;C:\ProgramData\ComposerSetup\bin;C:\Program Files\Git\cmd;C:\Program Files (x86)\dotnet\;C:\Program Files\dotnet\;C:\Program Files\Java\jdk-18\bin;C:\Program Files\nodejs\;C:\Users\User\AppData\Local\Microsoft\WindowsApps;C:\Users\User\AppData\Roaming\Composer\vendor\bin;C:\src\flutter\bin;C:\Users\User\AppData\Local\Programs\Microsoft VS Code\bin;C:\Users\User\AppData\Roaming\npm
USERNAME=User
OS=Windows_NT
PROCESSOR_IDENTIFIER=AMD64 Family 23 Model 24 Stepping 1, AuthenticAMD



---------------  S Y S T E M  ---------------

OS: Windows 10 , 64 bit Build 19041 (10.0.19041.2364)
OS uptime: 1 days 7:54 hours

CPU:total 8 (initial active 8) (8 cores per cpu, 2 threads per core) family 23 model 24 stepping 1 microcode 0x0, cmov, cx8, fxsr, mmx, sse, sse2, sse3, ssse3, sse4.1, sse4.2, popcnt, avx, avx2, aes, clmul, mmxext, 3dnowpref, lzcnt, sse4a, ht, tsc, tscinvbit, tscinv, bmi1, bmi2, adx, sha, fma

Memory: 4k page, system-wide physical 10178M (347M free)
TotalPageFile size 20178M (AvailPageFile size 0M)
current process WorkingSet (physical memory assigned to process): 390M, peak: 423M
current process commit charge ("private bytes"): 434M, peak: 459M

vm_info: OpenJDK 64-Bit Server VM (11.0.13+0-b1751.21-8125866) for windows-amd64 JRE (11.0.13+0-b1751.21-8125866), built on Feb  2 2022 03:00:22 by "builder" with MS VC++ 14.0 (VS2015)

END.
